{"C:\\Users\\Emma Ramirez\\Code\\Clickopolis\\src\\classes\\achievement.ts": {"path":"C:\\Users\\Emma Ramirez\\Code\\Clickopolis\\src\\classes\\achievement.ts","statementMap":{"0":{"start":{"line":1,"column":13},"end":{"line":1,"column":42}},"1":{"start":{"line":1,"column":42},"end":{"line":1,"column":55}},"2":{"start":{"line":2,"column":0},"end":{"line":2,"column":62}},"3":{"start":{"line":3,"column":14},"end":{"line":3,"column":33}},"4":{"start":{"line":4,"column":8},"end":{"line":4,"column":27}},"5":{"start":{"line":5,"column":19},"end":{"line":16,"column":3}},"6":{"start":{"line":7,"column":8},"end":{"line":7,"column":80}},"7":{"start":{"line":7,"column":36},"end":{"line":7,"column":78}},"8":{"start":{"line":7,"column":62},"end":{"line":7,"column":75}},"9":{"start":{"line":8,"column":8},"end":{"line":8,"column":54}},"10":{"start":{"line":8,"column":35},"end":{"line":8,"column":52}},"11":{"start":{"line":9,"column":8},"end":{"line":9,"column":25}},"12":{"start":{"line":10,"column":8},"end":{"line":10,"column":43}},"13":{"start":{"line":11,"column":8},"end":{"line":11,"column":39}},"14":{"start":{"line":12,"column":8},"end":{"line":12,"column":34}},"15":{"start":{"line":13,"column":8},"end":{"line":13,"column":33}},"16":{"start":{"line":15,"column":4},"end":{"line":15,"column":23}},"17":{"start":{"line":17,"column":0},"end":{"line":17,"column":34}}},"fnMap":{"0":{"name":"(anonymous_0)","decl":{"start":{"line":5,"column":19},"end":{"line":5,"column":20}},"loc":{"start":{"line":5,"column":31},"end":{"line":16,"column":1}}},"1":{"name":"Achievement","decl":{"start":{"line":6,"column":13},"end":{"line":6,"column":24}},"loc":{"start":{"line":6,"column":65},"end":{"line":14,"column":5}}},"2":{"name":"(anonymous_2)","decl":{"start":{"line":7,"column":48},"end":{"line":7,"column":49}},"loc":{"start":{"line":7,"column":60},"end":{"line":7,"column":77}}}},"branchMap":{"0":{"loc":{"start":{"line":7,"column":8},"end":{"line":7,"column":80}},"type":"if","locations":[{"start":{"line":7,"column":8},"end":{"line":7,"column":80}},{"start":{"line":7,"column":8},"end":{"line":7,"column":80}}]},"1":{"loc":{"start":{"line":8,"column":8},"end":{"line":8,"column":54}},"type":"if","locations":[{"start":{"line":8,"column":8},"end":{"line":8,"column":54}},{"start":{"line":8,"column":8},"end":{"line":8,"column":54}}]}},"s":{"0":1,"1":1,"2":1,"3":1,"4":1,"5":1,"6":6,"7":0,"8":0,"9":6,"10":6,"11":6,"12":6,"13":6,"14":6,"15":6,"16":1,"17":1},"f":{"0":1,"1":6,"2":0},"b":{"0":[0,6],"1":[6,0]},"_coverageSchema":"332fd63041d2c1bcb487cc26dd0d5f7d97098a6c","hash":"b4126d2d39ccecde9558a4a11f52da79f5800afa"}
,"C:\\Users\\Emma Ramirez\\Code\\Clickopolis\\src\\classes\\biome.ts": {"path":"C:\\Users\\Emma Ramirez\\Code\\Clickopolis\\src\\classes\\biome.ts","statementMap":{"0":{"start":{"line":1,"column":13},"end":{"line":1,"column":42}},"1":{"start":{"line":1,"column":42},"end":{"line":1,"column":55}},"2":{"start":{"line":2,"column":0},"end":{"line":2,"column":62}},"3":{"start":{"line":3,"column":13},"end":{"line":8,"column":3}},"4":{"start":{"line":5,"column":8},"end":{"line":5,"column":25}},"5":{"start":{"line":7,"column":4},"end":{"line":7,"column":17}},"6":{"start":{"line":9,"column":0},"end":{"line":9,"column":22}},"7":{"start":{"line":10,"column":14},"end":{"line":14,"column":3}},"8":{"start":{"line":13,"column":4},"end":{"line":13,"column":18}},"9":{"start":{"line":15,"column":0},"end":{"line":15,"column":24}}},"fnMap":{"0":{"name":"(anonymous_0)","decl":{"start":{"line":3,"column":13},"end":{"line":3,"column":14}},"loc":{"start":{"line":3,"column":25},"end":{"line":8,"column":1}}},"1":{"name":"Biome","decl":{"start":{"line":4,"column":13},"end":{"line":4,"column":18}},"loc":{"start":{"line":4,"column":25},"end":{"line":6,"column":5}}},"2":{"name":"(anonymous_2)","decl":{"start":{"line":10,"column":14},"end":{"line":10,"column":15}},"loc":{"start":{"line":10,"column":26},"end":{"line":14,"column":1}}},"3":{"name":"IBiome","decl":{"start":{"line":11,"column":13},"end":{"line":11,"column":19}},"loc":{"start":{"line":11,"column":22},"end":{"line":12,"column":5}}}},"branchMap":{},"s":{"0":1,"1":1,"2":1,"3":1,"4":0,"5":1,"6":1,"7":1,"8":1,"9":1},"f":{"0":1,"1":0,"2":1,"3":0},"b":{},"_coverageSchema":"332fd63041d2c1bcb487cc26dd0d5f7d97098a6c","hash":"6eb33046778dc86bd6c2e4915ddb49708ce1de88"}
,"C:\\Users\\Emma Ramirez\\Code\\Clickopolis\\src\\classes\\building.ts": {"path":"C:\\Users\\Emma Ramirez\\Code\\Clickopolis\\src\\classes\\building.ts","statementMap":{"0":{"start":{"line":1,"column":13},"end":{"line":1,"column":42}},"1":{"start":{"line":1,"column":42},"end":{"line":1,"column":55}},"2":{"start":{"line":2,"column":0},"end":{"line":2,"column":62}},"3":{"start":{"line":3,"column":16},"end":{"line":17,"column":3}},"4":{"start":{"line":5,"column":8},"end":{"line":5,"column":45}},"5":{"start":{"line":5,"column":31},"end":{"line":5,"column":43}},"6":{"start":{"line":6,"column":8},"end":{"line":6,"column":25}},"7":{"start":{"line":7,"column":8},"end":{"line":7,"column":29}},"8":{"start":{"line":8,"column":8},"end":{"line":8,"column":33}},"9":{"start":{"line":9,"column":8},"end":{"line":9,"column":33}},"10":{"start":{"line":10,"column":8},"end":{"line":10,"column":39}},"11":{"start":{"line":11,"column":8},"end":{"line":11,"column":29}},"12":{"start":{"line":12,"column":8},"end":{"line":12,"column":31}},"13":{"start":{"line":13,"column":8},"end":{"line":13,"column":31}},"14":{"start":{"line":14,"column":8},"end":{"line":14,"column":25}},"15":{"start":{"line":16,"column":4},"end":{"line":16,"column":20}},"16":{"start":{"line":18,"column":0},"end":{"line":18,"column":28}}},"fnMap":{"0":{"name":"(anonymous_0)","decl":{"start":{"line":3,"column":16},"end":{"line":3,"column":17}},"loc":{"start":{"line":3,"column":28},"end":{"line":17,"column":1}}},"1":{"name":"Building","decl":{"start":{"line":4,"column":13},"end":{"line":4,"column":21}},"loc":{"start":{"line":4,"column":101},"end":{"line":15,"column":5}}}},"branchMap":{"0":{"loc":{"start":{"line":5,"column":8},"end":{"line":5,"column":45}},"type":"if","locations":[{"start":{"line":5,"column":8},"end":{"line":5,"column":45}},{"start":{"line":5,"column":8},"end":{"line":5,"column":45}}]}},"s":{"0":1,"1":1,"2":1,"3":1,"4":23,"5":10,"6":23,"7":23,"8":23,"9":23,"10":23,"11":23,"12":23,"13":23,"14":23,"15":1,"16":1},"f":{"0":1,"1":23},"b":{"0":[10,13]},"_coverageSchema":"332fd63041d2c1bcb487cc26dd0d5f7d97098a6c","hash":"d46572bb5339082d8d80c2133fbd5164b0180848"}
,"C:\\Users\\Emma Ramirez\\Code\\Clickopolis\\src\\classes\\citizen.ts": {"path":"C:\\Users\\Emma Ramirez\\Code\\Clickopolis\\src\\classes\\citizen.ts","statementMap":{"0":{"start":{"line":1,"column":13},"end":{"line":1,"column":42}},"1":{"start":{"line":1,"column":42},"end":{"line":1,"column":55}},"2":{"start":{"line":2,"column":0},"end":{"line":2,"column":62}},"3":{"start":{"line":3,"column":15},"end":{"line":20,"column":3}},"4":{"start":{"line":5,"column":8},"end":{"line":5,"column":51}},"5":{"start":{"line":5,"column":34},"end":{"line":5,"column":49}},"6":{"start":{"line":6,"column":8},"end":{"line":6,"column":52}},"7":{"start":{"line":6,"column":34},"end":{"line":6,"column":50}},"8":{"start":{"line":7,"column":8},"end":{"line":7,"column":25}},"9":{"start":{"line":8,"column":8},"end":{"line":8,"column":27}},"10":{"start":{"line":9,"column":8},"end":{"line":9,"column":27}},"11":{"start":{"line":10,"column":8},"end":{"line":10,"column":29}},"12":{"start":{"line":11,"column":8},"end":{"line":11,"column":39}},"13":{"start":{"line":12,"column":8},"end":{"line":12,"column":33}},"14":{"start":{"line":13,"column":8},"end":{"line":13,"column":33}},"15":{"start":{"line":14,"column":8},"end":{"line":14,"column":33}},"16":{"start":{"line":15,"column":8},"end":{"line":15,"column":33}},"17":{"start":{"line":16,"column":8},"end":{"line":16,"column":31}},"18":{"start":{"line":17,"column":8},"end":{"line":17,"column":31}},"19":{"start":{"line":19,"column":4},"end":{"line":19,"column":19}},"20":{"start":{"line":21,"column":0},"end":{"line":21,"column":26}}},"fnMap":{"0":{"name":"(anonymous_0)","decl":{"start":{"line":3,"column":15},"end":{"line":3,"column":16}},"loc":{"start":{"line":3,"column":27},"end":{"line":20,"column":1}}},"1":{"name":"Citizen","decl":{"start":{"line":4,"column":13},"end":{"line":4,"column":20}},"loc":{"start":{"line":4,"column":120},"end":{"line":18,"column":5}}}},"branchMap":{"0":{"loc":{"start":{"line":5,"column":8},"end":{"line":5,"column":51}},"type":"if","locations":[{"start":{"line":5,"column":8},"end":{"line":5,"column":51}},{"start":{"line":5,"column":8},"end":{"line":5,"column":51}}]},"1":{"loc":{"start":{"line":6,"column":8},"end":{"line":6,"column":52}},"type":"if","locations":[{"start":{"line":6,"column":8},"end":{"line":6,"column":52}},{"start":{"line":6,"column":8},"end":{"line":6,"column":52}}]}},"s":{"0":1,"1":1,"2":1,"3":1,"4":9,"5":1,"6":9,"7":1,"8":9,"9":9,"10":9,"11":9,"12":9,"13":9,"14":9,"15":9,"16":9,"17":9,"18":9,"19":1,"20":1},"f":{"0":1,"1":9},"b":{"0":[1,8],"1":[1,8]},"_coverageSchema":"332fd63041d2c1bcb487cc26dd0d5f7d97098a6c","hash":"359ea18170a270c18a2320126a7eadd3929546d6"}
,"C:\\Users\\Emma Ramirez\\Code\\Clickopolis\\src\\classes\\civilization.ts": {"path":"C:\\Users\\Emma Ramirez\\Code\\Clickopolis\\src\\classes\\civilization.ts","statementMap":{"0":{"start":{"line":1,"column":13},"end":{"line":1,"column":42}},"1":{"start":{"line":1,"column":42},"end":{"line":1,"column":55}},"2":{"start":{"line":2,"column":0},"end":{"line":2,"column":62}},"3":{"start":{"line":3,"column":20},"end":{"line":89,"column":3}},"4":{"start":{"line":5,"column":8},"end":{"line":5,"column":31}},"5":{"start":{"line":6,"column":8},"end":{"line":6,"column":37}},"6":{"start":{"line":7,"column":8},"end":{"line":7,"column":29}},"7":{"start":{"line":8,"column":8},"end":{"line":8,"column":29}},"8":{"start":{"line":9,"column":8},"end":{"line":9,"column":31}},"9":{"start":{"line":10,"column":8},"end":{"line":10,"column":27}},"10":{"start":{"line":11,"column":8},"end":{"line":11,"column":30}},"11":{"start":{"line":12,"column":8},"end":{"line":12,"column":32}},"12":{"start":{"line":13,"column":8},"end":{"line":13,"column":40}},"13":{"start":{"line":14,"column":8},"end":{"line":14,"column":38}},"14":{"start":{"line":15,"column":8},"end":{"line":15,"column":39}},"15":{"start":{"line":16,"column":8},"end":{"line":16,"column":40}},"16":{"start":{"line":17,"column":8},"end":{"line":17,"column":45}},"17":{"start":{"line":18,"column":8},"end":{"line":18,"column":43}},"18":{"start":{"line":19,"column":8},"end":{"line":19,"column":37}},"19":{"start":{"line":20,"column":8},"end":{"line":20,"column":30}},"20":{"start":{"line":21,"column":8},"end":{"line":21,"column":23}},"21":{"start":{"line":22,"column":8},"end":{"line":22,"column":26}},"22":{"start":{"line":23,"column":8},"end":{"line":23,"column":37}},"23":{"start":{"line":24,"column":8},"end":{"line":24,"column":24}},"24":{"start":{"line":25,"column":8},"end":{"line":25,"column":29}},"25":{"start":{"line":26,"column":8},"end":{"line":26,"column":37}},"26":{"start":{"line":27,"column":8},"end":{"line":27,"column":37}},"27":{"start":{"line":28,"column":8},"end":{"line":28,"column":27}},"28":{"start":{"line":29,"column":8},"end":{"line":29,"column":41}},"29":{"start":{"line":30,"column":8},"end":{"line":30,"column":40}},"30":{"start":{"line":31,"column":8},"end":{"line":31,"column":43}},"31":{"start":{"line":32,"column":8},"end":{"line":32,"column":40}},"32":{"start":{"line":33,"column":8},"end":{"line":33,"column":30}},"33":{"start":{"line":34,"column":8},"end":{"line":34,"column":23}},"34":{"start":{"line":35,"column":8},"end":{"line":35,"column":24}},"35":{"start":{"line":36,"column":8},"end":{"line":36,"column":30}},"36":{"start":{"line":37,"column":8},"end":{"line":37,"column":30}},"37":{"start":{"line":38,"column":8},"end":{"line":38,"column":35}},"38":{"start":{"line":39,"column":8},"end":{"line":39,"column":36}},"39":{"start":{"line":40,"column":8},"end":{"line":40,"column":28}},"40":{"start":{"line":41,"column":8},"end":{"line":41,"column":35}},"41":{"start":{"line":42,"column":8},"end":{"line":42,"column":40}},"42":{"start":{"line":43,"column":8},"end":{"line":43,"column":29}},"43":{"start":{"line":44,"column":8},"end":{"line":44,"column":28}},"44":{"start":{"line":45,"column":8},"end":{"line":45,"column":63}},"45":{"start":{"line":46,"column":8},"end":{"line":46,"column":28}},"46":{"start":{"line":47,"column":8},"end":{"line":47,"column":39}},"47":{"start":{"line":48,"column":8},"end":{"line":48,"column":35}},"48":{"start":{"line":49,"column":8},"end":{"line":49,"column":36}},"49":{"start":{"line":50,"column":8},"end":{"line":50,"column":22}},"50":{"start":{"line":51,"column":8},"end":{"line":51,"column":24}},"51":{"start":{"line":52,"column":8},"end":{"line":52,"column":36}},"52":{"start":{"line":53,"column":8},"end":{"line":53,"column":37}},"53":{"start":{"line":54,"column":8},"end":{"line":54,"column":47}},"54":{"start":{"line":55,"column":8},"end":{"line":55,"column":36}},"55":{"start":{"line":56,"column":8},"end":{"line":56,"column":39}},"56":{"start":{"line":57,"column":8},"end":{"line":57,"column":26}},"57":{"start":{"line":58,"column":8},"end":{"line":58,"column":28}},"58":{"start":{"line":59,"column":8},"end":{"line":59,"column":31}},"59":{"start":{"line":60,"column":8},"end":{"line":60,"column":40}},"60":{"start":{"line":61,"column":8},"end":{"line":61,"column":23}},"61":{"start":{"line":62,"column":8},"end":{"line":62,"column":23}},"62":{"start":{"line":63,"column":8},"end":{"line":63,"column":25}},"63":{"start":{"line":64,"column":8},"end":{"line":64,"column":27}},"64":{"start":{"line":65,"column":8},"end":{"line":65,"column":41}},"65":{"start":{"line":66,"column":8},"end":{"line":66,"column":41}},"66":{"start":{"line":67,"column":8},"end":{"line":67,"column":25}},"67":{"start":{"line":68,"column":8},"end":{"line":68,"column":27}},"68":{"start":{"line":69,"column":8},"end":{"line":69,"column":30}},"69":{"start":{"line":70,"column":8},"end":{"line":70,"column":35}},"70":{"start":{"line":71,"column":8},"end":{"line":71,"column":33}},"71":{"start":{"line":72,"column":8},"end":{"line":72,"column":27}},"72":{"start":{"line":73,"column":8},"end":{"line":73,"column":31}},"73":{"start":{"line":74,"column":8},"end":{"line":74,"column":39}},"74":{"start":{"line":75,"column":8},"end":{"line":75,"column":38}},"75":{"start":{"line":76,"column":8},"end":{"line":76,"column":29}},"76":{"start":{"line":77,"column":8},"end":{"line":77,"column":26}},"77":{"start":{"line":78,"column":8},"end":{"line":78,"column":30}},"78":{"start":{"line":79,"column":8},"end":{"line":79,"column":38}},"79":{"start":{"line":80,"column":8},"end":{"line":80,"column":37}},"80":{"start":{"line":81,"column":8},"end":{"line":81,"column":28}},"81":{"start":{"line":82,"column":8},"end":{"line":82,"column":36}},"82":{"start":{"line":83,"column":8},"end":{"line":83,"column":43}},"83":{"start":{"line":84,"column":8},"end":{"line":84,"column":43}},"84":{"start":{"line":86,"column":4},"end":{"line":87,"column":6}},"85":{"start":{"line":88,"column":4},"end":{"line":88,"column":24}},"86":{"start":{"line":90,"column":0},"end":{"line":90,"column":36}}},"fnMap":{"0":{"name":"(anonymous_0)","decl":{"start":{"line":3,"column":20},"end":{"line":3,"column":21}},"loc":{"start":{"line":3,"column":32},"end":{"line":89,"column":1}}},"1":{"name":"Civilization","decl":{"start":{"line":4,"column":13},"end":{"line":4,"column":25}},"loc":{"start":{"line":4,"column":63},"end":{"line":85,"column":5}}},"2":{"name":"(anonymous_2)","decl":{"start":{"line":86,"column":35},"end":{"line":86,"column":36}},"loc":{"start":{"line":86,"column":47},"end":{"line":87,"column":5}}}},"branchMap":{},"s":{"0":1,"1":1,"2":1,"3":1,"4":0,"5":0,"6":0,"7":0,"8":0,"9":0,"10":0,"11":0,"12":0,"13":0,"14":0,"15":0,"16":0,"17":0,"18":0,"19":0,"20":0,"21":0,"22":0,"23":0,"24":0,"25":0,"26":0,"27":0,"28":0,"29":0,"30":0,"31":0,"32":0,"33":0,"34":0,"35":0,"36":0,"37":0,"38":0,"39":0,"40":0,"41":0,"42":0,"43":0,"44":0,"45":0,"46":0,"47":0,"48":0,"49":0,"50":0,"51":0,"52":0,"53":0,"54":0,"55":0,"56":0,"57":0,"58":0,"59":0,"60":0,"61":0,"62":0,"63":0,"64":0,"65":0,"66":0,"67":0,"68":0,"69":0,"70":0,"71":0,"72":0,"73":0,"74":0,"75":0,"76":0,"77":0,"78":0,"79":0,"80":0,"81":0,"82":0,"83":0,"84":1,"85":1,"86":1},"f":{"0":1,"1":0,"2":0},"b":{},"_coverageSchema":"332fd63041d2c1bcb487cc26dd0d5f7d97098a6c","hash":"31384e931e912312d3ddf388a096cedbbc448c45"}
,"C:\\Users\\Emma Ramirez\\Code\\Clickopolis\\src\\classes\\collection.ts": {"path":"C:\\Users\\Emma Ramirez\\Code\\Clickopolis\\src\\classes\\collection.ts","statementMap":{"0":{"start":{"line":1,"column":13},"end":{"line":1,"column":42}},"1":{"start":{"line":1,"column":42},"end":{"line":1,"column":55}},"2":{"start":{"line":2,"column":0},"end":{"line":2,"column":62}},"3":{"start":{"line":3,"column":18},"end":{"line":37,"column":3}},"4":{"start":{"line":5,"column":8},"end":{"line":5,"column":53}},"5":{"start":{"line":5,"column":31},"end":{"line":5,"column":51}},"6":{"start":{"line":6,"column":8},"end":{"line":6,"column":25}},"7":{"start":{"line":7,"column":8},"end":{"line":7,"column":27}},"8":{"start":{"line":9,"column":4},"end":{"line":11,"column":6}},"9":{"start":{"line":10,"column":8},"end":{"line":10,"column":30}},"10":{"start":{"line":12,"column":4},"end":{"line":14,"column":6}},"11":{"start":{"line":13,"column":8},"end":{"line":13,"column":52}},"12":{"start":{"line":15,"column":4},"end":{"line":32,"column":6}},"13":{"start":{"line":16,"column":8},"end":{"line":16,"column":60}},"14":{"start":{"line":16,"column":38},"end":{"line":16,"column":58}},"15":{"start":{"line":17,"column":20},"end":{"line":17,"column":30}},"16":{"start":{"line":20,"column":8},"end":{"line":25,"column":9}},"17":{"start":{"line":21,"column":12},"end":{"line":24,"column":13}},"18":{"start":{"line":22,"column":16},"end":{"line":22,"column":32}},"19":{"start":{"line":23,"column":16},"end":{"line":23,"column":26}},"20":{"start":{"line":26,"column":8},"end":{"line":31,"column":9}},"21":{"start":{"line":27,"column":12},"end":{"line":27,"column":25}},"22":{"start":{"line":30,"column":12},"end":{"line":30,"column":24}},"23":{"start":{"line":33,"column":4},"end":{"line":35,"column":6}},"24":{"start":{"line":34,"column":8},"end":{"line":34,"column":56}},"25":{"start":{"line":36,"column":4},"end":{"line":36,"column":22}},"26":{"start":{"line":38,"column":0},"end":{"line":38,"column":32}}},"fnMap":{"0":{"name":"(anonymous_0)","decl":{"start":{"line":3,"column":18},"end":{"line":3,"column":19}},"loc":{"start":{"line":3,"column":30},"end":{"line":37,"column":1}}},"1":{"name":"Collection","decl":{"start":{"line":4,"column":13},"end":{"line":4,"column":23}},"loc":{"start":{"line":4,"column":37},"end":{"line":8,"column":5}}},"2":{"name":"(anonymous_2)","decl":{"start":{"line":9,"column":32},"end":{"line":9,"column":33}},"loc":{"start":{"line":9,"column":48},"end":{"line":11,"column":5}}},"3":{"name":"(anonymous_3)","decl":{"start":{"line":12,"column":34},"end":{"line":12,"column":35}},"loc":{"start":{"line":12,"column":51},"end":{"line":14,"column":5}}},"4":{"name":"(anonymous_4)","decl":{"start":{"line":15,"column":31},"end":{"line":15,"column":32}},"loc":{"start":{"line":15,"column":61},"end":{"line":32,"column":5}}},"5":{"name":"(anonymous_5)","decl":{"start":{"line":33,"column":36},"end":{"line":33,"column":37}},"loc":{"start":{"line":33,"column":53},"end":{"line":35,"column":5}}}},"branchMap":{"0":{"loc":{"start":{"line":5,"column":8},"end":{"line":5,"column":53}},"type":"if","locations":[{"start":{"line":5,"column":8},"end":{"line":5,"column":53}},{"start":{"line":5,"column":8},"end":{"line":5,"column":53}}]},"1":{"loc":{"start":{"line":16,"column":8},"end":{"line":16,"column":60}},"type":"if","locations":[{"start":{"line":16,"column":8},"end":{"line":16,"column":60}},{"start":{"line":16,"column":8},"end":{"line":16,"column":60}}]},"2":{"loc":{"start":{"line":21,"column":12},"end":{"line":24,"column":13}},"type":"if","locations":[{"start":{"line":21,"column":12},"end":{"line":24,"column":13}},{"start":{"line":21,"column":12},"end":{"line":24,"column":13}}]},"3":{"loc":{"start":{"line":26,"column":8},"end":{"line":31,"column":9}},"type":"if","locations":[{"start":{"line":26,"column":8},"end":{"line":31,"column":9}},{"start":{"line":26,"column":8},"end":{"line":31,"column":9}}]}},"s":{"0":1,"1":1,"2":1,"3":1,"4":11,"5":0,"6":11,"7":11,"8":1,"9":0,"10":1,"11":0,"12":1,"13":0,"14":0,"15":0,"16":0,"17":0,"18":0,"19":0,"20":0,"21":0,"22":0,"23":1,"24":0,"25":1,"26":1},"f":{"0":1,"1":11,"2":0,"3":0,"4":0,"5":0},"b":{"0":[0,11],"1":[0,0],"2":[0,0],"3":[0,0]},"_coverageSchema":"332fd63041d2c1bcb487cc26dd0d5f7d97098a6c","hash":"77edeb9578d9ac77120e8f7c7c32b23412c4bcea"}
,"C:\\Users\\Emma Ramirez\\Code\\Clickopolis\\src\\classes\\economy.ts": {"path":"C:\\Users\\Emma Ramirez\\Code\\Clickopolis\\src\\classes\\economy.ts","statementMap":{"0":{"start":{"line":1,"column":13},"end":{"line":1,"column":42}},"1":{"start":{"line":1,"column":42},"end":{"line":1,"column":55}},"2":{"start":{"line":2,"column":0},"end":{"line":2,"column":62}},"3":{"start":{"line":4,"column":0},"end":{"line":10,"column":74}},"4":{"start":{"line":5,"column":4},"end":{"line":5,"column":68}},"5":{"start":{"line":6,"column":4},"end":{"line":6,"column":56}},"6":{"start":{"line":7,"column":4},"end":{"line":7,"column":66}},"7":{"start":{"line":8,"column":4},"end":{"line":8,"column":64}},"8":{"start":{"line":9,"column":4},"end":{"line":9,"column":64}},"9":{"start":{"line":11,"column":15},"end":{"line":15,"column":3}},"10":{"start":{"line":14,"column":4},"end":{"line":14,"column":19}},"11":{"start":{"line":16,"column":0},"end":{"line":16,"column":26}}},"fnMap":{"0":{"name":"(anonymous_0)","decl":{"start":{"line":4,"column":1},"end":{"line":4,"column":2}},"loc":{"start":{"line":4,"column":26},"end":{"line":10,"column":1}}},"1":{"name":"(anonymous_1)","decl":{"start":{"line":11,"column":15},"end":{"line":11,"column":16}},"loc":{"start":{"line":11,"column":27},"end":{"line":15,"column":1}}},"2":{"name":"Economy","decl":{"start":{"line":12,"column":13},"end":{"line":12,"column":20}},"loc":{"start":{"line":12,"column":23},"end":{"line":13,"column":5}}}},"branchMap":{"0":{"loc":{"start":{"line":10,"column":19},"end":{"line":10,"column":72}},"type":"binary-expr","locations":[{"start":{"line":10,"column":19},"end":{"line":10,"column":40}},{"start":{"line":10,"column":45},"end":{"line":10,"column":71}}]}},"s":{"0":1,"1":1,"2":1,"3":1,"4":1,"5":1,"6":1,"7":1,"8":1,"9":1,"10":1,"11":1},"f":{"0":1,"1":1,"2":0},"b":{"0":[1,1]},"_coverageSchema":"332fd63041d2c1bcb487cc26dd0d5f7d97098a6c","hash":"b61847c1992d4f1d99bbf3f4626270cd8125dea6"}
,"C:\\Users\\Emma Ramirez\\Code\\Clickopolis\\src\\classes\\era.ts": {"path":"C:\\Users\\Emma Ramirez\\Code\\Clickopolis\\src\\classes\\era.ts","statementMap":{"0":{"start":{"line":1,"column":13},"end":{"line":1,"column":42}},"1":{"start":{"line":1,"column":42},"end":{"line":1,"column":55}},"2":{"start":{"line":2,"column":0},"end":{"line":2,"column":62}},"3":{"start":{"line":4,"column":0},"end":{"line":15,"column":44}},"4":{"start":{"line":5,"column":4},"end":{"line":5,"column":48}},"5":{"start":{"line":6,"column":4},"end":{"line":6,"column":54}},"6":{"start":{"line":7,"column":4},"end":{"line":7,"column":51}},"7":{"start":{"line":8,"column":4},"end":{"line":8,"column":60}},"8":{"start":{"line":9,"column":4},"end":{"line":9,"column":66}},"9":{"start":{"line":10,"column":4},"end":{"line":10,"column":57}},"10":{"start":{"line":11,"column":4},"end":{"line":11,"column":45}},"11":{"start":{"line":12,"column":4},"end":{"line":12,"column":45}},"12":{"start":{"line":13,"column":4},"end":{"line":13,"column":60}},"13":{"start":{"line":14,"column":4},"end":{"line":14,"column":45}}},"fnMap":{"0":{"name":"(anonymous_0)","decl":{"start":{"line":4,"column":1},"end":{"line":4,"column":2}},"loc":{"start":{"line":4,"column":16},"end":{"line":15,"column":1}}}},"branchMap":{"0":{"loc":{"start":{"line":15,"column":9},"end":{"line":15,"column":42}},"type":"binary-expr","locations":[{"start":{"line":15,"column":9},"end":{"line":15,"column":20}},{"start":{"line":15,"column":25},"end":{"line":15,"column":41}}]}},"s":{"0":1,"1":1,"2":1,"3":1,"4":1,"5":1,"6":1,"7":1,"8":1,"9":1,"10":1,"11":1,"12":1,"13":1},"f":{"0":1},"b":{"0":[1,1]},"_coverageSchema":"332fd63041d2c1bcb487cc26dd0d5f7d97098a6c","hash":"1cf7f06cd6edd40bcccb9e37a91e68f80a8dec92"}
,"C:\\Users\\Emma Ramirez\\Code\\Clickopolis\\src\\classes\\faith-bonus.ts": {"path":"C:\\Users\\Emma Ramirez\\Code\\Clickopolis\\src\\classes\\faith-bonus.ts","statementMap":{"0":{"start":{"line":1,"column":13},"end":{"line":1,"column":42}},"1":{"start":{"line":1,"column":42},"end":{"line":1,"column":55}},"2":{"start":{"line":2,"column":0},"end":{"line":2,"column":62}},"3":{"start":{"line":3,"column":18},"end":{"line":13,"column":3}},"4":{"start":{"line":5,"column":8},"end":{"line":5,"column":25}},"5":{"start":{"line":6,"column":8},"end":{"line":6,"column":25}},"6":{"start":{"line":7,"column":8},"end":{"line":7,"column":31}},"7":{"start":{"line":8,"column":8},"end":{"line":8,"column":35}},"8":{"start":{"line":9,"column":8},"end":{"line":9,"column":29}},"9":{"start":{"line":10,"column":8},"end":{"line":10,"column":25}},"10":{"start":{"line":12,"column":4},"end":{"line":12,"column":22}},"11":{"start":{"line":14,"column":0},"end":{"line":14,"column":32}}},"fnMap":{"0":{"name":"(anonymous_0)","decl":{"start":{"line":3,"column":18},"end":{"line":3,"column":19}},"loc":{"start":{"line":3,"column":30},"end":{"line":13,"column":1}}},"1":{"name":"FaithBonus","decl":{"start":{"line":4,"column":13},"end":{"line":4,"column":23}},"loc":{"start":{"line":4,"column":70},"end":{"line":11,"column":5}}}},"branchMap":{},"s":{"0":1,"1":1,"2":1,"3":1,"4":16,"5":16,"6":16,"7":16,"8":16,"9":16,"10":1,"11":1},"f":{"0":1,"1":16},"b":{},"_coverageSchema":"332fd63041d2c1bcb487cc26dd0d5f7d97098a6c","hash":"743ec4bd41ea3e9be6d0e543f81df490d0ae549b"}
,"C:\\Users\\Emma Ramirez\\Code\\Clickopolis\\src\\classes\\faith-tier.ts": {"path":"C:\\Users\\Emma Ramirez\\Code\\Clickopolis\\src\\classes\\faith-tier.ts","statementMap":{"0":{"start":{"line":1,"column":13},"end":{"line":1,"column":42}},"1":{"start":{"line":1,"column":42},"end":{"line":1,"column":55}},"2":{"start":{"line":2,"column":0},"end":{"line":2,"column":62}},"3":{"start":{"line":4,"column":0},"end":{"line":10,"column":62}},"4":{"start":{"line":5,"column":4},"end":{"line":5,"column":54}},"5":{"start":{"line":6,"column":4},"end":{"line":6,"column":57}},"6":{"start":{"line":7,"column":4},"end":{"line":7,"column":56}},"7":{"start":{"line":8,"column":4},"end":{"line":8,"column":49}},"8":{"start":{"line":9,"column":4},"end":{"line":9,"column":59}}},"fnMap":{"0":{"name":"(anonymous_0)","decl":{"start":{"line":4,"column":1},"end":{"line":4,"column":2}},"loc":{"start":{"line":4,"column":22},"end":{"line":10,"column":1}}}},"branchMap":{"0":{"loc":{"start":{"line":10,"column":15},"end":{"line":10,"column":60}},"type":"binary-expr","locations":[{"start":{"line":10,"column":15},"end":{"line":10,"column":32}},{"start":{"line":10,"column":37},"end":{"line":10,"column":59}}]}},"s":{"0":1,"1":1,"2":1,"3":1,"4":1,"5":1,"6":1,"7":1,"8":1},"f":{"0":1},"b":{"0":[1,1]},"_coverageSchema":"332fd63041d2c1bcb487cc26dd0d5f7d97098a6c","hash":"ccdc45f9ddf7f2899d1025eb0ce6da79c9bf3dcd"}
,"C:\\Users\\Emma Ramirez\\Code\\Clickopolis\\src\\classes\\game.ts": {"path":"C:\\Users\\Emma Ramirez\\Code\\Clickopolis\\src\\classes\\game.ts","statementMap":{"0":{"start":{"line":1,"column":13},"end":{"line":1,"column":42}},"1":{"start":{"line":1,"column":42},"end":{"line":1,"column":55}},"2":{"start":{"line":2,"column":0},"end":{"line":2,"column":62}},"3":{"start":{"line":3,"column":12},"end":{"line":3,"column":28}},"4":{"start":{"line":4,"column":12},"end":{"line":15,"column":3}},"5":{"start":{"line":6,"column":8},"end":{"line":6,"column":27}},"6":{"start":{"line":7,"column":8},"end":{"line":7,"column":37}},"7":{"start":{"line":8,"column":8},"end":{"line":8,"column":22}},"8":{"start":{"line":9,"column":8},"end":{"line":9,"column":22}},"9":{"start":{"line":10,"column":8},"end":{"line":10,"column":29}},"10":{"start":{"line":11,"column":8},"end":{"line":11,"column":34}},"11":{"start":{"line":12,"column":8},"end":{"line":12,"column":31}},"12":{"start":{"line":14,"column":4},"end":{"line":14,"column":16}},"13":{"start":{"line":16,"column":0},"end":{"line":16,"column":20}}},"fnMap":{"0":{"name":"(anonymous_0)","decl":{"start":{"line":4,"column":12},"end":{"line":4,"column":13}},"loc":{"start":{"line":4,"column":24},"end":{"line":15,"column":1}}},"1":{"name":"Game","decl":{"start":{"line":5,"column":13},"end":{"line":5,"column":17}},"loc":{"start":{"line":5,"column":20},"end":{"line":13,"column":5}}}},"branchMap":{},"s":{"0":1,"1":1,"2":1,"3":1,"4":1,"5":0,"6":0,"7":0,"8":0,"9":0,"10":0,"11":0,"12":1,"13":1},"f":{"0":1,"1":0},"b":{},"_coverageSchema":"332fd63041d2c1bcb487cc26dd0d5f7d97098a6c","hash":"19fcdad842812d64bf15aa8c3067d66a468bfb78"}
,"C:\\Users\\Emma Ramirez\\Code\\Clickopolis\\src\\classes\\index.ts": {"path":"C:\\Users\\Emma Ramirez\\Code\\Clickopolis\\src\\classes\\index.ts","statementMap":{"0":{"start":{"line":1,"column":13},"end":{"line":1,"column":42}},"1":{"start":{"line":1,"column":42},"end":{"line":1,"column":55}},"2":{"start":{"line":2,"column":0},"end":{"line":2,"column":62}},"3":{"start":{"line":3,"column":20},"end":{"line":3,"column":44}},"4":{"start":{"line":4,"column":0},"end":{"line":4,"column":48}},"5":{"start":{"line":5,"column":14},"end":{"line":5,"column":32}},"6":{"start":{"line":6,"column":0},"end":{"line":6,"column":30}},"7":{"start":{"line":7,"column":0},"end":{"line":7,"column":38}},"8":{"start":{"line":8,"column":0},"end":{"line":8,"column":32}},"9":{"start":{"line":9,"column":17},"end":{"line":9,"column":38}},"10":{"start":{"line":10,"column":0},"end":{"line":10,"column":39}},"11":{"start":{"line":11,"column":16},"end":{"line":11,"column":36}},"12":{"start":{"line":12,"column":0},"end":{"line":12,"column":36}},"13":{"start":{"line":13,"column":21},"end":{"line":13,"column":46}},"14":{"start":{"line":14,"column":0},"end":{"line":14,"column":51}},"15":{"start":{"line":15,"column":19},"end":{"line":15,"column":42}},"16":{"start":{"line":16,"column":0},"end":{"line":16,"column":45}},"17":{"start":{"line":17,"column":16},"end":{"line":17,"column":36}},"18":{"start":{"line":18,"column":0},"end":{"line":18,"column":36}},"19":{"start":{"line":19,"column":0},"end":{"line":19,"column":48}},"20":{"start":{"line":20,"column":12},"end":{"line":20,"column":28}},"21":{"start":{"line":21,"column":0},"end":{"line":21,"column":24}},"22":{"start":{"line":22,"column":20},"end":{"line":22,"column":44}},"23":{"start":{"line":23,"column":0},"end":{"line":23,"column":46}},"24":{"start":{"line":24,"column":19},"end":{"line":24,"column":42}},"25":{"start":{"line":25,"column":0},"end":{"line":25,"column":43}},"26":{"start":{"line":26,"column":13},"end":{"line":26,"column":30}},"27":{"start":{"line":27,"column":0},"end":{"line":27,"column":27}},"28":{"start":{"line":28,"column":15},"end":{"line":28,"column":34}},"29":{"start":{"line":29,"column":0},"end":{"line":29,"column":33}},"30":{"start":{"line":30,"column":15},"end":{"line":30,"column":34}},"31":{"start":{"line":31,"column":0},"end":{"line":31,"column":33}},"32":{"start":{"line":32,"column":12},"end":{"line":32,"column":28}},"33":{"start":{"line":33,"column":0},"end":{"line":33,"column":24}},"34":{"start":{"line":34,"column":15},"end":{"line":34,"column":34}},"35":{"start":{"line":35,"column":0},"end":{"line":35,"column":33}},"36":{"start":{"line":36,"column":15},"end":{"line":36,"column":34}},"37":{"start":{"line":37,"column":0},"end":{"line":37,"column":33}},"38":{"start":{"line":38,"column":14},"end":{"line":38,"column":32}},"39":{"start":{"line":39,"column":0},"end":{"line":39,"column":30}},"40":{"start":{"line":40,"column":17},"end":{"line":40,"column":38}},"41":{"start":{"line":41,"column":0},"end":{"line":41,"column":39}},"42":{"start":{"line":42,"column":14},"end":{"line":42,"column":32}},"43":{"start":{"line":43,"column":0},"end":{"line":43,"column":30}},"44":{"start":{"line":44,"column":17},"end":{"line":44,"column":38}},"45":{"start":{"line":45,"column":0},"end":{"line":45,"column":39}},"46":{"start":{"line":46,"column":21},"end":{"line":46,"column":46}},"47":{"start":{"line":47,"column":0},"end":{"line":47,"column":51}},"48":{"start":{"line":48,"column":0},"end":{"line":48,"column":63}},"49":{"start":{"line":49,"column":16},"end":{"line":49,"column":36}},"50":{"start":{"line":50,"column":0},"end":{"line":50,"column":36}},"51":{"start":{"line":51,"column":13},"end":{"line":51,"column":30}},"52":{"start":{"line":52,"column":0},"end":{"line":52,"column":27}},"53":{"start":{"line":53,"column":16},"end":{"line":53,"column":36}},"54":{"start":{"line":54,"column":0},"end":{"line":54,"column":54}},"55":{"start":{"line":55,"column":0},"end":{"line":55,"column":48}},"56":{"start":{"line":56,"column":0},"end":{"line":56,"column":60}},"57":{"start":{"line":57,"column":14},"end":{"line":57,"column":32}},"58":{"start":{"line":58,"column":0},"end":{"line":58,"column":30}},"59":{"start":{"line":59,"column":15},"end":{"line":59,"column":34}},"60":{"start":{"line":60,"column":0},"end":{"line":60,"column":33}}},"fnMap":{},"branchMap":{},"s":{"0":1,"1":1,"2":1,"3":1,"4":1,"5":1,"6":1,"7":1,"8":1,"9":1,"10":1,"11":1,"12":1,"13":1,"14":1,"15":1,"16":1,"17":1,"18":1,"19":1,"20":1,"21":1,"22":1,"23":1,"24":1,"25":1,"26":1,"27":1,"28":1,"29":1,"30":1,"31":1,"32":1,"33":1,"34":1,"35":1,"36":1,"37":1,"38":1,"39":1,"40":1,"41":1,"42":1,"43":1,"44":1,"45":1,"46":1,"47":1,"48":1,"49":1,"50":1,"51":1,"52":1,"53":1,"54":1,"55":1,"56":1,"57":1,"58":1,"59":1,"60":1},"f":{},"b":{},"_coverageSchema":"332fd63041d2c1bcb487cc26dd0d5f7d97098a6c","hash":"bce46005416044d9aded5fca5f7d42efc6074233"}
,"C:\\Users\\Emma Ramirez\\Code\\Clickopolis\\src\\classes\\leader.ts": {"path":"C:\\Users\\Emma Ramirez\\Code\\Clickopolis\\src\\classes\\leader.ts","statementMap":{"0":{"start":{"line":1,"column":13},"end":{"line":1,"column":42}},"1":{"start":{"line":1,"column":42},"end":{"line":1,"column":55}},"2":{"start":{"line":2,"column":0},"end":{"line":2,"column":62}},"3":{"start":{"line":3,"column":14},"end":{"line":10,"column":3}},"4":{"start":{"line":5,"column":8},"end":{"line":5,"column":25}},"5":{"start":{"line":6,"column":8},"end":{"line":6,"column":45}},"6":{"start":{"line":7,"column":8},"end":{"line":7,"column":29}},"7":{"start":{"line":9,"column":4},"end":{"line":9,"column":18}},"8":{"start":{"line":11,"column":0},"end":{"line":11,"column":24}}},"fnMap":{"0":{"name":"(anonymous_0)","decl":{"start":{"line":3,"column":14},"end":{"line":3,"column":15}},"loc":{"start":{"line":3,"column":26},"end":{"line":10,"column":1}}},"1":{"name":"Leader","decl":{"start":{"line":4,"column":13},"end":{"line":4,"column":19}},"loc":{"start":{"line":4,"column":50},"end":{"line":8,"column":5}}}},"branchMap":{},"s":{"0":1,"1":1,"2":1,"3":1,"4":7,"5":7,"6":7,"7":1,"8":1},"f":{"0":1,"1":7},"b":{},"_coverageSchema":"332fd63041d2c1bcb487cc26dd0d5f7d97098a6c","hash":"d0dca686b4176bf4d5c6276e4945c75848db3748"}
,"C:\\Users\\Emma Ramirez\\Code\\Clickopolis\\src\\classes\\legacy.ts": {"path":"C:\\Users\\Emma Ramirez\\Code\\Clickopolis\\src\\classes\\legacy.ts","statementMap":{"0":{"start":{"line":1,"column":13},"end":{"line":1,"column":42}},"1":{"start":{"line":1,"column":42},"end":{"line":1,"column":55}},"2":{"start":{"line":2,"column":0},"end":{"line":2,"column":62}},"3":{"start":{"line":3,"column":14},"end":{"line":13,"column":3}},"4":{"start":{"line":5,"column":8},"end":{"line":5,"column":25}},"5":{"start":{"line":6,"column":8},"end":{"line":6,"column":25}},"6":{"start":{"line":7,"column":8},"end":{"line":7,"column":27}},"7":{"start":{"line":8,"column":8},"end":{"line":8,"column":33}},"8":{"start":{"line":9,"column":8},"end":{"line":9,"column":25}},"9":{"start":{"line":10,"column":8},"end":{"line":10,"column":39}},"10":{"start":{"line":12,"column":4},"end":{"line":12,"column":18}},"11":{"start":{"line":14,"column":0},"end":{"line":14,"column":24}}},"fnMap":{"0":{"name":"(anonymous_0)","decl":{"start":{"line":3,"column":14},"end":{"line":3,"column":15}},"loc":{"start":{"line":3,"column":26},"end":{"line":13,"column":1}}},"1":{"name":"Legacy","decl":{"start":{"line":4,"column":13},"end":{"line":4,"column":19}},"loc":{"start":{"line":4,"column":68},"end":{"line":11,"column":5}}}},"branchMap":{},"s":{"0":1,"1":1,"2":1,"3":1,"4":3,"5":3,"6":3,"7":3,"8":3,"9":3,"10":1,"11":1},"f":{"0":1,"1":3},"b":{},"_coverageSchema":"332fd63041d2c1bcb487cc26dd0d5f7d97098a6c","hash":"ff037ade5ac836358679d7e89ddb906e39390419"}
,"C:\\Users\\Emma Ramirez\\Code\\Clickopolis\\src\\classes\\log.ts": {"path":"C:\\Users\\Emma Ramirez\\Code\\Clickopolis\\src\\classes\\log.ts","statementMap":{"0":{"start":{"line":1,"column":13},"end":{"line":1,"column":42}},"1":{"start":{"line":1,"column":42},"end":{"line":1,"column":55}},"2":{"start":{"line":2,"column":0},"end":{"line":2,"column":62}},"3":{"start":{"line":4,"column":4},"end":{"line":4,"column":144}},"4":{"start":{"line":6,"column":0},"end":{"line":6,"column":18}}},"fnMap":{"0":{"name":"log","decl":{"start":{"line":3,"column":9},"end":{"line":3,"column":12}},"loc":{"start":{"line":3,"column":18},"end":{"line":5,"column":1}}}},"branchMap":{},"s":{"0":1,"1":1,"2":1,"3":0,"4":1},"f":{"0":0},"b":{},"_coverageSchema":"332fd63041d2c1bcb487cc26dd0d5f7d97098a6c","hash":"eea16aa8aa5a94711ca35bdde46fa518cbe3a27c"}
,"C:\\Users\\Emma Ramirez\\Code\\Clickopolis\\src\\classes\\nation.ts": {"path":"C:\\Users\\Emma Ramirez\\Code\\Clickopolis\\src\\classes\\nation.ts","statementMap":{"0":{"start":{"line":1,"column":13},"end":{"line":1,"column":42}},"1":{"start":{"line":1,"column":42},"end":{"line":1,"column":55}},"2":{"start":{"line":2,"column":0},"end":{"line":2,"column":62}},"3":{"start":{"line":3,"column":14},"end":{"line":19,"column":3}},"4":{"start":{"line":5,"column":8},"end":{"line":5,"column":64}},"5":{"start":{"line":5,"column":42},"end":{"line":5,"column":62}},"6":{"start":{"line":6,"column":8},"end":{"line":6,"column":25}},"7":{"start":{"line":7,"column":8},"end":{"line":7,"column":27}},"8":{"start":{"line":8,"column":8},"end":{"line":8,"column":27}},"9":{"start":{"line":9,"column":8},"end":{"line":9,"column":39}},"10":{"start":{"line":10,"column":8},"end":{"line":10,"column":35}},"11":{"start":{"line":11,"column":8},"end":{"line":11,"column":33}},"12":{"start":{"line":12,"column":8},"end":{"line":12,"column":31}},"13":{"start":{"line":13,"column":8},"end":{"line":13,"column":25}},"14":{"start":{"line":14,"column":8},"end":{"line":14,"column":41}},"15":{"start":{"line":15,"column":8},"end":{"line":15,"column":31}},"16":{"start":{"line":16,"column":8},"end":{"line":16,"column":47}},"17":{"start":{"line":18,"column":4},"end":{"line":18,"column":18}},"18":{"start":{"line":20,"column":0},"end":{"line":20,"column":24}}},"fnMap":{"0":{"name":"(anonymous_0)","decl":{"start":{"line":3,"column":14},"end":{"line":3,"column":15}},"loc":{"start":{"line":3,"column":26},"end":{"line":19,"column":1}}},"1":{"name":"Nation","decl":{"start":{"line":4,"column":13},"end":{"line":4,"column":19}},"loc":{"start":{"line":4,"column":129},"end":{"line":17,"column":5}}}},"branchMap":{"0":{"loc":{"start":{"line":5,"column":8},"end":{"line":5,"column":64}},"type":"if","locations":[{"start":{"line":5,"column":8},"end":{"line":5,"column":64}},{"start":{"line":5,"column":8},"end":{"line":5,"column":64}}]}},"s":{"0":1,"1":1,"2":1,"3":1,"4":1,"5":1,"6":1,"7":1,"8":1,"9":1,"10":1,"11":1,"12":1,"13":1,"14":1,"15":1,"16":1,"17":1,"18":1},"f":{"0":1,"1":1},"b":{"0":[1,0]},"_coverageSchema":"332fd63041d2c1bcb487cc26dd0d5f7d97098a6c","hash":"9acffe9961152e1659f40180779b61932e176e8b"}
,"C:\\Users\\Emma Ramirez\\Code\\Clickopolis\\src\\classes\\notify.ts": {"path":"C:\\Users\\Emma Ramirez\\Code\\Clickopolis\\src\\classes\\notify.ts","statementMap":{"0":{"start":{"line":1,"column":13},"end":{"line":1,"column":42}},"1":{"start":{"line":1,"column":42},"end":{"line":1,"column":55}},"2":{"start":{"line":2,"column":0},"end":{"line":2,"column":62}},"3":{"start":{"line":5,"column":4},"end":{"line":5,"column":61}},"4":{"start":{"line":5,"column":37},"end":{"line":5,"column":59}},"5":{"start":{"line":6,"column":4},"end":{"line":57,"column":5}},"6":{"start":{"line":7,"column":8},"end":{"line":52,"column":9}},"7":{"start":{"line":8,"column":12},"end":{"line":10,"column":13}},"8":{"start":{"line":9,"column":16},"end":{"line":9,"column":33}},"9":{"start":{"line":11,"column":12},"end":{"line":13,"column":13}},"10":{"start":{"line":12,"column":16},"end":{"line":12,"column":41}},"11":{"start":{"line":14,"column":12},"end":{"line":32,"column":13}},"12":{"start":{"line":15,"column":16},"end":{"line":15,"column":83}},"13":{"start":{"line":16,"column":37},"end":{"line":16,"column":66}},"14":{"start":{"line":17,"column":16},"end":{"line":17,"column":58}},"15":{"start":{"line":18,"column":16},"end":{"line":18,"column":106}},"16":{"start":{"line":19,"column":16},"end":{"line":21,"column":17}},"17":{"start":{"line":20,"column":20},"end":{"line":20,"column":126}},"18":{"start":{"line":22,"column":16},"end":{"line":22,"column":95}},"19":{"start":{"line":23,"column":16},"end":{"line":23,"column":66}},"20":{"start":{"line":24,"column":16},"end":{"line":24,"column":63}},"21":{"start":{"line":25,"column":16},"end":{"line":25,"column":58}},"22":{"start":{"line":26,"column":16},"end":{"line":31,"column":19}},"23":{"start":{"line":27,"column":20},"end":{"line":27,"column":82}},"24":{"start":{"line":28,"column":20},"end":{"line":30,"column":28}},"25":{"start":{"line":29,"column":24},"end":{"line":29,"column":48}},"26":{"start":{"line":33,"column":12},"end":{"line":33,"column":30}},"27":{"start":{"line":36,"column":28},"end":{"line":39,"column":13}},"28":{"start":{"line":40,"column":12},"end":{"line":51,"column":13}},"29":{"start":{"line":42,"column":17},"end":{"line":51,"column":13}},"30":{"start":{"line":43,"column":35},"end":{"line":43,"column":77}},"31":{"start":{"line":45,"column":17},"end":{"line":51,"column":13}},"32":{"start":{"line":46,"column":16},"end":{"line":50,"column":19}},"33":{"start":{"line":47,"column":20},"end":{"line":49,"column":21}},"34":{"start":{"line":48,"column":43},"end":{"line":48,"column":85}},"35":{"start":{"line":53,"column":8},"end":{"line":55,"column":9}},"36":{"start":{"line":54,"column":12},"end":{"line":54,"column":82}},"37":{"start":{"line":56,"column":8},"end":{"line":56,"column":39}},"38":{"start":{"line":59,"column":0},"end":{"line":59,"column":24}}},"fnMap":{"0":{"name":"notify","decl":{"start":{"line":4,"column":9},"end":{"line":4,"column":15}},"loc":{"start":{"line":4,"column":38},"end":{"line":58,"column":1}}},"1":{"name":"(anonymous_1)","decl":{"start":{"line":26,"column":57},"end":{"line":26,"column":58}},"loc":{"start":{"line":26,"column":69},"end":{"line":31,"column":17}}},"2":{"name":"(anonymous_2)","decl":{"start":{"line":28,"column":31},"end":{"line":28,"column":32}},"loc":{"start":{"line":28,"column":43},"end":{"line":30,"column":21}}},"3":{"name":"(anonymous_3)","decl":{"start":{"line":46,"column":47},"end":{"line":46,"column":48}},"loc":{"start":{"line":46,"column":69},"end":{"line":50,"column":17}}}},"branchMap":{"0":{"loc":{"start":{"line":5,"column":4},"end":{"line":5,"column":61}},"type":"if","locations":[{"start":{"line":5,"column":4},"end":{"line":5,"column":61}},{"start":{"line":5,"column":4},"end":{"line":5,"column":61}}]},"1":{"loc":{"start":{"line":6,"column":4},"end":{"line":57,"column":5}},"type":"if","locations":[{"start":{"line":6,"column":4},"end":{"line":57,"column":5}},{"start":{"line":6,"column":4},"end":{"line":57,"column":5}}]},"2":{"loc":{"start":{"line":7,"column":8},"end":{"line":52,"column":9}},"type":"if","locations":[{"start":{"line":7,"column":8},"end":{"line":52,"column":9}},{"start":{"line":7,"column":8},"end":{"line":52,"column":9}}]},"3":{"loc":{"start":{"line":8,"column":12},"end":{"line":10,"column":13}},"type":"if","locations":[{"start":{"line":8,"column":12},"end":{"line":10,"column":13}},{"start":{"line":8,"column":12},"end":{"line":10,"column":13}}]},"4":{"loc":{"start":{"line":11,"column":12},"end":{"line":13,"column":13}},"type":"if","locations":[{"start":{"line":11,"column":12},"end":{"line":13,"column":13}},{"start":{"line":11,"column":12},"end":{"line":13,"column":13}}]},"5":{"loc":{"start":{"line":14,"column":12},"end":{"line":32,"column":13}},"type":"if","locations":[{"start":{"line":14,"column":12},"end":{"line":32,"column":13}},{"start":{"line":14,"column":12},"end":{"line":32,"column":13}}]},"6":{"loc":{"start":{"line":19,"column":16},"end":{"line":21,"column":17}},"type":"if","locations":[{"start":{"line":19,"column":16},"end":{"line":21,"column":17}},{"start":{"line":19,"column":16},"end":{"line":21,"column":17}}]},"7":{"loc":{"start":{"line":38,"column":22},"end":{"line":38,"column":94}},"type":"cond-expr","locations":[{"start":{"line":38,"column":57},"end":{"line":38,"column":66}},{"start":{"line":38,"column":69},"end":{"line":38,"column":94}}]},"8":{"loc":{"start":{"line":40,"column":12},"end":{"line":51,"column":13}},"type":"if","locations":[{"start":{"line":40,"column":12},"end":{"line":51,"column":13}},{"start":{"line":40,"column":12},"end":{"line":51,"column":13}}]},"9":{"loc":{"start":{"line":42,"column":17},"end":{"line":51,"column":13}},"type":"if","locations":[{"start":{"line":42,"column":17},"end":{"line":51,"column":13}},{"start":{"line":42,"column":17},"end":{"line":51,"column":13}}]},"10":{"loc":{"start":{"line":45,"column":17},"end":{"line":51,"column":13}},"type":"if","locations":[{"start":{"line":45,"column":17},"end":{"line":51,"column":13}},{"start":{"line":45,"column":17},"end":{"line":51,"column":13}}]},"11":{"loc":{"start":{"line":47,"column":20},"end":{"line":49,"column":21}},"type":"if","locations":[{"start":{"line":47,"column":20},"end":{"line":49,"column":21}},{"start":{"line":47,"column":20},"end":{"line":49,"column":21}}]},"12":{"loc":{"start":{"line":53,"column":8},"end":{"line":55,"column":9}},"type":"if","locations":[{"start":{"line":53,"column":8},"end":{"line":55,"column":9}},{"start":{"line":53,"column":8},"end":{"line":55,"column":9}}]},"13":{"loc":{"start":{"line":53,"column":12},"end":{"line":53,"column":83}},"type":"binary-expr","locations":[{"start":{"line":53,"column":12},"end":{"line":53,"column":47}},{"start":{"line":53,"column":51},"end":{"line":53,"column":83}}]}},"s":{"0":1,"1":1,"2":1,"3":0,"4":0,"5":0,"6":0,"7":0,"8":0,"9":0,"10":0,"11":0,"12":0,"13":0,"14":0,"15":0,"16":0,"17":0,"18":0,"19":0,"20":0,"21":0,"22":0,"23":0,"24":0,"25":0,"26":0,"27":0,"28":0,"29":0,"30":0,"31":0,"32":0,"33":0,"34":0,"35":0,"36":0,"37":0,"38":1},"f":{"0":0,"1":0,"2":0,"3":0},"b":{"0":[0,0],"1":[0,0],"2":[0,0],"3":[0,0],"4":[0,0],"5":[0,0],"6":[0,0],"7":[0,0],"8":[0,0],"9":[0,0],"10":[0,0],"11":[0,0],"12":[0,0],"13":[0,0]},"_coverageSchema":"332fd63041d2c1bcb487cc26dd0d5f7d97098a6c","hash":"cdfef42dadeaff2c978073ef01f669ebe3770ee2"}
,"C:\\Users\\Emma Ramirez\\Code\\Clickopolis\\src\\classes\\queue.ts": {"path":"C:\\Users\\Emma Ramirez\\Code\\Clickopolis\\src\\classes\\queue.ts","statementMap":{"0":{"start":{"line":1,"column":13},"end":{"line":1,"column":42}},"1":{"start":{"line":1,"column":42},"end":{"line":1,"column":55}},"2":{"start":{"line":2,"column":0},"end":{"line":2,"column":62}},"3":{"start":{"line":3,"column":13},"end":{"line":26,"column":3}},"4":{"start":{"line":5,"column":8},"end":{"line":5,"column":29}},"5":{"start":{"line":6,"column":8},"end":{"line":6,"column":29}},"6":{"start":{"line":7,"column":8},"end":{"line":7,"column":31}},"7":{"start":{"line":9,"column":4},"end":{"line":11,"column":6}},"8":{"start":{"line":10,"column":8},"end":{"line":10,"column":51}},"9":{"start":{"line":12,"column":4},"end":{"line":15,"column":6}},"10":{"start":{"line":13,"column":8},"end":{"line":13,"column":46}},"11":{"start":{"line":14,"column":8},"end":{"line":14,"column":27}},"12":{"start":{"line":16,"column":4},"end":{"line":24,"column":6}},"13":{"start":{"line":17,"column":26},"end":{"line":17,"column":42}},"14":{"start":{"line":17,"column":58},"end":{"line":17,"column":74}},"15":{"start":{"line":18,"column":8},"end":{"line":23,"column":9}},"16":{"start":{"line":19,"column":12},"end":{"line":19,"column":52}},"17":{"start":{"line":20,"column":12},"end":{"line":20,"column":45}},"18":{"start":{"line":21,"column":12},"end":{"line":21,"column":31}},"19":{"start":{"line":22,"column":12},"end":{"line":22,"column":31}},"20":{"start":{"line":25,"column":4},"end":{"line":25,"column":17}},"21":{"start":{"line":27,"column":0},"end":{"line":27,"column":22}}},"fnMap":{"0":{"name":"(anonymous_0)","decl":{"start":{"line":3,"column":13},"end":{"line":3,"column":14}},"loc":{"start":{"line":3,"column":25},"end":{"line":26,"column":1}}},"1":{"name":"Queue","decl":{"start":{"line":4,"column":13},"end":{"line":4,"column":18}},"loc":{"start":{"line":4,"column":28},"end":{"line":8,"column":5}}},"2":{"name":"(anonymous_2)","decl":{"start":{"line":9,"column":27},"end":{"line":9,"column":28}},"loc":{"start":{"line":9,"column":39},"end":{"line":11,"column":5}}},"3":{"name":"(anonymous_3)","decl":{"start":{"line":12,"column":30},"end":{"line":12,"column":31}},"loc":{"start":{"line":12,"column":46},"end":{"line":15,"column":5}}},"4":{"name":"(anonymous_4)","decl":{"start":{"line":16,"column":30},"end":{"line":16,"column":31}},"loc":{"start":{"line":16,"column":42},"end":{"line":24,"column":5}}}},"branchMap":{"0":{"loc":{"start":{"line":18,"column":8},"end":{"line":23,"column":9}},"type":"if","locations":[{"start":{"line":18,"column":8},"end":{"line":23,"column":9}},{"start":{"line":18,"column":8},"end":{"line":23,"column":9}}]}},"s":{"0":1,"1":1,"2":1,"3":1,"4":0,"5":0,"6":0,"7":1,"8":0,"9":1,"10":0,"11":0,"12":1,"13":0,"14":0,"15":0,"16":0,"17":0,"18":0,"19":0,"20":1,"21":1},"f":{"0":1,"1":0,"2":0,"3":0,"4":0},"b":{"0":[0,0]},"_coverageSchema":"332fd63041d2c1bcb487cc26dd0d5f7d97098a6c","hash":"a6aed458253176abadc355cb8102ea5ce955477c"}
,"C:\\Users\\Emma Ramirez\\Code\\Clickopolis\\src\\classes\\resource.ts": {"path":"C:\\Users\\Emma Ramirez\\Code\\Clickopolis\\src\\classes\\resource.ts","statementMap":{"0":{"start":{"line":1,"column":13},"end":{"line":1,"column":42}},"1":{"start":{"line":1,"column":42},"end":{"line":1,"column":55}},"2":{"start":{"line":2,"column":0},"end":{"line":2,"column":62}},"3":{"start":{"line":3,"column":16},"end":{"line":17,"column":3}},"4":{"start":{"line":5,"column":8},"end":{"line":5,"column":51}},"5":{"start":{"line":5,"column":34},"end":{"line":5,"column":49}},"6":{"start":{"line":6,"column":8},"end":{"line":6,"column":25}},"7":{"start":{"line":7,"column":8},"end":{"line":7,"column":33}},"8":{"start":{"line":8,"column":8},"end":{"line":8,"column":35}},"9":{"start":{"line":9,"column":8},"end":{"line":9,"column":23}},"10":{"start":{"line":10,"column":8},"end":{"line":10,"column":27}},"11":{"start":{"line":11,"column":8},"end":{"line":11,"column":27}},"12":{"start":{"line":12,"column":8},"end":{"line":12,"column":39}},"13":{"start":{"line":13,"column":8},"end":{"line":13,"column":33}},"14":{"start":{"line":14,"column":8},"end":{"line":14,"column":31}},"15":{"start":{"line":16,"column":4},"end":{"line":16,"column":20}},"16":{"start":{"line":18,"column":0},"end":{"line":18,"column":28}}},"fnMap":{"0":{"name":"(anonymous_0)","decl":{"start":{"line":3,"column":16},"end":{"line":3,"column":17}},"loc":{"start":{"line":3,"column":28},"end":{"line":17,"column":1}}},"1":{"name":"Resource","decl":{"start":{"line":4,"column":13},"end":{"line":4,"column":21}},"loc":{"start":{"line":4,"column":100},"end":{"line":15,"column":5}}}},"branchMap":{"0":{"loc":{"start":{"line":5,"column":8},"end":{"line":5,"column":51}},"type":"if","locations":[{"start":{"line":5,"column":8},"end":{"line":5,"column":51}},{"start":{"line":5,"column":8},"end":{"line":5,"column":51}}]}},"s":{"0":1,"1":1,"2":1,"3":1,"4":0,"5":0,"6":0,"7":0,"8":0,"9":0,"10":0,"11":0,"12":0,"13":0,"14":0,"15":1,"16":1},"f":{"0":1,"1":0},"b":{"0":[0,0]},"_coverageSchema":"332fd63041d2c1bcb487cc26dd0d5f7d97098a6c","hash":"c264c5675acbc1e9045027b7136af2c489627593"}
,"C:\\Users\\Emma Ramirez\\Code\\Clickopolis\\src\\classes\\robot.ts": {"path":"C:\\Users\\Emma Ramirez\\Code\\Clickopolis\\src\\classes\\robot.ts","statementMap":{"0":{"start":{"line":1,"column":13},"end":{"line":1,"column":42}},"1":{"start":{"line":1,"column":42},"end":{"line":1,"column":55}},"2":{"start":{"line":2,"column":0},"end":{"line":2,"column":62}}},"fnMap":{},"branchMap":{},"s":{"0":1,"1":1,"2":1},"f":{},"b":{},"_coverageSchema":"332fd63041d2c1bcb487cc26dd0d5f7d97098a6c","hash":"76babfe538931b524c69c1848ba8729ce14b2a9a"}
,"C:\\Users\\Emma Ramirez\\Code\\Clickopolis\\src\\classes\\settings.ts": {"path":"C:\\Users\\Emma Ramirez\\Code\\Clickopolis\\src\\classes\\settings.ts","statementMap":{"0":{"start":{"line":1,"column":13},"end":{"line":1,"column":42}},"1":{"start":{"line":1,"column":42},"end":{"line":1,"column":55}},"2":{"start":{"line":2,"column":0},"end":{"line":2,"column":62}},"3":{"start":{"line":3,"column":16},"end":{"line":7,"column":3}},"4":{"start":{"line":6,"column":4},"end":{"line":6,"column":20}},"5":{"start":{"line":8,"column":0},"end":{"line":8,"column":28}}},"fnMap":{"0":{"name":"(anonymous_0)","decl":{"start":{"line":3,"column":16},"end":{"line":3,"column":17}},"loc":{"start":{"line":3,"column":28},"end":{"line":7,"column":1}}},"1":{"name":"Settings","decl":{"start":{"line":4,"column":13},"end":{"line":4,"column":21}},"loc":{"start":{"line":4,"column":24},"end":{"line":5,"column":5}}}},"branchMap":{},"s":{"0":1,"1":1,"2":1,"3":1,"4":1,"5":1},"f":{"0":1,"1":0},"b":{},"_coverageSchema":"332fd63041d2c1bcb487cc26dd0d5f7d97098a6c","hash":"4b035c0b3584a2f92e464e291b40b9bcb7dba2fe"}
,"C:\\Users\\Emma Ramirez\\Code\\Clickopolis\\src\\classes\\socialpolicy.ts": {"path":"C:\\Users\\Emma Ramirez\\Code\\Clickopolis\\src\\classes\\socialpolicy.ts","statementMap":{"0":{"start":{"line":1,"column":13},"end":{"line":1,"column":42}},"1":{"start":{"line":1,"column":42},"end":{"line":1,"column":55}},"2":{"start":{"line":2,"column":0},"end":{"line":2,"column":62}},"3":{"start":{"line":4,"column":4},"end":{"line":12,"column":6}},"4":{"start":{"line":14,"column":0},"end":{"line":14,"column":48}}},"fnMap":{"0":{"name":"createSocialPolicy","decl":{"start":{"line":3,"column":9},"end":{"line":3,"column":27}},"loc":{"start":{"line":3,"column":37},"end":{"line":13,"column":1}}}},"branchMap":{"0":{"loc":{"start":{"line":9,"column":17},"end":{"line":9,"column":40}},"type":"binary-expr","locations":[{"start":{"line":9,"column":17},"end":{"line":9,"column":32}},{"start":{"line":9,"column":36},"end":{"line":9,"column":40}}]},"1":{"loc":{"start":{"line":10,"column":18},"end":{"line":10,"column":43}},"type":"binary-expr","locations":[{"start":{"line":10,"column":18},"end":{"line":10,"column":34}},{"start":{"line":10,"column":38},"end":{"line":10,"column":43}}]},"2":{"loc":{"start":{"line":11,"column":16},"end":{"line":11,"column":39}},"type":"binary-expr","locations":[{"start":{"line":11,"column":16},"end":{"line":11,"column":30}},{"start":{"line":11,"column":34},"end":{"line":11,"column":39}}]}},"s":{"0":1,"1":1,"2":1,"3":0,"4":1},"f":{"0":0},"b":{"0":[0,0],"1":[0,0],"2":[0,0]},"_coverageSchema":"332fd63041d2c1bcb487cc26dd0d5f7d97098a6c","hash":"63e4787368dd05a41d6b88ca244b2d09432f18b7"}
,"C:\\Users\\Emma Ramirez\\Code\\Clickopolis\\src\\classes\\soldier.ts": {"path":"C:\\Users\\Emma Ramirez\\Code\\Clickopolis\\src\\classes\\soldier.ts","statementMap":{"0":{"start":{"line":1,"column":13},"end":{"line":1,"column":42}},"1":{"start":{"line":1,"column":42},"end":{"line":1,"column":55}},"2":{"start":{"line":2,"column":0},"end":{"line":2,"column":62}}},"fnMap":{},"branchMap":{},"s":{"0":1,"1":1,"2":1},"f":{},"b":{},"_coverageSchema":"332fd63041d2c1bcb487cc26dd0d5f7d97098a6c","hash":"158f0dd863c6185a8d916437a2e04e8b52f99f6d"}
,"C:\\Users\\Emma Ramirez\\Code\\Clickopolis\\src\\classes\\tech.ts": {"path":"C:\\Users\\Emma Ramirez\\Code\\Clickopolis\\src\\classes\\tech.ts","statementMap":{"0":{"start":{"line":1,"column":13},"end":{"line":1,"column":42}},"1":{"start":{"line":1,"column":42},"end":{"line":1,"column":55}},"2":{"start":{"line":2,"column":0},"end":{"line":2,"column":62}},"3":{"start":{"line":3,"column":12},"end":{"line":19,"column":3}},"4":{"start":{"line":5,"column":8},"end":{"line":5,"column":55}},"5":{"start":{"line":5,"column":37},"end":{"line":5,"column":53}},"6":{"start":{"line":6,"column":8},"end":{"line":6,"column":56}},"7":{"start":{"line":6,"column":31},"end":{"line":6,"column":54}},"8":{"start":{"line":7,"column":8},"end":{"line":7,"column":25}},"9":{"start":{"line":8,"column":8},"end":{"line":8,"column":23}},"10":{"start":{"line":9,"column":8},"end":{"line":9,"column":39}},"11":{"start":{"line":10,"column":8},"end":{"line":10,"column":31}},"12":{"start":{"line":11,"column":8},"end":{"line":11,"column":29}},"13":{"start":{"line":12,"column":8},"end":{"line":12,"column":31}},"14":{"start":{"line":13,"column":8},"end":{"line":13,"column":30}},"15":{"start":{"line":14,"column":8},"end":{"line":14,"column":28}},"16":{"start":{"line":15,"column":8},"end":{"line":15,"column":37}},"17":{"start":{"line":16,"column":8},"end":{"line":16,"column":25}},"18":{"start":{"line":18,"column":4},"end":{"line":18,"column":16}},"19":{"start":{"line":20,"column":0},"end":{"line":20,"column":20}}},"fnMap":{"0":{"name":"(anonymous_0)","decl":{"start":{"line":3,"column":12},"end":{"line":3,"column":13}},"loc":{"start":{"line":3,"column":24},"end":{"line":19,"column":1}}},"1":{"name":"Tech","decl":{"start":{"line":4,"column":13},"end":{"line":4,"column":17}},"loc":{"start":{"line":4,"column":69},"end":{"line":17,"column":5}}},"2":{"name":"(anonymous_2)","decl":{"start":{"line":6,"column":38},"end":{"line":6,"column":39}},"loc":{"start":{"line":6,"column":50},"end":{"line":6,"column":53}}}},"branchMap":{"0":{"loc":{"start":{"line":5,"column":8},"end":{"line":5,"column":55}},"type":"if","locations":[{"start":{"line":5,"column":8},"end":{"line":5,"column":55}},{"start":{"line":5,"column":8},"end":{"line":5,"column":55}}]},"1":{"loc":{"start":{"line":6,"column":8},"end":{"line":6,"column":56}},"type":"if","locations":[{"start":{"line":6,"column":8},"end":{"line":6,"column":56}},{"start":{"line":6,"column":8},"end":{"line":6,"column":56}}]}},"s":{"0":1,"1":1,"2":1,"3":1,"4":25,"5":0,"6":25,"7":0,"8":25,"9":25,"10":25,"11":25,"12":25,"13":25,"14":25,"15":25,"16":25,"17":25,"18":1,"19":1},"f":{"0":1,"1":25,"2":0},"b":{"0":[0,25],"1":[0,25]},"_coverageSchema":"332fd63041d2c1bcb487cc26dd0d5f7d97098a6c","hash":"155a92dc77975efc2eb83c3c638ba5906b9402c5"}
,"C:\\Users\\Emma Ramirez\\Code\\Clickopolis\\src\\classes\\tooltip.ts": {"path":"C:\\Users\\Emma Ramirez\\Code\\Clickopolis\\src\\classes\\tooltip.ts","statementMap":{"0":{"start":{"line":1,"column":13},"end":{"line":1,"column":42}},"1":{"start":{"line":1,"column":42},"end":{"line":1,"column":55}},"2":{"start":{"line":2,"column":0},"end":{"line":2,"column":62}},"3":{"start":{"line":3,"column":14},"end":{"line":3,"column":33}},"4":{"start":{"line":4,"column":8},"end":{"line":4,"column":27}},"5":{"start":{"line":5,"column":10},"end":{"line":5,"column":11}},"6":{"start":{"line":7,"column":4},"end":{"line":10,"column":8}},"7":{"start":{"line":7,"column":27},"end":{"line":10,"column":6}},"8":{"start":{"line":11,"column":22},"end":{"line":11,"column":51}},"9":{"start":{"line":12,"column":4},"end":{"line":31,"column":7}},"10":{"start":{"line":13,"column":19},"end":{"line":13,"column":52}},"11":{"start":{"line":14,"column":22},"end":{"line":14,"column":51}},"12":{"start":{"line":15,"column":8},"end":{"line":15,"column":38}},"13":{"start":{"line":16,"column":8},"end":{"line":16,"column":45}},"14":{"start":{"line":17,"column":8},"end":{"line":17,"column":38}},"15":{"start":{"line":18,"column":8},"end":{"line":23,"column":11}},"16":{"start":{"line":19,"column":12},"end":{"line":19,"column":44}},"17":{"start":{"line":20,"column":12},"end":{"line":20,"column":69}},"18":{"start":{"line":21,"column":12},"end":{"line":21,"column":68}},"19":{"start":{"line":22,"column":12},"end":{"line":22,"column":55}},"20":{"start":{"line":24,"column":8},"end":{"line":27,"column":11}},"21":{"start":{"line":25,"column":12},"end":{"line":25,"column":69}},"22":{"start":{"line":26,"column":12},"end":{"line":26,"column":68}},"23":{"start":{"line":28,"column":8},"end":{"line":30,"column":11}},"24":{"start":{"line":29,"column":12},"end":{"line":29,"column":43}},"25":{"start":{"line":33,"column":0},"end":{"line":33,"column":44}},"26":{"start":{"line":35,"column":4},"end":{"line":35,"column":59}},"27":{"start":{"line":37,"column":0},"end":{"line":37,"column":50}},"28":{"start":{"line":39,"column":4},"end":{"line":42,"column":8}},"29":{"start":{"line":39,"column":27},"end":{"line":42,"column":6}},"30":{"start":{"line":43,"column":15},"end":{"line":43,"column":47}},"31":{"start":{"line":45,"column":4},"end":{"line":45,"column":44}},"32":{"start":{"line":46,"column":4},"end":{"line":46,"column":34}},"33":{"start":{"line":47,"column":4},"end":{"line":47,"column":34}},"34":{"start":{"line":48,"column":4},"end":{"line":52,"column":7}},"35":{"start":{"line":49,"column":8},"end":{"line":49,"column":65}},"36":{"start":{"line":50,"column":8},"end":{"line":50,"column":64}},"37":{"start":{"line":51,"column":8},"end":{"line":51,"column":51}},"38":{"start":{"line":53,"column":4},"end":{"line":56,"column":7}},"39":{"start":{"line":54,"column":8},"end":{"line":54,"column":65}},"40":{"start":{"line":55,"column":8},"end":{"line":55,"column":64}},"41":{"start":{"line":57,"column":4},"end":{"line":59,"column":7}},"42":{"start":{"line":58,"column":8},"end":{"line":58,"column":25}},"43":{"start":{"line":61,"column":0},"end":{"line":61,"column":38}}},"fnMap":{"0":{"name":"generateTooltips","decl":{"start":{"line":6,"column":9},"end":{"line":6,"column":25}},"loc":{"start":{"line":6,"column":32},"end":{"line":32,"column":1}}},"1":{"name":"(anonymous_1)","decl":{"start":{"line":12,"column":33},"end":{"line":12,"column":34}},"loc":{"start":{"line":12,"column":56},"end":{"line":31,"column":5}}},"2":{"name":"(anonymous_2)","decl":{"start":{"line":18,"column":44},"end":{"line":18,"column":45}},"loc":{"start":{"line":18,"column":61},"end":{"line":23,"column":9}}},"3":{"name":"(anonymous_3)","decl":{"start":{"line":24,"column":43},"end":{"line":24,"column":44}},"loc":{"start":{"line":24,"column":60},"end":{"line":27,"column":9}}},"4":{"name":"(anonymous_4)","decl":{"start":{"line":28,"column":44},"end":{"line":28,"column":45}},"loc":{"start":{"line":28,"column":61},"end":{"line":30,"column":9}}},"5":{"name":"betterUpdateTooltip","decl":{"start":{"line":34,"column":9},"end":{"line":34,"column":28}},"loc":{"start":{"line":34,"column":43},"end":{"line":36,"column":1}}},"6":{"name":"updateTooltip","decl":{"start":{"line":38,"column":9},"end":{"line":38,"column":22}},"loc":{"start":{"line":38,"column":34},"end":{"line":60,"column":1}}},"7":{"name":"(anonymous_7)","decl":{"start":{"line":48,"column":39},"end":{"line":48,"column":40}},"loc":{"start":{"line":48,"column":56},"end":{"line":52,"column":5}}},"8":{"name":"(anonymous_8)","decl":{"start":{"line":53,"column":38},"end":{"line":53,"column":39}},"loc":{"start":{"line":53,"column":55},"end":{"line":56,"column":5}}},"9":{"name":"(anonymous_9)","decl":{"start":{"line":57,"column":39},"end":{"line":57,"column":40}},"loc":{"start":{"line":57,"column":56},"end":{"line":59,"column":5}}}},"branchMap":{"0":{"loc":{"start":{"line":7,"column":4},"end":{"line":10,"column":8}},"type":"if","locations":[{"start":{"line":7,"column":4},"end":{"line":10,"column":8}},{"start":{"line":7,"column":4},"end":{"line":10,"column":8}}]},"1":{"loc":{"start":{"line":39,"column":4},"end":{"line":42,"column":8}},"type":"if","locations":[{"start":{"line":39,"column":4},"end":{"line":42,"column":8}},{"start":{"line":39,"column":4},"end":{"line":42,"column":8}}]}},"s":{"0":1,"1":1,"2":1,"3":1,"4":1,"5":1,"6":0,"7":0,"8":0,"9":0,"10":0,"11":0,"12":0,"13":0,"14":0,"15":0,"16":0,"17":0,"18":0,"19":0,"20":0,"21":0,"22":0,"23":0,"24":0,"25":1,"26":0,"27":1,"28":0,"29":0,"30":0,"31":0,"32":0,"33":0,"34":0,"35":0,"36":0,"37":0,"38":0,"39":0,"40":0,"41":0,"42":0,"43":1},"f":{"0":0,"1":0,"2":0,"3":0,"4":0,"5":0,"6":0,"7":0,"8":0,"9":0},"b":{"0":[0,0],"1":[0,0]},"_coverageSchema":"332fd63041d2c1bcb487cc26dd0d5f7d97098a6c","hash":"14736999d1a98a754da2094745afda706fab6199"}
,"C:\\Users\\Emma Ramirez\\Code\\Clickopolis\\src\\classes\\trait.ts": {"path":"C:\\Users\\Emma Ramirez\\Code\\Clickopolis\\src\\classes\\trait.ts","statementMap":{"0":{"start":{"line":1,"column":13},"end":{"line":1,"column":42}},"1":{"start":{"line":1,"column":42},"end":{"line":1,"column":55}},"2":{"start":{"line":2,"column":0},"end":{"line":2,"column":62}}},"fnMap":{},"branchMap":{},"s":{"0":1,"1":1,"2":1},"f":{},"b":{},"_coverageSchema":"332fd63041d2c1bcb487cc26dd0d5f7d97098a6c","hash":"7721804da318a28d95c888ada6e7a498ef5859c6"}
,"C:\\Users\\Emma Ramirez\\Code\\Clickopolis\\src\\classes\\wonder.ts": {"path":"C:\\Users\\Emma Ramirez\\Code\\Clickopolis\\src\\classes\\wonder.ts","statementMap":{"0":{"start":{"line":1,"column":13},"end":{"line":1,"column":42}},"1":{"start":{"line":1,"column":42},"end":{"line":1,"column":55}},"2":{"start":{"line":2,"column":0},"end":{"line":2,"column":62}},"3":{"start":{"line":3,"column":14},"end":{"line":25,"column":3}},"4":{"start":{"line":5,"column":8},"end":{"line":5,"column":80}},"5":{"start":{"line":5,"column":36},"end":{"line":5,"column":78}},"6":{"start":{"line":5,"column":62},"end":{"line":5,"column":75}},"7":{"start":{"line":6,"column":8},"end":{"line":6,"column":56}},"8":{"start":{"line":6,"column":31},"end":{"line":6,"column":54}},"9":{"start":{"line":7,"column":8},"end":{"line":7,"column":25}},"10":{"start":{"line":8,"column":8},"end":{"line":8,"column":23}},"11":{"start":{"line":9,"column":8},"end":{"line":9,"column":35}},"12":{"start":{"line":10,"column":8},"end":{"line":10,"column":43}},"13":{"start":{"line":11,"column":8},"end":{"line":11,"column":31}},"14":{"start":{"line":12,"column":8},"end":{"line":12,"column":31}},"15":{"start":{"line":13,"column":8},"end":{"line":13,"column":39}},"16":{"start":{"line":14,"column":8},"end":{"line":14,"column":29}},"17":{"start":{"line":15,"column":8},"end":{"line":15,"column":35}},"18":{"start":{"line":16,"column":8},"end":{"line":16,"column":25}},"19":{"start":{"line":18,"column":4},"end":{"line":20,"column":6}},"20":{"start":{"line":19,"column":8},"end":{"line":19,"column":42}},"21":{"start":{"line":21,"column":4},"end":{"line":23,"column":6}},"22":{"start":{"line":22,"column":8},"end":{"line":22,"column":84}},"23":{"start":{"line":24,"column":4},"end":{"line":24,"column":18}},"24":{"start":{"line":26,"column":0},"end":{"line":26,"column":24}}},"fnMap":{"0":{"name":"(anonymous_0)","decl":{"start":{"line":3,"column":14},"end":{"line":3,"column":15}},"loc":{"start":{"line":3,"column":26},"end":{"line":25,"column":1}}},"1":{"name":"Wonder","decl":{"start":{"line":4,"column":13},"end":{"line":4,"column":19}},"loc":{"start":{"line":4,"column":113},"end":{"line":17,"column":5}}},"2":{"name":"(anonymous_2)","decl":{"start":{"line":5,"column":48},"end":{"line":5,"column":49}},"loc":{"start":{"line":5,"column":60},"end":{"line":5,"column":77}}},"3":{"name":"(anonymous_3)","decl":{"start":{"line":6,"column":38},"end":{"line":6,"column":39}},"loc":{"start":{"line":6,"column":50},"end":{"line":6,"column":53}}},"4":{"name":"(anonymous_4)","decl":{"start":{"line":18,"column":30},"end":{"line":18,"column":31}},"loc":{"start":{"line":18,"column":42},"end":{"line":20,"column":5}}},"5":{"name":"(anonymous_5)","decl":{"start":{"line":21,"column":38},"end":{"line":21,"column":39}},"loc":{"start":{"line":21,"column":50},"end":{"line":23,"column":5}}}},"branchMap":{"0":{"loc":{"start":{"line":5,"column":8},"end":{"line":5,"column":80}},"type":"if","locations":[{"start":{"line":5,"column":8},"end":{"line":5,"column":80}},{"start":{"line":5,"column":8},"end":{"line":5,"column":80}}]},"1":{"loc":{"start":{"line":6,"column":8},"end":{"line":6,"column":56}},"type":"if","locations":[{"start":{"line":6,"column":8},"end":{"line":6,"column":56}},{"start":{"line":6,"column":8},"end":{"line":6,"column":56}}]}},"s":{"0":1,"1":1,"2":1,"3":1,"4":6,"5":0,"6":0,"7":6,"8":0,"9":6,"10":6,"11":6,"12":6,"13":6,"14":6,"15":6,"16":6,"17":6,"18":6,"19":1,"20":0,"21":1,"22":0,"23":1,"24":1},"f":{"0":1,"1":6,"2":0,"3":0,"4":0,"5":0},"b":{"0":[0,6],"1":[0,6]},"_coverageSchema":"332fd63041d2c1bcb487cc26dd0d5f7d97098a6c","hash":"4a98ff2752f6bb2d4f8e82787e24bfab4b651803"}
,"C:\\Users\\Emma Ramirez\\Code\\Clickopolis\\src\\components\\Resources\\BiomeBlock.tsx": {"path":"C:\\Users\\Emma Ramirez\\Code\\Clickopolis\\src\\components\\Resources\\BiomeBlock.tsx","statementMap":{"0":{"start":{"line":1,"column":13},"end":{"line":1,"column":42}},"1":{"start":{"line":1,"column":42},"end":{"line":1,"column":55}},"2":{"start":{"line":2,"column":16},"end":{"line":11,"column":4}},"3":{"start":{"line":3,"column":24},"end":{"line":5,"column":82}},"4":{"start":{"line":4,"column":65},"end":{"line":4,"column":81}},"5":{"start":{"line":5,"column":26},"end":{"line":5,"column":80}},"6":{"start":{"line":5,"column":43},"end":{"line":5,"column":80}},"7":{"start":{"line":5,"column":68},"end":{"line":5,"column":80}},"8":{"start":{"line":6,"column":4},"end":{"line":10,"column":6}},"9":{"start":{"line":7,"column":8},"end":{"line":7,"column":28}},"10":{"start":{"line":8,"column":24},"end":{"line":8,"column":45}},"11":{"start":{"line":9,"column":8},"end":{"line":9,"column":93}},"12":{"start":{"line":12,"column":0},"end":{"line":12,"column":62}},"13":{"start":{"line":13,"column":12},"end":{"line":13,"column":28}},"14":{"start":{"line":14,"column":18},"end":{"line":25,"column":18}},"15":{"start":{"line":15,"column":4},"end":{"line":15,"column":34}},"16":{"start":{"line":17,"column":8},"end":{"line":17,"column":48}},"17":{"start":{"line":19,"column":4},"end":{"line":23,"column":6}},"18":{"start":{"line":20,"column":17},"end":{"line":20,"column":27}},"19":{"start":{"line":20,"column":36},"end":{"line":20,"column":43}},"20":{"start":{"line":20,"column":59},"end":{"line":20,"column":73}},"21":{"start":{"line":21,"column":8},"end":{"line":22,"column":76}},"22":{"start":{"line":24,"column":4},"end":{"line":24,"column":22}},"23":{"start":{"line":26,"column":0},"end":{"line":26,"column":32}}},"fnMap":{"0":{"name":"(anonymous_0)","decl":{"start":{"line":2,"column":45},"end":{"line":2,"column":46}},"loc":{"start":{"line":2,"column":57},"end":{"line":11,"column":1}}},"1":{"name":"(anonymous_1)","decl":{"start":{"line":4,"column":47},"end":{"line":4,"column":48}},"loc":{"start":{"line":4,"column":63},"end":{"line":4,"column":83}}},"2":{"name":"(anonymous_2)","decl":{"start":{"line":5,"column":8},"end":{"line":5,"column":9}},"loc":{"start":{"line":5,"column":24},"end":{"line":5,"column":82}}},"3":{"name":"(anonymous_3)","decl":{"start":{"line":6,"column":11},"end":{"line":6,"column":12}},"loc":{"start":{"line":6,"column":27},"end":{"line":10,"column":5}}},"4":{"name":"__","decl":{"start":{"line":8,"column":17},"end":{"line":8,"column":19}},"loc":{"start":{"line":8,"column":22},"end":{"line":8,"column":47}}},"5":{"name":"(anonymous_5)","decl":{"start":{"line":14,"column":18},"end":{"line":14,"column":19}},"loc":{"start":{"line":14,"column":36},"end":{"line":25,"column":1}}},"6":{"name":"BiomeBlock","decl":{"start":{"line":16,"column":13},"end":{"line":16,"column":23}},"loc":{"start":{"line":16,"column":31},"end":{"line":18,"column":5}}},"7":{"name":"(anonymous_7)","decl":{"start":{"line":19,"column":34},"end":{"line":19,"column":35}},"loc":{"start":{"line":19,"column":46},"end":{"line":23,"column":5}}}},"branchMap":{"0":{"loc":{"start":{"line":2,"column":16},"end":{"line":11,"column":4}},"type":"binary-expr","locations":[{"start":{"line":2,"column":17},"end":{"line":2,"column":21}},{"start":{"line":2,"column":25},"end":{"line":2,"column":39}},{"start":{"line":2,"column":44},"end":{"line":11,"column":4}}]},"1":{"loc":{"start":{"line":3,"column":24},"end":{"line":5,"column":82}},"type":"binary-expr","locations":[{"start":{"line":3,"column":24},"end":{"line":3,"column":45}},{"start":{"line":4,"column":9},"end":{"line":4,"column":43}},{"start":{"line":4,"column":47},"end":{"line":4,"column":83}},{"start":{"line":5,"column":8},"end":{"line":5,"column":82}}]},"2":{"loc":{"start":{"line":5,"column":43},"end":{"line":5,"column":80}},"type":"if","locations":[{"start":{"line":5,"column":43},"end":{"line":5,"column":80}},{"start":{"line":5,"column":43},"end":{"line":5,"column":80}}]},"3":{"loc":{"start":{"line":9,"column":22},"end":{"line":9,"column":92}},"type":"cond-expr","locations":[{"start":{"line":9,"column":35},"end":{"line":9,"column":51}},{"start":{"line":9,"column":55},"end":{"line":9,"column":91}}]},"4":{"loc":{"start":{"line":17,"column":15},"end":{"line":17,"column":47}},"type":"binary-expr","locations":[{"start":{"line":17,"column":15},"end":{"line":17,"column":39}},{"start":{"line":17,"column":43},"end":{"line":17,"column":47}}]}},"s":{"0":2,"1":2,"2":2,"3":2,"4":0,"5":0,"6":0,"7":0,"8":2,"9":2,"10":2,"11":2,"12":2,"13":2,"14":2,"15":2,"16":2,"17":2,"18":2,"19":2,"20":2,"21":2,"22":2,"23":2},"f":{"0":2,"1":0,"2":0,"3":2,"4":2,"5":2,"6":2,"7":2},"b":{"0":[2,2,2],"1":[2,0,0,0],"2":[0,0],"3":[0,2],"4":[2,2]},"inputSourceMap":{"version":3,"file":"BiomeBlock.js","sourceRoot":"","sources":["BiomeBlock.tsx"],"names":[],"mappings":";;;;;;;;;;;;AAAA,6BAA+B;AAM/B;IAAgC,8BAAuB;IACrD,oBAAY,KAAK;eACf,kBAAM,KAAK,CAAC;IACd,CAAC;IAEM,2BAAM,GAAb;QACQ,IAAA,eAAkC,EAAhC,cAAI,EAAE,4BAAW,CAAgB;QACzC,MAAM,CAAC,CACL,6BAAK,SAAS,EAAC,aAAa;YAC1B,6BAAK,SAAS,EAAC,YAAY,IAAG,IAAI,CAAQ,CACtC,CACP,CAAA;IACH,CAAC;IACH,iBAAC;AAAD,CAAC,AAbD,CAAgC,KAAK,CAAC,SAAS,GAa9C;AAbY,gCAAU","sourcesContent":["import * as React from 'react';\r\nimport { IBiome } from '../../classes';\r\nimport { Partial } from '../../utils';\r\n\r\ntype BiomeBlockProps = Partial<IBiome>;\r\n\r\nexport class BiomeBlock extends React.Component<{}, {}> {\r\n  constructor(props) {\r\n    super(props);\r\n  }\r\n\r\n  public render() {\r\n    const { name, description } = this.props;\r\n    return (\r\n      <div className='biome-block'>\r\n        <div className='biome-name'>{ name }</div>\r\n      </div>\r\n    )\r\n  }\r\n}\r\n"]},"_coverageSchema":"332fd63041d2c1bcb487cc26dd0d5f7d97098a6c","hash":"ea4799f82b30b3065653851bac54fc61632bb504"}
,"C:\\Users\\Emma Ramirez\\Code\\Clickopolis\\src\\components\\Resources\\MainButtons.tsx": {"path":"C:\\Users\\Emma Ramirez\\Code\\Clickopolis\\src\\components\\Resources\\MainButtons.tsx","statementMap":{"0":{"start":{"line":1,"column":13},"end":{"line":1,"column":42}},"1":{"start":{"line":1,"column":42},"end":{"line":1,"column":55}},"2":{"start":{"line":2,"column":16},"end":{"line":11,"column":4}},"3":{"start":{"line":3,"column":24},"end":{"line":5,"column":82}},"4":{"start":{"line":4,"column":65},"end":{"line":4,"column":81}},"5":{"start":{"line":5,"column":26},"end":{"line":5,"column":80}},"6":{"start":{"line":5,"column":43},"end":{"line":5,"column":80}},"7":{"start":{"line":5,"column":68},"end":{"line":5,"column":80}},"8":{"start":{"line":6,"column":4},"end":{"line":10,"column":6}},"9":{"start":{"line":7,"column":8},"end":{"line":7,"column":28}},"10":{"start":{"line":8,"column":24},"end":{"line":8,"column":45}},"11":{"start":{"line":9,"column":8},"end":{"line":9,"column":93}},"12":{"start":{"line":12,"column":0},"end":{"line":12,"column":62}},"13":{"start":{"line":13,"column":12},"end":{"line":13,"column":28}},"14":{"start":{"line":14,"column":13},"end":{"line":14,"column":31}},"15":{"start":{"line":15,"column":19},"end":{"line":28,"column":18}},"16":{"start":{"line":16,"column":4},"end":{"line":16,"column":35}},"17":{"start":{"line":18,"column":8},"end":{"line":18,"column":48}},"18":{"start":{"line":20,"column":4},"end":{"line":26,"column":6}},"19":{"start":{"line":21,"column":8},"end":{"line":25,"column":83}},"20":{"start":{"line":27,"column":4},"end":{"line":27,"column":23}},"21":{"start":{"line":29,"column":0},"end":{"line":29,"column":34}}},"fnMap":{"0":{"name":"(anonymous_0)","decl":{"start":{"line":2,"column":45},"end":{"line":2,"column":46}},"loc":{"start":{"line":2,"column":57},"end":{"line":11,"column":1}}},"1":{"name":"(anonymous_1)","decl":{"start":{"line":4,"column":47},"end":{"line":4,"column":48}},"loc":{"start":{"line":4,"column":63},"end":{"line":4,"column":83}}},"2":{"name":"(anonymous_2)","decl":{"start":{"line":5,"column":8},"end":{"line":5,"column":9}},"loc":{"start":{"line":5,"column":24},"end":{"line":5,"column":82}}},"3":{"name":"(anonymous_3)","decl":{"start":{"line":6,"column":11},"end":{"line":6,"column":12}},"loc":{"start":{"line":6,"column":27},"end":{"line":10,"column":5}}},"4":{"name":"__","decl":{"start":{"line":8,"column":17},"end":{"line":8,"column":19}},"loc":{"start":{"line":8,"column":22},"end":{"line":8,"column":47}}},"5":{"name":"(anonymous_5)","decl":{"start":{"line":15,"column":19},"end":{"line":15,"column":20}},"loc":{"start":{"line":15,"column":37},"end":{"line":28,"column":1}}},"6":{"name":"MainButtons","decl":{"start":{"line":17,"column":13},"end":{"line":17,"column":24}},"loc":{"start":{"line":17,"column":32},"end":{"line":19,"column":5}}},"7":{"name":"(anonymous_7)","decl":{"start":{"line":20,"column":35},"end":{"line":20,"column":36}},"loc":{"start":{"line":20,"column":47},"end":{"line":26,"column":5}}}},"branchMap":{"0":{"loc":{"start":{"line":2,"column":16},"end":{"line":11,"column":4}},"type":"binary-expr","locations":[{"start":{"line":2,"column":17},"end":{"line":2,"column":21}},{"start":{"line":2,"column":25},"end":{"line":2,"column":39}},{"start":{"line":2,"column":44},"end":{"line":11,"column":4}}]},"1":{"loc":{"start":{"line":3,"column":24},"end":{"line":5,"column":82}},"type":"binary-expr","locations":[{"start":{"line":3,"column":24},"end":{"line":3,"column":45}},{"start":{"line":4,"column":9},"end":{"line":4,"column":43}},{"start":{"line":4,"column":47},"end":{"line":4,"column":83}},{"start":{"line":5,"column":8},"end":{"line":5,"column":82}}]},"2":{"loc":{"start":{"line":5,"column":43},"end":{"line":5,"column":80}},"type":"if","locations":[{"start":{"line":5,"column":43},"end":{"line":5,"column":80}},{"start":{"line":5,"column":43},"end":{"line":5,"column":80}}]},"3":{"loc":{"start":{"line":9,"column":22},"end":{"line":9,"column":92}},"type":"cond-expr","locations":[{"start":{"line":9,"column":35},"end":{"line":9,"column":51}},{"start":{"line":9,"column":55},"end":{"line":9,"column":91}}]},"4":{"loc":{"start":{"line":18,"column":15},"end":{"line":18,"column":47}},"type":"binary-expr","locations":[{"start":{"line":18,"column":15},"end":{"line":18,"column":39}},{"start":{"line":18,"column":43},"end":{"line":18,"column":47}}]}},"s":{"0":1,"1":1,"2":1,"3":1,"4":0,"5":0,"6":0,"7":0,"8":1,"9":1,"10":1,"11":1,"12":1,"13":1,"14":1,"15":1,"16":1,"17":1,"18":1,"19":1,"20":1,"21":1},"f":{"0":1,"1":0,"2":0,"3":1,"4":1,"5":1,"6":1,"7":1},"b":{"0":[1,1,1],"1":[1,0,0,0],"2":[0,0],"3":[0,1],"4":[1,1]},"inputSourceMap":{"version":3,"file":"MainButtons.js","sourceRoot":"","sources":["MainButtons.tsx"],"names":[],"mappings":";;;;;;;;;;;;AAAA,6BAA+B;AAC/B,gCAAiC;AAEjC;IAAiC,+BAAuB;IACtD,qBAAY,KAAK;eACf,kBAAM,KAAK,CAAC;IACd,CAAC;IAEM,4BAAM,GAAb;QACE,MAAM,CAAC,CACL,6BAAK,SAAS,EAAC,sBAAsB;YACnC,oBAAC,aAAM,IAAC,OAAO,EAAC,WAAW;gBACzB,6BAAK,GAAG,EAAC,wBAAwB,GAAG;6BAC7B;YACT,oBAAC,aAAM,IAAC,OAAO,EAAC,WAAW,WAElB,CACL,CACP,CAAC;IACJ,CAAC;IACH,kBAAC;AAAD,CAAC,AAjBD,CAAiC,KAAK,CAAC,SAAS,GAiB/C;AAjBY,kCAAW","sourcesContent":["import * as React from 'react';\r\nimport { But
[...]
,"C:\\Users\\Emma Ramirez\\Code\\Clickopolis\\src\\utils\\tech.ts": {"path":"C:\\Users\\Emma Ramirez\\Code\\Clickopolis\\src\\utils\\tech.ts","statementMap":{"0":{"start":{"line":1,"column":13},"end":{"line":1,"column":42}},"1":{"start":{"line":1,"column":42},"end":{"line":1,"column":55}},"2":{"start":{"line":2,"column":0},"end":{"line":2,"column":62}},"3":{"start":{"line":3,"column":13},"end":{"line":3,"column":31}},"4":{"start":{"line":5,"column":4},"end":{"line":11,"column":5}},"5":{"start":{"line":6,"column":8},"end":{"line":6,"column":46}},"6":{"start":{"line":7,"column":8},"end":{"line":7,"column":20}},"7":{"start":{"line":10,"column":8},"end":{"line":10,"column":54}},"8":{"start":{"line":13,"column":0},"end":{"line":13,"column":32}},"9":{"start":{"line":15,"column":4},"end":{"line":15,"column":17}},"10":{"start":{"line":17,"column":0},"end":{"line":17,"column":34}}},"fnMap":{"0":{"name":"unlockTech","decl":{"start":{"line":4,"column":9},"end":{"line":4,"column":19}},"loc":{"start":{"line":4,"column":26},"end":{"line":12,"column":1}}},"1":{"name":"unlockTechs","decl":{"start":{"line":14,"column":9},"end":{"line":14,"column":20}},"loc":{"start":{"line":14,"column":28},"end":{"line":16,"column":1}}}},"branchMap":{"0":{"loc":{"start":{"line":5,"column":4},"end":{"line":11,"column":5}},"type":"if","locations":[{"start":{"line":5,"column":4},"end":{"line":11,"column":5}},{"start":{"line":5,"column":4},"end":{"line":11,"column":5}}]}},"s":{"0":1,"1":1,"2":1,"3":1,"4":0,"5":0,"6":0,"7":0,"8":1,"9":0,"10":1},"f":{"0":0,"1":0},"b":{"0":[0,0]},"_coverageSchema":"332fd63041d2c1bcb487cc26dd0d5f7d97098a6c","hash":"11f7eff7ef43a4abc9a949aadabcd621045d5068"}
,"C:\\Users\\Emma Ramirez\\Code\\Clickopolis\\src\\utils\\utils.ts": {"path":"C:\\Users\\Emma Ramirez\\Code\\Clickopolis\\src\\utils\\utils.ts","statementMap":{"0":{"start":{"line":1,"column":13},"end":{"line":1,"column":42}},"1":{"start":{"line":1,"column":42},"end":{"line":1,"column":55}},"2":{"start":{"line":2,"column":0},"end":{"line":2,"column":62}},"3":{"start":{"line":3,"column":0},"end":{"line":7,"column":2}},"4":{"start":{"line":4,"column":4},"end":{"line":6,"column":5}},"5":{"start":{"line":5,"column":8},"end":{"line":5,"column":42}},"6":{"start":{"line":9,"column":13},"end":{"line":9,"column":41}},"7":{"start":{"line":10,"column":4},"end":{"line":12,"column":7}},"8":{"start":{"line":11,"column":8},"end":{"line":11,"column":35}},"9":{"start":{"line":14,"column":0},"end":{"line":14,"column":34}},"10":{"start":{"line":16,"column":13},"end":{"line":141,"column":3}},"11":{"start":{"line":19,"column":4},"end":{"line":36,"column":6}},"12":{"start":{"line":20,"column":8},"end":{"line":20,"column":52}},"13":{"start":{"line":20,"column":36},"end":{"line":20,"column":50}},"14":{"start":{"line":21,"column":8},"end":{"line":21,"column":44}},"15":{"start":{"line":22,"column":21},"end":{"line":22,"column":78}},"16":{"start":{"line":23,"column":8},"end":{"line":34,"column":9}},"17":{"start":{"line":24,"column":23},"end":{"line":24,"column":48}},"18":{"start":{"line":25,"column":12},"end":{"line":33,"column":13}},"19":{"start":{"line":26,"column":16},"end":{"line":26,"column":69}},"20":{"start":{"line":27,"column":16},"end":{"line":30,"column":17}},"21":{"start":{"line":28,"column":20},"end":{"line":28,"column":28}},"22":{"start":{"line":29,"column":20},"end":{"line":29,"column":24}},"23":{"start":{"line":31,"column":16},"end":{"line":31,"column":33}},"24":{"start":{"line":32,"column":16},"end":{"line":32,"column":22}},"25":{"start":{"line":35,"column":8},"end":{"line":35,"column":19}},"26":{"start":{"line":37,"column":4},"end":{"line":39,"column":6}},"27":{"start":{"line":38,"column":8},"end":{"line":38,"column":58}},"28":{"start":{"line":40,"column":4},"end":{"line":42,"column":6}},"29":{"start":{"line":41,"column":8},"end":{"line":41,"column":91}},"30":{"start":{"line":43,"column":4},"end":{"line":45,"column":6}},"31":{"start":{"line":44,"column":8},"end":{"line":44,"column":59}},"32":{"start":{"line":46,"column":4},"end":{"line":52,"column":6}},"33":{"start":{"line":47,"column":8},"end":{"line":47,"column":44}},"34":{"start":{"line":47,"column":30},"end":{"line":47,"column":42}},"35":{"start":{"line":48,"column":8},"end":{"line":51,"column":52}},"36":{"start":{"line":49,"column":12},"end":{"line":49,"column":49}},"37":{"start":{"line":51,"column":12},"end":{"line":51,"column":52}},"38":{"start":{"line":53,"column":4},"end":{"line":56,"column":6}},"39":{"start":{"line":54,"column":8},"end":{"line":54,"column":26}},"40":{"start":{"line":55,"column":8},"end":{"line":55,"column":40}},"41":{"start":{"line":57,"column":4},"end":{"line":66,"column":6}},"42":{"start":{"line":59,"column":8},"end":{"line":65,"column":10}},"43":{"start":{"line":60,"column":12},"end":{"line":63,"column":13}},"44":{"start":{"line":61,"column":16},"end":{"line":61,"column":62}},"45":{"start":{"line":62,"column":16},"end":{"line":62,"column":26}},"46":{"start":{"line":64,"column":12},"end":{"line":64,"column":26}},"47":{"start":{"line":67,"column":4},"end":{"line":74,"column":6}},"48":{"start":{"line":68,"column":8},"end":{"line":68,"column":58}},"49":{"start":{"line":68,"column":36},"end":{"line":68,"column":56}},"50":{"start":{"line":70,"column":30},"end":{"line":70,"column":191}},"51":{"start":{"line":71,"column":12},"end":{"line":71,"column":31}},"52":{"start":{"line":73,"column":8},"end":{"line":73,"column":24}},"53":{"start":{"line":75,"column":4},"end":{"line":78,"column":6}},"54":{"start":{"line":76,"column":26},"end":{"line":76,"column":158}},"55":{"start":{"line":77,"column":8},"end":{"line":77,"column":27}},"56":{"start":{"line":79,"column":4},"end":{"line":93,"column":6}},"57":{"start":{"line":81,"column":8},"end":{"line":91,"column":9}},"58":{"start":{"line":82,"column":12},"end":{"line":82,"column":53}},"59":{"start":{"line":85,"column":12},"end":{"line":90,"column":13}},"60":{"start":{"line":86,"column":16},"end":{"line":86,"column":190}},"61":{"start":{"line":89,"column":16},"end":{"line":89,"column":347}},"62":{"start":{"line":92,"column":8},"end":{"line":92,"column":17}},"63":{"start":{"line":94,"column":4},"end":{"line":98,"column":6}},"64":{"start":{"line":95,"column":8},"end":{"line":95,"column":47}},"65":{"start":{"line":96,"column":18},"end":{"line":96,"column":64}},"66":{"start":{"line":97,"column":8},"end":{"line":97,"column":49}},"67":{"start":{"line":99,"column":4},"end":{"line":103,"column":6}},"68":{"start":{"line":100,"column":8},"end":{"line":100,"column":45}},"69":{"start":{"line":101,"column":18},"end":{"line":101,"column":49}},"70":{"start":{"line":102,"column":8},"end":{"line":102,"column":49}},"71":{"start":{"line":104,"column":4},"end":{"line":108,"column":6}},"72":{"start":{"line":105,"column":8},"end":{"line":105,"column":43}},"73":{"start":{"line":106,"column":18},"end":{"line":106,"column":62}},"74":{"start":{"line":107,"column":8},"end":{"line":107,"column":49}},"75":{"start":{"line":109,"column":4},"end":{"line":114,"column":6}},"76":{"start":{"line":110,"column":16},"end":{"line":110,"column":36}},"77":{"start":{"line":111,"column":16},"end":{"line":111,"column":41}},"78":{"start":{"line":112,"column":16},"end":{"line":112,"column":41}},"79":{"start":{"line":113,"column":8},"end":{"line":113,"column":98}},"80":{"start":{"line":115,"column":4},"end":{"line":119,"column":6}},"81":{"start":{"line":116,"column":8},"end":{"line":118,"column":11}},"82":{"start":{"line":117,"column":12},"end":{"line":117,"column":77}},"83":{"start":{"line":120,"column":4},"end":{"line":124,"column":6}},"84":{"start":{"line":121,"column":8},"end":{"line":121,"column":47}},"85":{"start":{"line":122,"column":18},"end":{"line":122,"column":64}},"86":{"start":{"line":123,"column":8},"end":{"line":123,"column":49}},"87":{"start":{"line":125,"column":4},"end":{"line":129,"column":6}},"88":{"start":{"line":126,"column":8},"end":{"line":126,"column":45}},"89":{"start":{"line":127,"column":18},"end":{"line":127,"column":49}},"90":{"start":{"line":128,"column":8},"end":{"line":128,"column":49}},"91":{"start":{"line":130,"column":4},"end":{"line":134,"column":6}},"92":{"start":{"line":131,"column":8},"end":{"line":131,"column":48}},"93":{"start":{"line":132,"column":18},"end":{"line":132,"column":64}},"94":{"start":{"line":133,"column":8},"end":{"line":133,"column":48}},"95":{"start":{"line":135,"column":4},"end":{"line":139,"column":6}},"96":{"start":{"line":136,"column":8},"end":{"line":136,"column":43}},"97":{"start":{"line":137,"column":18},"end":{"line":137,"column":60}},"98":{"start":{"line":138,"column":8},"end":{"line":138,"column":47}},"99":{"start":{"line":140,"column":4},"end":{"line":140,"column":17}},"100":{"start":{"line":142,"column":0},"end":{"line":142,"column":22}}},"fnMap":{"0":{"name":"(anonymous_0)","decl":{"start":{"line":3,"column":30},"end":{"line":3,"column":31}},"loc":{"start":{"line":3,"column":64},"end":{"line":7,"column":1}}},"1":{"name":"bindElement","decl":{"start":{"line":8,"column":9},"end":{"line":8,"column":20}},"loc":{"start":{"line":8,"column":48},"end":{"line":13,"column":1}}},"2":{"name":"(anonymous_2)","decl":{"start":{"line":10,"column":35},"end":{"line":10,"column":36}},"loc":{"start":{"line":10,"column":52},"end":{"line":12,"column":5}}},"3":{"name":"(anonymous_3)","decl":{"start":{"line":16,"column":13},"end":{"line":16,"column":14}},"loc":{"start":{"line":16,"column":25},"end":{"line":141,"column":1}}},"4":{"name":"Utils","decl":{"start":{"line":17,"column":13},"end":{"line":17,"column":18}},"loc":{"start":{"line":17,"column":21},"end":{"line":18,"column":5}}},"5":{"name":"(anonymous_5)","decl":{"start":{"line":19,"column":30},"end":{"line":19,"column":31}},"loc":{"start":{"line":19,"column":56},"end":{"line":36,"column":5}}},"6":{"name":"(anonymous_6)","decl":{"start":{"line":37,"column":33},"end":{"line":37,"column":34}},"loc":{"start":{"line":37,"column":48},"end":{"line":39,"column":5}}},"7":{"name":"(anonymous_7)","decl":{"start":{"line":40,"column":32},"end":{"line":40,"column":33}},"loc":{"start":{"line":40,"column":47},"end":{"line":42,"column":5}}},"8":{"name":"(anonymous_8)","decl":{"start":{"line":43,"column":29},"end":{"line":43,"column":30}},"loc":{"start":{"line":43,"column":44},"end":{"line":45,"column":5}}},"9":{"name":"(anonymous_9)","decl":{"start":{"line":46,"column":26},"end":{"line":46,"column":27}},"loc":{"start":{"line":46,"column":48},"end":{"line":52,"column":5}}},"10":{"name":"(anonymous_10)","decl":{"start":{"line":53,"column":34},"end":{"line":53,"column":35}},"loc":{"start":{"line":53,"column":53},"end":{"line":56,"column":5}}},"11":{"name":"(anonymous_11)","decl":{"start":{"line":57,"column":27},"end":{"line":57,"column":28}},"loc":{"start":{"line":57,"column":50},"end":{"line":66,"column":5}}},"12":{"name":"(anonymous_12)","decl":{"start":{"line":59,"column":15},"end":{"line":59,"column":16}},"loc":{"start":{"line":59,"column":27},"end":{"line":65,"column":9}}},"13":{"name":"(anonymous_13)","decl":{"start":{"line":67,"column":34},"end":{"line":67,"column":35}},"loc":{"start":{"line":67,"column":89},"end":{"line":74,"column":5}}},"14":{"name":"render","decl":{"start":{"line":69,"column":17},"end":{"line":69,"column":23}},"loc":{"start":{"line":69,"column":26},"end":{"line":72,"column":9}}},"15":{"name":"(anonymous_15)","decl":{"start":{"line":75,"column":34},"end":{"line":75,"column":35}},"loc":{"start":{"line":75,"column":46},"end":{"line":78,"column":5}}},"16":{"name":"(anonymous_16)","decl":{"start":{"line":79,"column":39},"end":{"line":79,"column":40}},"loc":{"start":{"line":79,"column":52},"end":{"line":93,"column":5}}},"17":{"name":"(anonymous_17)","decl":{"start":{"line":94,"column":35},"end":{"line":94,"column":36}},"loc":{"start":{"line":94,"column":66},"end":{"line":98,"column":5}}},"18":{"name":"(anonymous_18)","decl":{"start":{"line":99,"column":34},"end":{"line":99,"column":35}},"loc":{"start":{"line":99,"column":63},"end":{"line":103,"column":5}}},"19":{"name":"(anonymous_19)","decl":{"start":{"line":104,"column":33},"end":{"line":104,"column":34}},"loc":{"start":{"line":104,"column":60},"end":{"line":108,"column":5}}},"20":{"name":"(anonymous_20)","decl":{"start":{"line":109,"column":27},"end":{"line":109,"column":28}},"loc":{"start":{"line":109,"column":40},"end":{"line":114,"column":5}}},"21":{"name":"(anonymous_21)","decl":{"start":{"line":115,"column":32},"end":{"line":115,"column":33}},"loc":{"start":{"line":115,"column":47},"end":{"line":119,"column":5}}},"22":{"name":"(anonymous_22)","decl":{"start":{"line":116,"column":37},"end":{"line":116,"column":38}},"loc":{"start":{"line":116,"column":52},"end":{"line":118,"column":9}}},"23":{"name":"(anonymous_23)","decl":{"start":{"line":120,"column":37},"end":{"line":120,"column":38}},"loc":{"start":{"line":120,"column":68},"end":{"line":124,"column":5}}},"24":{"name":"(anonymous_24)","decl":{"start":{"line":125,"column":36},"end":{"line":125,"column":37}},"loc":{"start":{"line":125,"column":65},"end":{"line":129,"column":5}}},"25":{"name":"(anonymous_25)","decl":{"start":{"line":130,"column":37},"end":{"line":130,"column":38}},"loc":{"start":{"line":130,"column":68},"end":{"line":134,"column":5}}},"26":{"name":"(anonymous_26)","decl":{"start":{"line":135,"column":35},"end":{"line":135,"column":36}},"loc":{"start":{"line":135,"column":62},"end":{"line":139,"column":5}}}},"branchMap":{"0":{"loc":{"start":{"line":20,"column":8},"end":{"line":20,"column":52}},"type":"if","locations":[{"start":{"line":20,"column":8},"end":{"line":20,"column":52}},{"start":{"line":20,"column":8},"end":{"line":20,"column":52}}]},"1":{"loc":{"start":{"line":25,"column":12},"end":{"line":33,"column":13}},"type":"if","locations":[{"start":{"line":25,"column":12},"end":{"line":33,"column":13}},{"start":{"line":25,"column":12},"end":{"line":33,"column":13}}]},"2":{"loc":{"start":{"line":27,"column":16},"end":{"line":30,"column":17}},"type":"if","locations":[{"start":{"line":27,"column":16},"end":{"line":30,"column":17}},{"start":{"line":27,"column":16},"end":{"line":30,"column":17}}]},"3":{"loc":{"start":{"line":27,"column":20},"end":{"line":27,"column":61}},"type":"binary-expr","locations":[{"start":{"line":27,"column":21},"end":{"line":27,"column":33}},{"start":{"line":27,"column":39},"end":{"line":27,"column":60}}]},"4":{"loc":{"start":{"line":47,"column":8},"end":{"line":47,"column":44}},"type":"if","locations":[{"start":{"line":47,"column":8},"end":{"line":47,"column":44}},{"start":{"line":47,"column":8},"end":{"line":47,"column":44}}]},"5":{"loc":{"start":{"line":48,"column":8},"end":{"line":51,"column":52}},"type":"if","locations":[{"start":{"line":48,"column":8},"end":{"line":51,"column":52}},{"start":{"line":48,"column":8},"end":{"line":51,"column":52}}]},"6":{"loc":{"start":{"line":60,"column":12},"end":{"line":63,"column":13}},"type":"if","locations":[{"start":{"line":60,"column":12},"end":{"line":63,"column":13}},{"start":{"line":60,"column":12},"end":{"line":63,"column":13}}]},"7":{"loc":{"start":{"line":61,"column":34},"end":{"line":61,"column":49}},"type":"binary-expr","locations":[{"start":{"line":61,"column":34},"end":{"line":61,"column":41}},{"start":{"line":61,"column":45},"end":{"line":61,"column":49}}]},"8":{"loc":{"start":{"line":68,"column":8},"end":{"line":68,"column":58}},"type":"if","locations":[{"start":{"line":68,"column":8},"end":{"line":68,"column":58}},{"start":{"line":68,"column":8},"end":{"line":68,"column":58}}]},"9":{"loc":{"start":{"line":81,"column":8},"end":{"line":91,"column":9}},"type":"if","locations":[{"start":{"line":81,"column":8},"end":{"line":91,"column":9}},{"start":{"line":81,"column":8},"end":{"line":91,"column":9}}]},"10":{"loc":{"start":{"line":85,"column":12},"end":{"line":90,"column":13}},"type":"if","locations":[{"start":{"line":85,"column":12},"end":{"line":90,"column":13}},{"start":{"line":85,"column":12},"end":{"line":90,"column":13}}]},"11":{"loc":{"start":{"line":86,"column":44},"end":{"line":86,"column":76}},"type":"cond-expr","locations":[{"start":{"line":86,"column":68},"end":{"line":86,"column":71}},{"start":{"line":86,"column":74},"end":{"line":86,"column":76}}]},"12":{"loc":{"start":{"line":89,"column":44},"end":{"line":89,"column":76}},"type":"cond-expr","locations":[{"start":{"line":89,"column":68},"end":{"line":89,"column":71}},{"start":{"line":89,"column":74},"end":{"line":89,"column":76}}]},"13":{"loc":{"start":{"line":89,"column":202},"end":{"line":89,"column":234}},"type":"cond-expr","locations":[{"start":{"line":89,"column":226},"end":{"line":89,"column":229}},{"start":{"line":89,"column":232},"end":{"line":89,"column":234}}]},"14":{"loc":{"start":{"line":113,"column":17},"end":{"line":113,"column":59}},"type":"cond-expr","locations":[{"start":{"line":113,"column":25},"end":{"line":113,"column":54}},{"start":{"line":113,"column":57},"end":{"line":113,"column":59}}]},"15":{"loc":{"start":{"line":113,"column":36},"end":{"line":113,"column":53}},"type":"cond-expr","locations":[{"start":{"line":113,"column":45},"end":{"line":113,"column":48}},{"start":{"line":113,"column":51},"end":{"line":113,"column":53}}]},"16":{"loc":{"start":{"line":113,"column":74},"end":{"line":113,"column":91}},"type":"cond-expr","locations":[{"start":{"line":113,"column":83},"end":{"line":113,"column":86}},{"start":{"line":113,"column":89},"end":{"line":113,"column":91}}]}},"s":{"0":1,"1":1,"2":1,"3":1,"4":0,"5":0,"6":0,"7":0,"8":0,"9":1,"10":1,"11":1,"12":0,"13":0,"14":0,"15":0,"16":0,"17":0,"18":0,"19":0,"20":0,"21":0,"22":0,"23":0,"24":0,"25":0,"26":1,"27":0,"28":1,"29":6,"30":1,"31":0,"32":1,"33":4,"34":4,"35":4,"36":4,"37":0,"38":1,"39":0,"40":0,"41":1,"42":0,"43":0,"44":0,"45":0,"46":0,"47":1,"48":0,"49":0,"50":0,"51":0,"52":0,"53":1,"54":0,"55":0,"56":1,"57":0,"58":0,"59":0,"60":0,"61":0,"62":0,"63":1,"64":0,"65":0,"66":0,"67":1,"68":0,"69":0,"70":0,"71":1,"72":0,"73":0,"74":0,"75":1,"76":0,"77":0,"78":0,"79":0,"80":1,"81":0,"82":0,"83":1,"84":0,"85":0,"86":0,"87":1,"88":0,"89":0,"90":0,"91":1,"92":0,"93":0,"94":0,"95":1,"96":0,"97":0,"98":0,"99":1,"100":1},"f":{"0":0,"1":0,"2":0,"3":1,"4":26,"5":0,"6":0,"7":6,"8":0,"9":4,"10":0,"11":0,"12":0,"13":0,"14":0,"15":0,"16":0,"17":0,"18":0,"19":0,"20":0,"21":0,"22":0,"23":0,"24":0,"25":0,"26":0},"b":{"0":[0,0],"1":[0,0],"2":[0,0],"3":[0,0],"4":[4,0],"5":[4,0],"6":[0,0],"7":[0,0],"8":[0,0],"9":[0,0],"10":[0,0],"11":[0,0],"12":[0,0],"13":[0,0],"14":[0,0],"15":[0,0],"16":[0,0]},"_coverageSchema":"332fd63041d2c1bcb487cc26dd0d5f7d97098a6c","hash":"f299ef28a286cf0ec8785556d75aee7c6c2fdf33"}
}
