{"C:\\Users\\Emma Ramirez\\Code\\Clickopolis\\__tests__\\BiomeBlock.spec.tsx": {"path":"C:\\Users\\Emma Ramirez\\Code\\Clickopolis\\__tests__\\BiomeBlock.spec.tsx","statementMap":{"0":{"start":{"line":1,"column":13},"end":{"line":1,"column":42}},"1":{"start":{"line":1,"column":42},"end":{"line":1,"column":55}},"2":{"start":{"line":2,"column":0},"end":{"line":2,"column":62}},"3":{"start":{"line":3,"column":12},"end":{"line":3,"column":28}},"4":{"start":{"line":4,"column":15},"end":{"line":4,"column":32}},"5":{"start":{"line":5,"column":19},"end":{"line":5,"column":68}},"6":{"start":{"line":6,"column":0},"end":{"line":10,"column":3}},"7":{"start":{"line":7,"column":4},"end":{"line":9,"column":7}},"8":{"start":{"line":8,"column":8},"end":{"line":8,"column":154}}},"fnMap":{"0":{"name":"(anonymous_0)","decl":{"start":{"line":6,"column":24},"end":{"line":6,"column":25}},"loc":{"start":{"line":6,"column":36},"end":{"line":10,"column":1}}},"1":{"name":"(anonymous_1)","decl":{"start":{"line":7,"column":24},"end":{"line":7,"column":25}},"loc":{"start":{"line":7,"column":36},"end":{"line":9,"column":5}}}},"branchMap":{},"s":{"0":1,"1":1,"2":1,"3":1,"4":1,"5":1,"6":1,"7":1,"8":1},"f":{"0":1,"1":1},"b":{},"inputSourceMap":{"version":3,"file":"BiomeBlock.spec.js","sourceRoot":"","sources":["BiomeBlock.spec.tsx"],"names":[],"mappings":";;AAAA,6BAA+B;AAE/B,iCAAgD;AAEhD,qEAAoE;AAEpE,QAAQ,CAAC,aAAa,EAAE;IACtB,EAAE,CAAC,eAAe,EAAE;QAClB,MAAM,CAAC,cAAK,CAAC,oBAAC,uBAAU,IAAC,IAAI,EAAC,QAAQ,EAAC,WAAW,EAAC,OAAO,GAAG,CAAC,CAAC,IAAI,CAAC,aAAa,CAAC,CAAC,MAAM,CAAC,CAAC,IAAI,CAAC,CAAC,CAAC,CAAC;IACrG,CAAC,CAAC,CAAC;AACL,CAAC,CAAC,CAAC","sourcesContent":["import * as React from 'react';\r\nimport * as ReactDOM from 'react-dom';\r\nimport { shallow, mount, render } from 'enzyme';\r\n\r\nimport { BiomeBlock } from '../src/components/Resources/BiomeBlock';\r\n\r\ndescribe('Biome Block', () => {\r\n  it('should render', () => {\r\n    expect(mount(<BiomeBlock name='Desert' description='Hello' />).find('.biome-name').length).toBe(1);\r\n  });\r\n});\r\n"]},"_coverageSchema":"332fd63041d2c1bcb487cc26dd0d5f7d97098a6c","hash":"0dc9d106b2b0d46d50bbce41e17189003c9f9d22"}
,"C:\\Users\\Emma Ramirez\\Code\\Clickopolis\\src\\components\\Resources\\BiomeBlock.tsx": {"path":"C:\\Users\\Emma Ramirez\\Code\\Clickopolis\\src\\components\\Resources\\BiomeBlock.tsx","statementMap":{"0":{"start":{"line":1,"column":13},"end":{"line":1,"column":42}},"1":{"start":{"line":1,"column":42},"end":{"line":1,"column":55}},"2":{"start":{"line":2,"column":16},"end":{"line":11,"column":4}},"3":{"start":{"line":3,"column":24},"end":{"line":5,"column":82}},"4":{"start":{"line":4,"column":65},"end":{"line":4,"column":81}},"5":{"start":{"line":5,"column":26},"end":{"line":5,"column":80}},"6":{"start":{"line":5,"column":43},"end":{"line":5,"column":80}},"7":{"start":{"line":5,"column":68},"end":{"line":5,"column":80}},"8":{"start":{"line":6,"column":4},"end":{"line":10,"column":6}},"9":{"start":{"line":7,"column":8},"end":{"line":7,"column":28}},"10":{"start":{"line":8,"column":24},"end":{"line":8,"column":45}},"11":{"start":{"line":9,"column":8},"end":{"line":9,"column":93}},"12":{"start":{"line":12,"column":0},"end":{"line":12,"column":62}},"13":{"start":{"line":13,"column":12},"end":{"line":13,"column":28}},"14":{"start":{"line":14,"column":18},"end":{"line":25,"column":18}},"15":{"start":{"line":15,"column":4},"end":{"line":15,"column":34}},"16":{"start":{"line":17,"column":8},"end":{"line":17,"column":48}},"17":{"start":{"line":19,"column":4},"end":{"line":23,"column":6}},"18":{"start":{"line":20,"column":17},"end":{"line":20,"column":27}},"19":{"start":{"line":20,"column":36},"end":{"line":20,"column":43}},"20":{"start":{"line":20,"column":59},"end":{"line":20,"column":73}},"21":{"start":{"line":21,"column":8},"end":{"line":22,"column":76}},"22":{"start":{"line":24,"column":4},"end":{"line":24,"column":22}},"23":{"start":{"line":26,"column":0},"end":{"line":26,"column":32}}},"fnMap":{"0":{"name":"(anonymous_0)","decl":{"start":{"line":2,"column":45},"end":{"line":2,"column":46}},"loc":{"start":{"line":2,"column":57},"end":{"line":11,"column":1}}},"1":{"name":"(anonymous_1)","decl":{"start":{"line":4,"column":47},"end":{"line":4,"column":48}},"loc":{"start":{"line":4,"column":63},"end":{"line":4,"column":83}}},"2":{"name":"(anonymous_2)","decl":{"start":{"line":5,"column":8},"end":{"line":5,"column":9}},"loc":{"start":{"line":5,"column":24},"end":{"line":5,"column":82}}},"3":{"name":"(anonymous_3)","decl":{"start":{"line":6,"column":11},"end":{"line":6,"column":12}},"loc":{"start":{"line":6,"column":27},"end":{"line":10,"column":5}}},"4":{"name":"__","decl":{"start":{"line":8,"column":17},"end":{"line":8,"column":19}},"loc":{"start":{"line":8,"column":22},"end":{"line":8,"column":47}}},"5":{"name":"(anonymous_5)","decl":{"start":{"line":14,"column":18},"end":{"line":14,"column":19}},"loc":{"start":{"line":14,"column":36},"end":{"line":25,"column":1}}},"6":{"name":"BiomeBlock","decl":{"start":{"line":16,"column":13},"end":{"line":16,"column":23}},"loc":{"start":{"line":16,"column":31},"end":{"line":18,"column":5}}},"7":{"name":"(anonymous_7)","decl":{"start":{"line":19,"column":34},"end":{"line":19,"column":35}},"loc":{"start":{"line":19,"column":46},"end":{"line":23,"column":5}}}},"branchMap":{"0":{"loc":{"start":{"line":2,"column":16},"end":{"line":11,"column":4}},"type":"binary-expr","locations":[{"start":{"line":2,"column":17},"end":{"line":2,"column":21}},{"start":{"line":2,"column":25},"end":{"line":2,"column":39}},{"start":{"line":2,"column":44},"end":{"line":11,"column":4}}]},"1":{"loc":{"start":{"line":3,"column":24},"end":{"line":5,"column":82}},"type":"binary-expr","locations":[{"start":{"line":3,"column":24},"end":{"line":3,"column":45}},{"start":{"line":4,"column":9},"end":{"line":4,"column":43}},{"start":{"line":4,"column":47},"end":{"line":4,"column":83}},{"start":{"line":5,"column":8},"end":{"line":5,"column":82}}]},"2":{"loc":{"start":{"line":5,"column":43},"end":{"line":5,"column":80}},"type":"if","locations":[{"start":{"line":5,"column":43},"end":{"line":5,"column":80}},{"start":{"line":5,"column":43},"end":{"line":5,"column":80}}]},"3":{"loc":{"start":{"line":9,"column":22},"end":{"line":9,"column":92}},"type":"cond-expr","locations":[{"start":{"line":9,"column":35},"end":{"line":9,"column":51}},{"start":{"line":9,"column":55},"end":{"line":9,"column":91}}]},"4":{"loc":{"start":{"line":17,"column":15},"end":{"line":17,"column":47}},"type":"binary-expr","locations":[{"start":{"line":17,"column":15},"end":{"line":17,"column":39}},{"start":{"line":17,"column":43},"end":{"line":17,"column":47}}]}},"s":{"0":1,"1":1,"2":1,"3":1,"4":0,"5":0,"6":0,"7":0,"8":1,"9":1,"10":1,"11":1,"12":1,"13":1,"14":1,"15":1,"16":1,"17":1,"18":1,"19":1,"20":1,"21":1,"22":1,"23":1},"f":{"0":1,"1":0,"2":0,"3":1,"4":1,"5":1,"6":1,"7":1},"b":{"0":[1,1,1],"1":[1,0,0,0],"2":[0,0],"3":[0,1],"4":[1,1]},"inputSourceMap":{"version":3,"file":"BiomeBlock.js","sourceRoot":"","sources":["BiomeBlock.tsx"],"names":[],"mappings":";;;;;;;;;;;;AAAA,6BAA+B;AAM/B;IAAgC,8BAAuB;IACrD,oBAAY,KAAK;eACf,kBAAM,KAAK,CAAC;IACd,CAAC;IAEM,2BAAM,GAAb;QACQ,IAAA,eAAkC,EAAhC,cAAI,EAAE,4BAAW,CAAgB;QACzC,MAAM,CAAC,CACL,6BAAK,SAAS,EAAC,aAAa;YAC1B,6BAAK,SAAS,EAAC,YAAY,IAAG,IAAI,CAAQ,CACtC,CACP,CAAA;IACH,CAAC;IACH,iBAAC;AAAD,CAAC,AAbD,CAAgC,KAAK,CAAC,SAAS,GAa9C;AAbY,gCAAU","sourcesContent":["import * as React from 'react';\r\nimport { IBiome } from '../../classes';\r\nimport { Partial } from '../../utils';\r\n\r\ntype BiomeBlockProps = Partial<IBiome>;\r\n\r\nexport class BiomeBlock extends React.Component<{}, {}> {\r\n  constructor(props) {\r\n    super(props);\r\n  }\r\n\r\n  public render() {\r\n    const { name, description } = this.props;\r\n    return (\r\n      <div className='biome-block'>\r\n        <div className='biome-name'>{ name }</div>\r\n      </div>\r\n    )\r\n  }\r\n}\r\n"]},"_coverageSchema":"332fd63041d2c1bcb487cc26dd0d5f7d97098a6c","hash":"ea4799f82b30b3065653851bac54fc61632bb504"}
}
