TN:
SF:C:\Users\Emma Ramirez\Code\Clickopolis\src\classes\achievement.ts
FN:5,(anonymous_0)
FN:6,Achievement
FN:7,(anonymous_2)
FNF:3
FNH:2
FNDA:1,(anonymous_0)
FNDA:6,Achievement
FNDA:0,(anonymous_2)
DA:1,1
DA:2,1
DA:3,1
DA:4,1
DA:5,1
DA:7,6
DA:8,6
DA:9,6
DA:10,6
DA:11,6
DA:12,6
DA:13,6
DA:15,1
DA:17,1
LF:14
LH:14
BRDA:7,0,0,0
BRDA:7,0,1,6
BRDA:8,1,0,6
BRDA:8,1,1,0
BRF:4
BRH:2
end_of_record
TN:
SF:C:\Users\Emma Ramirez\Code\Clickopolis\src\classes\biome.ts
FN:3,(anonymous_0)
FN:4,Biome
FN:10,(anonymous_2)
FN:11,IBiome
FNF:4
FNH:2
FNDA:1,(anonymous_0)
FNDA:0,Biome
FNDA:1,(anonymous_2)
FNDA:0,IBiome
DA:1,1
DA:2,1
DA:3,1
DA:5,0
DA:7,1
DA:9,1
DA:10,1
DA:13,1
DA:15,1
LF:9
LH:8
BRF:0
BRH:0
end_of_record
TN:
SF:C:\Users\Emma Ramirez\Code\Clickopolis\src\classes\building.ts
FN:3,(anonymous_0)
FN:4,Building
FNF:2
FNH:2
FNDA:1,(anonymous_0)
FNDA:23,Building
DA:1,1
DA:2,1
DA:3,1
DA:5,23
DA:6,23
DA:7,23
DA:8,23
DA:9,23
DA:10,23
DA:11,23
DA:12,23
DA:13,23
DA:14,23
DA:16,1
DA:18,1
LF:15
LH:15
BRDA:5,0,0,10
BRDA:5,0,1,13
BRF:2
BRH:2
end_of_record
TN:
SF:C:\Users\Emma Ramirez\Code\Clickopolis\src\classes\citizen.ts
FN:3,(anonymous_0)
FN:4,Citizen
FNF:2
FNH:2
FNDA:1,(anonymous_0)
FNDA:9,Citizen
DA:1,1
DA:2,1
DA:3,1
DA:5,9
DA:6,9
DA:7,9
DA:8,9
DA:9,9
DA:10,9
DA:11,9
DA:12,9
DA:13,9
DA:14,9
DA:15,9
DA:16,9
DA:17,9
DA:19,1
DA:21,1
LF:18
LH:18
BRDA:5,0,0,1
BRDA:5,0,1,8
BRDA:6,1,0,1
BRDA:6,1,1,8
BRF:4
BRH:4
end_of_record
TN:
SF:C:\Users\Emma Ramirez\Code\Clickopolis\src\classes\civilization.ts
FN:3,(anonymous_0)
FN:4,Civilization
FN:86,(anonymous_2)
FNF:3
FNH:1
FNDA:1,(anonymous_0)
FNDA:0,Civilization
FNDA:0,(anonymous_2)
DA:1,1
DA:2,1
DA:3,1
DA:5,0
DA:6,0
DA:7,0
DA:8,0
DA:9,0
DA:10,0
DA:11,0
DA:12,0
DA:13,0
DA:14,0
DA:15,0
DA:16,0
DA:17,0
DA:18,0
DA:19,0
DA:20,0
DA:21,0
DA:22,0
DA:23,0
DA:24,0
DA:25,0
DA:26,0
DA:27,0
DA:28,0
DA:29,0
DA:30,0
DA:31,0
DA:32,0
DA:33,0
DA:34,0
DA:35,0
DA:36,0
DA:37,0
DA:38,0
DA:39,0
DA:40,0
DA:41,0
DA:42,0
DA:43,0
DA:44,0
DA:45,0
DA:46,0
DA:47,0
DA:48,0
DA:49,0
DA:50,0
DA:51,0
DA:52,0
DA:53,0
DA:54,0
DA:55,0
DA:56,0
DA:57,0
DA:58,0
DA:59,0
DA:60,0
DA:61,0
DA:62,0
DA:63,0
DA:64,0
DA:65,0
DA:66,0
DA:67,0
DA:68,0
DA:69,0
DA:70,0
DA:71,0
DA:72,0
DA:73,0
DA:74,0
DA:75,0
DA:76,0
DA:77,0
DA:78,0
DA:79,0
DA:80,0
DA:81,0
DA:82,0
DA:83,0
DA:84,0
DA:86,1
DA:88,1
DA:90,1
LF:86
LH:6
BRF:0
BRH:0
end_of_record
TN:
SF:C:\Users\Emma Ramirez\Code\Clickopolis\src\classes\collection.ts
FN:3,(anonymous_0)
FN:4,Collection
FN:9,(anonymous_2)
FN:12,(anonymous_3)
FN:15,(anonymous_4)
FN:33,(anonymous_5)
FNF:6
FNH:2
FNDA:1,(anonymous_0)
FNDA:11,Collection
FNDA:0,(anonymous_2)
FNDA:0,(anonymous_3)
FNDA:0,(anonymous_4)
FNDA:0,(anonymous_5)
DA:1,1
DA:2,1
DA:3,1
DA:5,11
DA:6,11
DA:7,11
DA:9,1
DA:10,0
DA:12,1
DA:13,0
DA:15,1
DA:16,0
DA:17,0
DA:20,0
DA:21,0
DA:22,0
DA:23,0
DA:26,0
DA:27,0
DA:30,0
DA:33,1
DA:34,0
DA:36,1
DA:38,1
LF:24
LH:12
BRDA:5,0,0,0
BRDA:5,0,1,11
BRDA:16,1,0,0
BRDA:16,1,1,0
BRDA:21,2,0,0
BRDA:21,2,1,0
BRDA:26,3,0,0
BRDA:26,3,1,0
BRF:8
BRH:1
end_of_record
TN:
SF:C:\Users\Emma Ramirez\Code\Clickopolis\src\classes\economy.ts
FN:4,(anonymous_0)
FN:11,(anonymous_1)
FN:12,Economy
FNF:3
FNH:2
FNDA:1,(anonymous_0)
FNDA:1,(anonymous_1)
FNDA:0,Economy
DA:1,1
DA:2,1
DA:4,1
DA:5,1
DA:6,1
DA:7,1
DA:8,1
DA:9,1
DA:11,1
DA:14,1
DA:16,1
LF:11
LH:11
BRDA:10,0,0,1
BRDA:10,0,1,1
BRF:2
BRH:2
end_of_record
TN:
SF:C:\Users\Emma Ramirez\Code\Clickopolis\src\classes\era.ts
FN:4,(anonymous_0)
FNF:1
FNH:1
FNDA:1,(anonymous_0)
DA:1,1
DA:2,1
DA:4,1
DA:5,1
DA:6,1
DA:7,1
DA:8,1
DA:9,1
DA:10,1
DA:11,1
DA:12,1
DA:13,1
DA:14,1
LF:13
LH:13
BRDA:15,0,0,1
BRDA:15,0,1,1
BRF:2
BRH:2
end_of_record
TN:
SF:C:\Users\Emma Ramirez\Code\Clickopolis\src\classes\faith-bonus.ts
FN:3,(anonymous_0)
FN:4,FaithBonus
FNF:2
FNH:2
FNDA:1,(anonymous_0)
FNDA:16,FaithBonus
DA:1,1
DA:2,1
DA:3,1
DA:5,16
DA:6,16
DA:7,16
DA:8,16
DA:9,16
DA:10,16
DA:12,1
DA:14,1
LF:11
LH:11
BRF:0
BRH:0
end_of_record
TN:
SF:C:\Users\Emma Ramirez\Code\Clickopolis\src\classes\faith-tier.ts
FN:4,(anonymous_0)
FNF:1
FNH:1
FNDA:1,(anonymous_0)
DA:1,1
DA:2,1
DA:4,1
DA:5,1
DA:6,1
DA:7,1
DA:8,1
DA:9,1
LF:8
LH:8
BRDA:10,0,0,1
BRDA:10,0,1,1
BRF:2
BRH:2
end_of_record
TN:
SF:C:\Users\Emma Ramirez\Code\Clickopolis\src\classes\game.ts
FN:4,(anonymous_0)
FN:5,Game
FNF:2
FNH:1
FNDA:1,(anonymous_0)
FNDA:0,Game
DA:1,1
DA:2,1
DA:3,1
DA:4,1
DA:6,0
DA:7,0
DA:8,0
DA:9,0
DA:10,0
DA:11,0
DA:12,0
DA:14,1
DA:16,1
LF:13
LH:6
BRF:0
BRH:0
end_of_record
TN:
SF:C:\Users\Emma Ramirez\Code\Clickopolis\src\classes\index.ts
FNF:0
FNH:0
DA:1,1
DA:2,1
DA:3,1
DA:4,1
DA:5,1
DA:6,1
DA:7,1
DA:8,1
DA:9,1
DA:10,1
DA:11,1
DA:12,1
DA:13,1
DA:14,1
DA:15,1
DA:16,1
DA:17,1
DA:18,1
DA:19,1
DA:20,1
DA:21,1
DA:22,1
DA:23,1
DA:24,1
DA:25,1
DA:26,1
DA:27,1
DA:28,1
DA:29,1
DA:30,1
DA:31,1
DA:32,1
DA:33,1
DA:34,1
DA:35,1
DA:36,1
DA:37,1
DA:38,1
DA:39,1
DA:40,1
DA:41,1
DA:42,1
DA:43,1
DA:44,1
DA:45,1
DA:46,1
DA:47,1
DA:48,1
DA:49,1
DA:50,1
DA:51,1
DA:52,1
DA:53,1
DA:54,1
DA:55,1
DA:56,1
DA:57,1
DA:58,1
DA:59,1
DA:60,1
LF:60
LH:60
BRF:0
BRH:0
end_of_record
TN:
SF:C:\Users\Emma Ramirez\Code\Clickopolis\src\classes\leader.ts
FN:3,(anonymous_0)
FN:4,Leader
FNF:2
FNH:2
FNDA:1,(anonymous_0)
FNDA:7,Leader
DA:1,1
DA:2,1
DA:3,1
DA:5,7
DA:6,7
DA:7,7
DA:9,1
DA:11,1
LF:8
LH:8
BRF:0
BRH:0
end_of_record
TN:
SF:C:\Users\Emma Ramirez\Code\Clickopolis\src\classes\legacy.ts
FN:3,(anonymous_0)
FN:4,Legacy
FNF:2
FNH:2
FNDA:1,(anonymous_0)
FNDA:3,Legacy
DA:1,1
DA:2,1
DA:3,1
DA:5,3
DA:6,3
DA:7,3
DA:8,3
DA:9,3
DA:10,3
DA:12,1
DA:14,1
LF:11
LH:11
BRF:0
BRH:0
end_of_record
TN:
SF:C:\Users\Emma Ramirez\Code\Clickopolis\src\classes\log.ts
FN:3,log
FNF:1
FNH:0
FNDA:0,log
DA:1,1
DA:2,1
DA:4,0
DA:6,1
LF:4
LH:3
BRF:0
BRH:0
end_of_record
TN:
SF:C:\Users\Emma Ramirez\Code\Clickopolis\src\classes\nation.ts
FN:3,(anonymous_0)
FN:4,Nation
FNF:2
FNH:2
FNDA:1,(anonymous_0)
FNDA:1,Nation
DA:1,1
DA:2,1
DA:3,1
DA:5,1
DA:6,1
DA:7,1
DA:8,1
DA:9,1
DA:10,1
DA:11,1
DA:12,1
DA:13,1
DA:14,1
DA:15,1
DA:16,1
DA:18,1
DA:20,1
LF:17
LH:17
BRDA:5,0,0,1
BRDA:5,0,1,0
BRF:2
BRH:1
end_of_record
TN:
SF:C:\Users\Emma Ramirez\Code\Clickopolis\src\classes\notify.ts
FN:4,notify
FN:26,(anonymous_1)
FN:28,(anonymous_2)
FN:46,(anonymous_3)
FNF:4
FNH:0
FNDA:0,notify
FNDA:0,(anonymous_1)
FNDA:0,(anonymous_2)
FNDA:0,(anonymous_3)
DA:1,1
DA:2,1
DA:5,0
DA:6,0
DA:7,0
DA:8,0
DA:9,0
DA:11,0
DA:12,0
DA:14,0
DA:15,0
DA:16,0
DA:17,0
DA:18,0
DA:19,0
DA:20,0
DA:22,0
DA:23,0
DA:24,0
DA:25,0
DA:26,0
DA:27,0
DA:28,0
DA:29,0
DA:33,0
DA:36,0
DA:40,0
DA:42,0
DA:43,0
DA:45,0
DA:46,0
DA:47,0
DA:48,0
DA:53,0
DA:54,0
DA:56,0
DA:59,1
LF:37
LH:3
BRDA:5,0,0,0
BRDA:5,0,1,0
BRDA:6,1,0,0
BRDA:6,1,1,0
BRDA:7,2,0,0
BRDA:7,2,1,0
BRDA:8,3,0,0
BRDA:8,3,1,0
BRDA:11,4,0,0
BRDA:11,4,1,0
BRDA:14,5,0,0
BRDA:14,5,1,0
BRDA:19,6,0,0
BRDA:19,6,1,0
BRDA:38,7,0,0
BRDA:38,7,1,0
BRDA:40,8,0,0
BRDA:40,8,1,0
BRDA:42,9,0,0
BRDA:42,9,1,0
BRDA:45,10,0,0
BRDA:45,10,1,0
BRDA:47,11,0,0
BRDA:47,11,1,0
BRDA:53,12,0,0
BRDA:53,12,1,0
BRDA:53,13,0,0
BRDA:53,13,1,0
BRF:28
BRH:0
end_of_record
TN:
SF:C:\Users\Emma Ramirez\Code\Clickopolis\src\classes\queue.ts
FN:3,(anonymous_0)
FN:4,Queue
FN:9,(anonymous_2)
FN:12,(anonymous_3)
FN:16,(anonymous_4)
FNF:5
FNH:1
FNDA:1,(anonymous_0)
FNDA:0,Queue
FNDA:0,(anonymous_2)
FNDA:0,(anonymous_3)
FNDA:0,(anonymous_4)
DA:1,1
DA:2,1
DA:3,1
DA:5,0
DA:6,0
DA:7,0
DA:9,1
DA:10,0
DA:12,1
DA:13,0
DA:14,0
DA:16,1
DA:17,0
DA:18,0
DA:19,0
DA:20,0
DA:21,0
DA:22,0
DA:25,1
DA:27,1
LF:20
LH:8
BRDA:18,0,0,0
BRDA:18,0,1,0
BRF:2
BRH:0
end_of_record
TN:
SF:C:\Users\Emma Ramirez\Code\Clickopolis\src\classes\resource.ts
FN:3,(anonymous_0)
FN:4,Resource
FNF:2
FNH:1
FNDA:1,(anonymous_0)
FNDA:0,Resource
DA:1,1
DA:2,1
DA:3,1
DA:5,0
DA:6,0
DA:7,0
DA:8,0
DA:9,0
DA:10,0
DA:11,0
DA:12,0
DA:13,0
DA:14,0
DA:16,1
DA:18,1
LF:15
LH:5
BRDA:5,0,0,0
BRDA:5,0,1,0
BRF:2
BRH:0
end_of_record
TN:
SF:C:\Users\Emma Ramirez\Code\Clickopolis\src\classes\robot.ts
FNF:0
FNH:0
DA:1,1
DA:2,1
LF:2
LH:2
BRF:0
BRH:0
end_of_record
TN:
SF:C:\Users\Emma Ramirez\Code\Clickopolis\src\classes\settings.ts
FN:3,(anonymous_0)
FN:4,Settings
FNF:2
FNH:1
FNDA:1,(anonymous_0)
FNDA:0,Settings
DA:1,1
DA:2,1
DA:3,1
DA:6,1
DA:8,1
LF:5
LH:5
BRF:0
BRH:0
end_of_record
TN:
SF:C:\Users\Emma Ramirez\Code\Clickopolis\src\classes\socialpolicy.ts
FN:3,createSocialPolicy
FNF:1
FNH:0
FNDA:0,createSocialPolicy
DA:1,1
DA:2,1
DA:4,0
DA:14,1
LF:4
LH:3
BRDA:9,0,0,0
BRDA:9,0,1,0
BRDA:10,1,0,0
BRDA:10,1,1,0
BRDA:11,2,0,0
BRDA:11,2,1,0
BRF:6
BRH:0
end_of_record
TN:
SF:C:\Users\Emma Ramirez\Code\Clickopolis\src\classes\soldier.ts
FNF:0
FNH:0
DA:1,1
DA:2,1
LF:2
LH:2
BRF:0
BRH:0
end_of_record
TN:
SF:C:\Users\Emma Ramirez\Code\Clickopolis\src\classes\tech.ts
FN:3,(anonymous_0)
FN:4,Tech
FN:6,(anonymous_2)
FNF:3
FNH:2
FNDA:1,(anonymous_0)
FNDA:25,Tech
FNDA:0,(anonymous_2)
DA:1,1
DA:2,1
DA:3,1
DA:5,25
DA:6,25
DA:7,25
DA:8,25
DA:9,25
DA:10,25
DA:11,25
DA:12,25
DA:13,25
DA:14,25
DA:15,25
DA:16,25
DA:18,1
DA:20,1
LF:17
LH:17
BRDA:5,0,0,0
BRDA:5,0,1,25
BRDA:6,1,0,0
BRDA:6,1,1,25
BRF:4
BRH:2
end_of_record
TN:
SF:C:\Users\Emma Ramirez\Code\Clickopolis\src\classes\tooltip.ts
FN:6,generateTooltips
FN:12,(anonymous_1)
FN:18,(anonymous_2)
FN:24,(anonymous_3)
FN:28,(anonymous_4)
FN:34,betterUpdateTooltip
FN:38,updateTooltip
FN:48,(anonymous_7)
FN:53,(anonymous_8)
FN:57,(anonymous_9)
FNF:10
FNH:0
FNDA:0,generateTooltips
FNDA:0,(anonymous_1)
FNDA:0,(anonymous_2)
FNDA:0,(anonymous_3)
FNDA:0,(anonymous_4)
FNDA:0,betterUpdateTooltip
FNDA:0,updateTooltip
FNDA:0,(anonymous_7)
FNDA:0,(anonymous_8)
FNDA:0,(anonymous_9)
DA:1,1
DA:2,1
DA:3,1
DA:4,1
DA:5,1
DA:7,0
DA:11,0
DA:12,0
DA:13,0
DA:14,0
DA:15,0
DA:16,0
DA:17,0
DA:18,0
DA:19,0
DA:20,0
DA:21,0
DA:22,0
DA:24,0
DA:25,0
DA:26,0
DA:28,0
DA:29,0
DA:33,1
DA:35,0
DA:37,1
DA:39,0
DA:43,0
DA:45,0
DA:46,0
DA:47,0
DA:48,0
DA:49,0
DA:50,0
DA:51,0
DA:53,0
DA:54,0
DA:55,0
DA:57,0
DA:58,0
DA:61,1
LF:41
LH:8
BRDA:7,0,0,0
BRDA:7,0,1,0
BRDA:39,1,0,0
BRDA:39,1,1,0
BRF:4
BRH:0
end_of_record
TN:
SF:C:\Users\Emma Ramirez\Code\Clickopolis\src\classes\trait.ts
FNF:0
FNH:0
DA:1,1
DA:2,1
LF:2
LH:2
BRF:0
BRH:0
end_of_record
TN:
SF:C:\Users\Emma Ramirez\Code\Clickopolis\src\classes\wonder.ts
FN:3,(anonymous_0)
FN:4,Wonder
FN:5,(anonymous_2)
FN:6,(anonymous_3)
FN:18,(anonymous_4)
FN:21,(anonymous_5)
FNF:6
FNH:2
FNDA:1,(anonymous_0)
FNDA:6,Wonder
FNDA:0,(anonymous_2)
FNDA:0,(anonymous_3)
FNDA:0,(anonymous_4)
FNDA:0,(anonymous_5)
DA:1,1
DA:2,1
DA:3,1
DA:5,6
DA:6,6
DA:7,6
DA:8,6
DA:9,6
DA:10,6
DA:11,6
DA:12,6
DA:13,6
DA:14,6
DA:15,6
DA:16,6
DA:18,1
DA:19,0
DA:21,1
DA:22,0
DA:24,1
DA:26,1
LF:21
LH:19
BRDA:5,0,0,0
BRDA:5,0,1,6
BRDA:6,1,0,0
BRDA:6,1,1,6
BRF:4
BRH:2
end_of_record
TN:
SF:C:\Users\Emma Ramirez\Code\Clickopolis\src\components\Resources\BiomeBlock.tsx
FN:2,(anonymous_0)
FN:4,(anonymous_1)
FN:5,(anonymous_2)
FN:6,(anonymous_3)
FN:8,__
FN:14,(anonymous_5)
FN:16,BiomeBlock
FN:19,(anonymous_7)
FNF:8
FNH:6
FNDA:2,(anonymous_0)
FNDA:0,(anonymous_1)
FNDA:0,(anonymous_2)
FNDA:2,(anonymous_3)
FNDA:2,__
FNDA:2,(anonymous_5)
FNDA:2,BiomeBlock
FNDA:2,(anonymous_7)
DA:1,2
DA:2,2
DA:3,2
DA:4,0
DA:5,0
DA:6,2
DA:7,2
DA:8,2
DA:9,2
DA:12,2
DA:13,2
DA:14,2
DA:15,2
DA:17,2
DA:19,2
DA:20,2
DA:21,2
DA:24,2
DA:26,2
LF:19
LH:17
BRDA:2,0,0,2
BRDA:2,0,1,2
BRDA:2,0,2,2
BRDA:3,1,0,2
BRDA:3,1,1,0
BRDA:3,1,2,0
BRDA:3,1,3,0
BRDA:5,2,0,0
BRDA:5,2,1,0
BRDA:9,3,0,0
BRDA:9,3,1,2
BRDA:17,4,0,2
BRDA:17,4,1,2
BRF:13
BRH:7
end_of_record
TN:
SF:C:\Users\Emma Ramirez\Code\Clickopolis\src\components\Resources\MainButtons.tsx
FN:2,(anonymous_0)
FN:4,(anonymous_1)
FN:5,(anonymous_2)
FN:6,(anonymous_3)
FN:8,__
FN:15,(anonymous_5)
FN:17,MainButtons
FN:20,(anonymous_7)
FNF:8
FNH:6
FNDA:1,(anonymous_0)
FNDA:0,(anonymous_1)
FNDA:0,(anonymous_2)
FNDA:1,(anonymous_3)
FNDA:1,__
FNDA:1,(anonymous_5)
FNDA:1,MainButtons
FNDA:1,(anonymous_7)
DA:1,1
DA:2,1
DA:3,1
DA:4,0
DA:5,0
DA:6,1
DA:7,1
DA:8,1
DA:9,1
DA:12,1
DA:13,1
DA:14,1
DA:15,1
DA:16,1
DA:18,1
DA:20,1
DA:21,1
DA:27,1
DA:29,1
LF:19
LH:17
BRDA:2,0,0,1
BRDA:2,0,1,1
BRDA:2,0,2,1
BRDA:3,1,0,1
BRDA:3,1,1,0
BRDA:3,1,2,0
BRDA:3,1,3,0
BRDA:5,2,0,0
BRDA:5,2,1,0
BRDA:9,3,0,0
BRDA:9,3,1,1
BRDA:18,4,0,1
BRDA:18,4,1,1
BRF:13
BRH:7
end_of_record
TN:
SF:C:\Users\Emma Ramirez\Code\Clickopolis\src\components\Resources\ResourceBlock.tsx
FN:2,(anonymous_0)
FN:4,(anonymous_1)
FN:5,(anonymous_2)
FN:6,(anonymous_3)
FN:8,__
FN:14,(anonymous_5)
FN:16,ResourceBlock
FN:19,(anonymous_7)
FNF:8
FNH:6
FNDA:1,(anonymous_0)
FNDA:0,(anonymous_1)
FNDA:0,(anonymous_2)
FNDA:1,(anonymous_3)
FNDA:1,__
FNDA:1,(anonymous_5)
FNDA:3,ResourceBlock
FNDA:3,(anonymous_7)
DA:1,1
DA:2,1
DA:3,1
DA:4,0
DA:5,0
DA:6,1
DA:7,1
DA:8,1
DA:9,1
DA:12,1
DA:13,1
DA:14,1
DA:15,1
DA:17,3
DA:19,1
DA:20,3
DA:21,3
DA:24,1
DA:26,1
LF:19
LH:17
BRDA:2,0,0,1
BRDA:2,0,1,1
BRDA:2,0,2,1
BRDA:3,1,0,1
BRDA:3,1,1,0
BRDA:3,1,2,0
BRDA:3,1,3,0
BRDA:5,2,0,0
BRDA:5,2,1,0
BRDA:9,3,0,0
BRDA:9,3,1,1
BRDA:17,4,0,3
BRDA:17,4,1,3
BRF:13
BRH:7
end_of_record
TN:
SF:C:\Users\Emma Ramirez\Code\Clickopolis\src\components\Resources\Resources.tsx
FN:2,(anonymous_0)
FN:4,(anonymous_1)
FN:5,(anonymous_2)
FN:6,(anonymous_3)
FN:8,__
FN:18,(anonymous_5)
FN:20,Resources
FN:25,(anonymous_7)
FN:26,(anonymous_8)
FN:30,(anonymous_9)
FN:31,(anonymous_10)
FN:35,(anonymous_11)
FNF:12
FNH:10
FNDA:1,(anonymous_0)
FNDA:0,(anonymous_1)
FNDA:0,(anonymous_2)
FNDA:1,(anonymous_3)
FNDA:1,__
FNDA:1,(anonymous_5)
FNDA:1,Resources
FNDA:1,(anonymous_7)
FNDA:1,(anonymous_8)
FNDA:1,(anonymous_9)
FNDA:3,(anonymous_10)
FNDA:1,(anonymous_11)
DA:1,1
DA:2,1
DA:3,1
DA:4,0
DA:5,0
DA:6,1
DA:7,1
DA:8,1
DA:9,1
DA:12,1
DA:13,1
DA:14,1
DA:15,1
DA:16,1
DA:17,1
DA:18,1
DA:19,1
DA:21,1
DA:22,1
DA:23,1
DA:25,1
DA:26,1
DA:27,1
DA:30,1
DA:31,1
DA:32,3
DA:35,1
DA:36,1
DA:41,1
DA:43,1
LF:30
LH:28
BRDA:2,0,0,1
BRDA:2,0,1,1
BRDA:2,0,2,1
BRDA:3,1,0,1
BRDA:3,1,1,0
BRDA:3,1,2,0
BRDA:3,1,3,0
BRDA:5,2,0,0
BRDA:5,2,1,0
BRDA:9,3,0,0
BRDA:9,3,1,1
BRDA:21,4,0,1
BRDA:21,4,1,1
BRDA:21,4,2,0
BRF:14
BRH:7
end_of_record
TN:
SF:C:\Users\Emma Ramirez\Code\Clickopolis\src\components\Resources\__tests__\BiomeBlock.spec.tsx
FN:6,(anonymous_0)
FN:7,(anonymous_1)
FNF:2
FNH:2
FNDA:1,(anonymous_0)
FNDA:1,(anonymous_1)
DA:1,1
DA:2,1
DA:3,1
DA:4,1
DA:5,1
DA:6,1
DA:7,1
DA:8,1
LF:8
LH:8
BRF:0
BRH:0
end_of_record
TN:
SF:C:\Users\Emma Ramirez\Code\Clickopolis\src\components\Resources\__tests__\Resources.spec.tsx
FN:7,(anonymous_0)
FN:8,(anonymous_1)
FNF:2
FNH:2
FNDA:1,(anonymous_0)
FNDA:1,(anonymous_1)
DA:1,1
DA:2,1
DA:3,1
DA:4,1
DA:5,1
DA:6,1
DA:7,1
DA:8,1
DA:9,1
LF:9
LH:9
BRF:0
BRH:0
end_of_record
TN:
SF:C:\Users\Emma Ramirez\Code\Clickopolis\src\components\Screen\Screen.tsx
FN:2,(anonymous_0)
FN:4,(anonymous_1)
FN:5,(anonymous_2)
FN:6,(anonymous_3)
FN:8,__
FN:19,(anonymous_5)
FN:21,Screen
FN:24,(anonymous_7)
FN:27,(anonymous_8)
FN:30,(anonymous_9)
FNF:10
FNH:6
FNDA:1,(anonymous_0)
FNDA:0,(anonymous_1)
FNDA:0,(anonymous_2)
FNDA:1,(anonymous_3)
FNDA:1,__
FNDA:1,(anonymous_5)
FNDA:1,Screen
FNDA:0,(anonymous_7)
FNDA:0,(anonymous_8)
FNDA:1,(anonymous_9)
DA:1,1
DA:2,1
DA:3,1
DA:4,0
DA:5,0
DA:6,1
DA:7,1
DA:8,1
DA:9,1
DA:12,1
DA:13,1
DA:14,1
DA:19,1
DA:20,1
DA:22,1
DA:24,1
DA:25,0
DA:27,1
DA:28,0
DA:30,1
DA:31,1
DA:36,1
DA:38,1
LF:23
LH:19
BRDA:2,0,0,1
BRDA:2,0,1,1
BRDA:2,0,2,1
BRDA:3,1,0,1
BRDA:3,1,1,0
BRDA:3,1,2,0
BRDA:3,1,3,0
BRDA:5,2,0,0
BRDA:5,2,1,0
BRDA:9,3,0,0
BRDA:9,3,1,1
BRDA:22,4,0,1
BRDA:22,4,1,1
BRDA:22,4,2,1
BRF:14
BRH:8
end_of_record
TN:
SF:C:\Users\Emma Ramirez\Code\Clickopolis\src\components\Screen\index.ts
FNF:0
FNH:0
DA:1,1
DA:2,1
DA:3,1
DA:4,1
LF:4
LH:4
BRF:0
BRH:0
end_of_record
TN:
SF:C:\Users\Emma Ramirez\Code\Clickopolis\src\components\base\Button.tsx
FN:2,(anonymous_0)
FN:4,(anonymous_1)
FN:5,(anonymous_2)
FN:6,(anonymous_3)
FN:8,__
FN:19,(anonymous_5)
FN:21,Button
FN:24,(anonymous_7)
FNF:8
FNH:6
FNDA:2,(anonymous_0)
FNDA:0,(anonymous_1)
FNDA:0,(anonymous_2)
FNDA:2,(anonymous_3)
FNDA:2,__
FNDA:2,(anonymous_5)
FNDA:4,Button
FNDA:4,(anonymous_7)
DA:1,2
DA:2,2
DA:3,2
DA:4,0
DA:5,0
DA:6,2
DA:7,2
DA:8,2
DA:9,2
DA:12,2
DA:13,2
DA:14,2
DA:19,2
DA:20,2
DA:22,4
DA:24,2
DA:25,4
DA:26,4
DA:28,2
DA:30,2
LF:20
LH:18
BRDA:2,0,0,2
BRDA:2,0,1,2
BRDA:2,0,2,2
BRDA:3,1,0,2
BRDA:3,1,1,0
BRDA:3,1,2,0
BRDA:3,1,3,0
BRDA:5,2,0,0
BRDA:5,2,1,0
BRDA:9,3,0,0
BRDA:9,3,1,2
BRDA:22,4,0,4
BRDA:22,4,1,4
BRF:13
BRH:7
end_of_record
TN:
SF:C:\Users\Emma Ramirez\Code\Clickopolis\src\components\base\index.ts
FNF:0
FNH:0
DA:1,1
DA:2,1
DA:3,1
DA:4,1
LF:4
LH:4
BRF:0
BRH:0
end_of_record
TN:
SF:C:\Users\Emma Ramirez\Code\Clickopolis\src\components\base\__tests__\Button.spec.tsx
FN:6,(anonymous_0)
FN:7,(anonymous_1)
FN:11,(anonymous_2)
FNF:3
FNH:3
FNDA:1,(anonymous_0)
FNDA:1,(anonymous_1)
FNDA:1,(anonymous_2)
DA:1,1
DA:2,1
DA:3,1
DA:4,1
DA:5,1
DA:6,1
DA:7,1
DA:8,1
DA:11,1
DA:12,1
DA:14,1
LF:11
LH:11
BRF:0
BRH:0
end_of_record
TN:
SF:C:\Users\Emma Ramirez\Code\Clickopolis\src\data\achievement.ts
FN:4,(anonymous_0)
FN:12,(anonymous_1)
FN:15,(anonymous_2)
FN:18,(anonymous_3)
FN:21,(anonymous_4)
FN:24,(anonymous_5)
FNF:6
FNH:0
FNDA:0,(anonymous_0)
FNDA:0,(anonymous_1)
FNDA:0,(anonymous_2)
FNDA:0,(anonymous_3)
FNDA:0,(anonymous_4)
FNDA:0,(anonymous_5)
DA:1,1
DA:2,1
DA:3,1
DA:4,1
DA:5,0
DA:6,0
DA:9,0
DA:12,1
DA:13,0
DA:15,1
DA:16,0
DA:18,1
DA:19,0
DA:21,1
DA:22,0
DA:24,1
DA:25,0
DA:27,1
LF:18
LH:10
BRDA:5,0,0,0
BRDA:5,0,1,0
BRF:2
BRH:0
end_of_record
TN:
SF:C:\Users\Emma Ramirez\Code\Clickopolis\src\data\biomes.ts
FNF:0
FNH:0
DA:1,1
DA:2,1
DA:3,1
DA:7,1
LF:4
LH:4
BRF:0
BRH:0
end_of_record
TN:
SF:C:\Users\Emma Ramirez\Code\Clickopolis\src\data\building.ts
FN:6,(anonymous_0)
FN:9,(anonymous_1)
FN:13,(anonymous_2)
FN:17,(anonymous_3)
FN:20,(anonymous_4)
FN:28,(anonymous_5)
FN:31,(anonymous_6)
FN:34,(anonymous_7)
FN:37,(anonymous_8)
FN:40,(anonymous_9)
FN:43,(anonymous_10)
FN:46,(anonymous_11)
FN:49,(anonymous_12)
FNF:13
FNH:0
FNDA:0,(anonymous_0)
FNDA:0,(anonymous_1)
FNDA:0,(anonymous_2)
FNDA:0,(anonymous_3)
FNDA:0,(anonymous_4)
FNDA:0,(anonymous_5)
FNDA:0,(anonymous_6)
FNDA:0,(anonymous_7)
FNDA:0,(anonymous_8)
FNDA:0,(anonymous_9)
FNDA:0,(anonymous_10)
FNDA:0,(anonymous_11)
FNDA:0,(anonymous_12)
DA:1,1
DA:2,1
DA:3,1
DA:4,1
DA:5,1
DA:6,1
DA:7,0
DA:9,1
DA:10,0
DA:11,0
DA:13,1
DA:14,0
DA:15,0
DA:17,1
DA:18,0
DA:20,1
DA:21,0
DA:22,0
DA:25,0
DA:28,1
DA:29,0
DA:31,1
DA:32,0
DA:34,1
DA:35,0
DA:37,1
DA:38,0
DA:40,1
DA:41,0
DA:43,1
DA:44,0
DA:46,1
DA:47,0
DA:49,1
DA:50,0
DA:52,1
DA:53,1
DA:54,1
DA:55,1
DA:56,1
DA:57,1
DA:58,1
DA:59,1
DA:60,1
DA:61,1
DA:62,1
LF:46
LH:29
BRDA:21,0,0,0
BRDA:21,0,1,0
BRF:2
BRH:0
end_of_record
TN:
SF:C:\Users\Emma Ramirez\Code\Clickopolis\src\data\citizen-function.ts
FN:6,farmerFunction
FN:13,minerFunction
FN:20,woodcutterFunction
FN:27,removeSoldiersFromMilitary
FN:31,soldierFunction
FN:42,clericFunction
FN:45,merchantFunction
FN:49,artistFunction
FN:52,scientistFunction
FN:55,citizenFunction
FNF:10
FNH:0
FNDA:0,farmerFunction
FNDA:0,minerFunction
FNDA:0,woodcutterFunction
FNDA:0,removeSoldiersFromMilitary
FNDA:0,soldierFunction
FNDA:0,clericFunction
FNDA:0,merchantFunction
FNDA:0,artistFunction
FNDA:0,scientistFunction
FNDA:0,citizenFunction
DA:1,1
DA:2,1
DA:3,1
DA:4,1
DA:5,1
DA:7,0
DA:8,0
DA:9,0
DA:10,0
DA:11,0
DA:14,0
DA:15,0
DA:16,0
DA:17,0
DA:18,0
DA:21,0
DA:22,0
DA:23,0
DA:24,0
DA:25,0
DA:28,0
DA:29,0
DA:32,0
DA:33,0
DA:34,0
DA:35,0
DA:38,0
DA:39,0
DA:43,0
DA:46,0
DA:47,0
DA:50,0
DA:53,0
DA:56,0
DA:58,0
DA:59,0
DA:61,0
DA:62,0
DA:64,0
DA:65,0
DA:67,0
DA:68,0
DA:70,0
DA:71,0
DA:73,0
DA:74,0
DA:76,0
DA:77,0
DA:79,0
DA:80,0
DA:82,0
DA:85,1
LF:52
LH:6
BRDA:32,0,0,0
BRDA:32,0,1,0
BRDA:56,1,0,0
BRDA:56,1,1,0
BRDA:56,1,2,0
BRDA:56,1,3,0
BRDA:56,1,4,0
BRDA:56,1,5,0
BRDA:56,1,6,0
BRDA:56,1,7,0
BRDA:56,1,8,0
BRF:11
BRH:0
end_of_record
TN:
SF:C:\Users\Emma Ramirez\Code\Clickopolis\src\data\citizen.ts
FNF:0
FNH:0
DA:1,1
DA:2,1
DA:3,1
DA:4,1
DA:5,1
DA:6,1
DA:7,1
DA:8,1
DA:9,1
DA:10,1
DA:11,1
DA:12,1
DA:13,1
DA:14,1
DA:15,1
DA:16,1
DA:17,1
LF:17
LH:17
BRF:0
BRH:0
end_of_record
TN:
SF:C:\Users\Emma Ramirez\Code\Clickopolis\src\data\faith-bonus.ts
FN:6,(anonymous_0)
FN:8,(anonymous_1)
FN:10,(anonymous_2)
FN:12,(anonymous_3)
FN:15,(anonymous_4)
FN:17,(anonymous_5)
FN:19,(anonymous_6)
FN:23,(anonymous_7)
FN:25,(anonymous_8)
FN:28,(anonymous_9)
FN:30,(anonymous_10)
FN:32,(anonymous_11)
FN:34,(anonymous_12)
FN:36,(anonymous_13)
FN:38,(anonymous_14)
FN:40,(anonymous_15)
FNF:16
FNH:0
FNDA:0,(anonymous_0)
FNDA:0,(anonymous_1)
FNDA:0,(anonymous_2)
FNDA:0,(anonymous_3)
FNDA:0,(anonymous_4)
FNDA:0,(anonymous_5)
FNDA:0,(anonymous_6)
FNDA:0,(anonymous_7)
FNDA:0,(anonymous_8)
FNDA:0,(anonymous_9)
FNDA:0,(anonymous_10)
FNDA:0,(anonymous_11)
FNDA:0,(anonymous_12)
FNDA:0,(anonymous_13)
FNDA:0,(anonymous_14)
FNDA:0,(anonymous_15)
DA:1,1
DA:2,1
DA:3,1
DA:4,1
DA:5,1
DA:6,1
DA:8,1
DA:10,1
DA:12,1
DA:13,0
DA:15,1
DA:17,1
DA:19,1
DA:20,0
DA:21,0
DA:23,1
DA:25,1
DA:26,0
DA:28,1
DA:30,1
DA:32,1
DA:34,1
DA:36,1
DA:38,1
DA:40,1
DA:42,1
LF:26
LH:22
BRF:0
BRH:0
end_of_record
TN:
SF:C:\Users\Emma Ramirez\Code\Clickopolis\src\data\index.ts
FNF:0
FNH:0
DA:1,1
DA:2,1
DA:3,1
DA:4,1
DA:5,1
DA:6,1
DA:7,1
DA:8,1
DA:9,1
DA:10,1
DA:11,1
DA:12,1
DA:13,1
DA:14,1
DA:15,1
DA:16,1
DA:17,1
DA:18,1
DA:19,1
DA:20,1
DA:21,1
DA:22,1
DA:23,1
DA:24,1
DA:25,1
DA:26,1
DA:27,1
DA:28,1
DA:29,1
DA:30,1
DA:31,1
DA:32,1
LF:32
LH:32
BRF:0
BRH:0
end_of_record
TN:
SF:C:\Users\Emma Ramirez\Code\Clickopolis\src\data\leader.ts
FNF:0
FNH:0
DA:1,1
DA:2,1
DA:3,1
DA:4,1
DA:9,1
DA:14,1
DA:19,1
DA:24,1
DA:29,1
DA:34,1
DA:39,1
DA:40,1
DA:41,1
DA:42,1
DA:43,1
DA:44,1
DA:45,1
DA:46,1
LF:18
LH:18
BRF:0
BRH:0
end_of_record
TN:
SF:C:\Users\Emma Ramirez\Code\Clickopolis\src\data\legacy.ts
FNF:0
FNH:0
DA:1,1
DA:2,1
DA:3,1
DA:4,1
DA:5,1
DA:6,1
DA:7,1
LF:7
LH:7
BRF:0
BRH:0
end_of_record
TN:
SF:C:\Users\Emma Ramirez\Code\Clickopolis\src\data\nation.ts
FN:6,createRandomName
FNF:1
FNH:0
FNDA:0,createRandomName
DA:1,1
DA:2,1
DA:3,1
DA:4,1
DA:5,1
DA:7,0
DA:8,0
DA:9,0
DA:10,0
DA:11,0
DA:13,1
DA:14,1
LF:12
LH:7
BRF:0
BRH:0
end_of_record
TN:
SF:C:\Users\Emma Ramirez\Code\Clickopolis\src\data\resource.ts
FNF:0
FNH:0
DA:1,1
DA:2,1
DA:3,1
DA:11,1
DA:23,1
DA:35,1
DA:46,1
LF:7
LH:7
BRF:0
BRH:0
end_of_record
TN:
SF:C:\Users\Emma Ramirez\Code\Clickopolis\src\data\social-policy.ts
FNF:0
FNH:0
DA:1,1
DA:2,1
DA:3,1
DA:4,1
DA:13,1
DA:22,1
DA:31,1
DA:40,1
DA:49,1
DA:58,1
DA:67,1
DA:76,1
DA:85,1
LF:13
LH:13
BRF:0
BRH:0
end_of_record
TN:
SF:C:\Users\Emma Ramirez\Code\Clickopolis\src\data\soldier.ts
FNF:0
FNH:0
DA:1,1
DA:2,1
DA:3,1
DA:4,1
DA:14,1
DA:24,1
DA:34,1
DA:44,1
DA:54,1
DA:64,1
DA:74,1
DA:84,1
DA:94,1
DA:104,1
DA:114,1
DA:124,1
DA:134,1
DA:144,1
LF:18
LH:18
BRF:0
BRH:0
end_of_record
TN:
SF:C:\Users\Emma Ramirez\Code\Clickopolis\src\data\tech.ts
FN:10,(anonymous_0)
FN:21,(anonymous_1)
FN:33,(anonymous_2)
FN:40,(anonymous_3)
FN:46,(anonymous_4)
FN:55,(anonymous_5)
FN:64,(anonymous_6)
FN:78,(anonymous_7)
FN:88,(anonymous_8)
FN:96,(anonymous_9)
FN:104,(anonymous_10)
FN:111,(anonymous_11)
FN:121,(anonymous_12)
FN:132,(anonymous_13)
FN:141,(anonymous_14)
FN:151,(anonymous_15)
FN:160,(anonymous_16)
FN:165,(anonymous_17)
FN:171,(anonymous_18)
FN:178,(anonymous_19)
FN:184,(anonymous_20)
FN:190,(anonymous_21)
FN:197,(anonymous_22)
FN:204,(anonymous_23)
FN:210,(anonymous_24)
FNF:25
FNH:0
FNDA:0,(anonymous_0)
FNDA:0,(anonymous_1)
FNDA:0,(anonymous_2)
FNDA:0,(anonymous_3)
FNDA:0,(anonymous_4)
FNDA:0,(anonymous_5)
FNDA:0,(anonymous_6)
FNDA:0,(anonymous_7)
FNDA:0,(anonymous_8)
FNDA:0,(anonymous_9)
FNDA:0,(anonymous_10)
FNDA:0,(anonymous_11)
FNDA:0,(anonymous_12)
FNDA:0,(anonymous_13)
FNDA:0,(anonymous_14)
FNDA:0,(anonymous_15)
FNDA:0,(anonymous_16)
FNDA:0,(anonymous_17)
FNDA:0,(anonymous_18)
FNDA:0,(anonymous_19)
FNDA:0,(anonymous_20)
FNDA:0,(anonymous_21)
FNDA:0,(anonymous_22)
FNDA:0,(anonymous_23)
FNDA:0,(anonymous_24)
DA:1,1
DA:2,1
DA:3,1
DA:4,1
DA:5,1
DA:6,1
DA:11,0
DA:12,0
DA:13,0
DA:15,1
DA:16,1
DA:22,0
DA:23,0
DA:24,0
DA:25,0
DA:26,0
DA:28,1
DA:34,0
DA:35,0
DA:37,1
DA:41,0
DA:43,1
DA:47,0
DA:48,0
DA:50,1
DA:56,0
DA:57,0
DA:58,0
DA:60,1
DA:65,0
DA:66,0
DA:67,0
DA:68,0
DA:69,0
DA:70,0
DA:72,1
DA:79,0
DA:80,0
DA:81,0
DA:82,0
DA:84,1
DA:89,0
DA:90,0
DA:92,1
DA:97,0
DA:98,0
DA:99,0
DA:101,1
DA:106,1
DA:112,0
DA:113,0
DA:115,1
DA:122,0
DA:123,0
DA:124,0
DA:125,0
DA:126,0
DA:128,1
DA:133,0
DA:134,0
DA:136,1
DA:142,0
DA:143,0
DA:145,1
DA:152,0
DA:153,0
DA:155,1
DA:162,1
DA:167,1
DA:172,0
DA:174,1
DA:180,1
DA:186,1
DA:191,0
DA:193,1
DA:199,1
DA:206,1
DA:211,0
DA:213,1
LF:79
LH:32
BRF:0
BRH:0
end_of_record
TN:
SF:C:\Users\Emma Ramirez\Code\Clickopolis\src\data\wonder-functions.ts
FN:6,(anonymous_0)
FN:11,(anonymous_1)
FN:16,(anonymous_2)
FNF:3
FNH:0
FNDA:0,(anonymous_0)
FNDA:0,(anonymous_1)
FNDA:0,(anonymous_2)
DA:1,1
DA:2,1
DA:3,1
DA:4,1
DA:5,1
DA:7,0
DA:8,0
DA:12,0
DA:13,0
DA:17,0
LF:10
LH:5
BRDA:7,0,0,0
BRDA:7,0,1,0
BRDA:8,1,0,0
BRDA:8,1,1,0
BRDA:12,2,0,0
BRDA:12,2,1,0
BRDA:17,3,0,0
BRDA:17,3,1,0
BRF:8
BRH:0
end_of_record
TN:
SF:C:\Users\Emma Ramirez\Code\Clickopolis\src\data\wonder.ts
FN:4,(anonymous_0)
FN:14,(anonymous_1)
FN:17,(anonymous_2)
FN:25,(anonymous_3)
FN:29,(anonymous_4)
FN:34,(anonymous_5)
FN:37,(anonymous_6)
FN:39,(anonymous_7)
FN:43,(anonymous_8)
FN:44,(anonymous_9)
FN:48,(anonymous_10)
FN:50,(anonymous_11)
FNF:12
FNH:0
FNDA:0,(anonymous_0)
FNDA:0,(anonymous_1)
FNDA:0,(anonymous_2)
FNDA:0,(anonymous_3)
FNDA:0,(anonymous_4)
FNDA:0,(anonymous_5)
FNDA:0,(anonymous_6)
FNDA:0,(anonymous_7)
FNDA:0,(anonymous_8)
FNDA:0,(anonymous_9)
FNDA:0,(anonymous_10)
FNDA:0,(anonymous_11)
DA:1,1
DA:2,1
DA:3,1
DA:4,1
DA:5,0
DA:6,0
DA:7,0
DA:8,0
DA:11,0
DA:12,0
DA:15,0
DA:17,1
DA:18,0
DA:19,0
DA:20,0
DA:23,0
DA:26,0
DA:27,0
DA:29,1
DA:30,0
DA:35,0
DA:37,1
DA:38,0
DA:40,0
DA:41,0
DA:43,1
DA:45,0
DA:46,0
DA:48,1
DA:49,0
DA:51,0
DA:52,0
DA:54,1
LF:33
LH:10
BRDA:5,0,0,0
BRDA:5,0,1,0
BRDA:18,1,0,0
BRDA:18,1,1,0
BRDA:30,2,0,0
BRDA:30,2,1,0
BRDA:30,3,0,0
BRDA:30,3,1,0
BRDA:30,3,2,0
BRDA:49,4,0,0
BRDA:49,4,1,0
BRF:11
BRH:0
end_of_record
TN:
SF:C:\Users\Emma Ramirez\Code\Clickopolis\src\utils\Partial.ts
FNF:0
FNH:0
DA:1,1
DA:2,1
LF:2
LH:2
BRF:0
BRH:0
end_of_record
TN:
SF:C:\Users\Emma Ramirez\Code\Clickopolis\src\utils\achievement.ts
FN:6,populateAchievements
FNF:1
FNH:0
FNDA:0,populateAchievements
DA:1,1
DA:2,1
DA:3,1
DA:4,1
DA:5,1
DA:7,0
DA:8,0
DA:9,0
DA:10,0
DA:11,0
DA:12,0
DA:15,1
LF:12
LH:6
BRF:0
BRH:0
end_of_record
TN:
SF:C:\Users\Emma Ramirez\Code\Clickopolis\src\utils\anger.ts
FN:7,generateAngerTooltip
FN:14,updateAngerMetric
FN:20,calculateAnger
FNF:3
FNH:0
FNDA:0,generateAngerTooltip
FNDA:0,updateAngerMetric
FNDA:0,calculateAnger
DA:1,1
DA:2,1
DA:3,1
DA:4,1
DA:5,1
DA:6,1
DA:8,0
DA:9,0
DA:10,0
DA:11,0
DA:13,1
DA:15,0
DA:16,0
DA:17,0
DA:19,1
DA:21,0
DA:22,0
DA:23,0
DA:24,0
DA:25,0
DA:27,1
LF:21
LH:9
BRDA:25,0,0,0
BRDA:25,0,1,0
BRF:2
BRH:0
end_of_record
TN:
SF:C:\Users\Emma Ramirez\Code\Clickopolis\src\utils\biome.ts
FN:9,resetBiomeSelected
FN:10,(anonymous_1)
FN:15,openBiomeSelect
FN:22,toggleBiomeSelectDropdown
FN:27,biomeSelection
FN:28,(anonymous_5)
FN:30,(anonymous_6)
FN:62,(anonymous_7)
FN:63,(anonymous_8)
FNF:9
FNH:0
FNDA:0,resetBiomeSelected
FNDA:0,(anonymous_1)
FNDA:0,openBiomeSelect
FNDA:0,toggleBiomeSelectDropdown
FNDA:0,biomeSelection
FNDA:0,(anonymous_5)
FNDA:0,(anonymous_6)
FNDA:0,(anonymous_7)
FNDA:0,(anonymous_8)
DA:1,1
DA:2,1
DA:3,1
DA:4,1
DA:5,1
DA:6,1
DA:7,1
DA:8,1
DA:10,0
DA:11,0
DA:14,1
DA:17,0
DA:18,0
DA:19,0
DA:21,1
DA:23,0
DA:24,0
DA:26,1
DA:28,0
DA:29,0
DA:30,0
DA:31,0
DA:33,0
DA:34,0
DA:36,0
DA:37,0
DA:38,0
DA:39,0
DA:40,0
DA:41,0
DA:44,0
DA:47,0
DA:48,0
DA:49,0
DA:50,0
DA:52,0
DA:53,0
DA:54,0
DA:56,0
DA:57,0
DA:58,0
DA:61,0
DA:62,0
DA:63,0
DA:64,0
DA:65,0
DA:66,0
DA:67,0
DA:68,0
DA:69,0
DA:70,0
DA:71,0
DA:72,0
DA:76,1
LF:54
LH:12
BRDA:17,0,0,0
BRDA:17,0,1,0
BRDA:24,1,0,0
BRDA:24,1,1,0
BRDA:33,2,0,0
BRDA:33,2,1,0
BRDA:36,3,0,0
BRDA:36,3,1,0
BRDA:40,4,0,0
BRDA:40,4,1,0
BRDA:47,5,0,0
BRDA:47,5,1,0
BRDA:49,6,0,0
BRDA:49,6,1,0
BRDA:56,7,0,0
BRDA:56,7,1,0
BRDA:56,8,0,0
BRDA:56,8,1,0
BRF:18
BRH:0
end_of_record
TN:
SF:C:\Users\Emma Ramirez\Code\Clickopolis\src\utils\citizens.ts
FN:8,populateCitizens
FN:17,generateCitizenPercents
FN:35,citizenClick
FN:37,(anonymous_3)
FN:38,(anonymous_4)
FN:67,citizenAmountHandler
FN:70,(anonymous_6)
FN:71,(anonymous_7)
FN:80,addCitizen
FNF:9
FNH:0
FNDA:0,populateCitizens
FNDA:0,generateCitizenPercents
FNDA:0,citizenClick
FNDA:0,(anonymous_3)
FNDA:0,(anonymous_4)
FNDA:0,citizenAmountHandler
FNDA:0,(anonymous_6)
FNDA:0,(anonymous_7)
FNDA:0,addCitizen
DA:1,1
DA:2,1
DA:3,1
DA:4,1
DA:5,1
DA:6,1
DA:7,1
DA:9,0
DA:10,0
DA:11,0
DA:12,0
DA:13,0
DA:16,1
DA:18,0
DA:19,0
DA:20,0
DA:21,0
DA:22,0
DA:23,0
DA:24,0
DA:25,0
DA:26,0
DA:27,0
DA:28,0
DA:29,0
DA:30,0
DA:34,1
DA:36,0
DA:37,0
DA:38,0
DA:39,0
DA:40,0
DA:41,0
DA:42,0
DA:43,0
DA:46,0
DA:47,0
DA:50,0
DA:51,0
DA:54,0
DA:55,0
DA:58,0
DA:66,1
DA:68,0
DA:69,0
DA:70,0
DA:71,0
DA:72,0
DA:73,0
DA:74,0
DA:75,0
DA:79,1
DA:81,0
DA:82,0
DA:83,0
DA:84,0
DA:85,0
DA:86,0
DA:87,0
DA:89,1
LF:60
LH:12
BRDA:23,0,0,0
BRDA:23,0,1,0
BRDA:42,1,0,0
BRDA:42,1,1,0
BRDA:46,2,0,0
BRDA:46,2,1,0
BRDA:46,3,0,0
BRDA:46,3,1,0
BRDA:46,3,2,0
BRDA:50,4,0,0
BRDA:50,4,1,0
BRDA:50,5,0,0
BRDA:50,5,1,0
BRDA:54,6,0,0
BRDA:54,6,1,0
BRDA:73,7,0,0
BRDA:73,7,1,0
BRF:17
BRH:0
end_of_record
TN:
SF:C:\Users\Emma Ramirez\Code\Clickopolis\src\utils\culture.ts
FN:6,addCulture
FN:9,(anonymous_1)
FN:12,(anonymous_2)
FN:17,createCultureCardSlots
FN:25,populateCultureCards
FN:35,cultureCardEvents
FN:37,(anonymous_6)
FN:40,(anonymous_7)
FN:56,(anonymous_8)
FN:66,(anonymous_9)
FN:80,(anonymous_10)
FN:82,(anonymous_11)
FN:85,(anonymous_12)
FN:89,(anonymous_13)
FN:92,(anonymous_14)
FNF:15
FNH:0
FNDA:0,addCulture
FNDA:0,(anonymous_1)
FNDA:0,(anonymous_2)
FNDA:0,createCultureCardSlots
FNDA:0,populateCultureCards
FNDA:0,cultureCardEvents
FNDA:0,(anonymous_6)
FNDA:0,(anonymous_7)
FNDA:0,(anonymous_8)
FNDA:0,(anonymous_9)
FNDA:0,(anonymous_10)
FNDA:0,(anonymous_11)
FNDA:0,(anonymous_12)
FNDA:0,(anonymous_13)
FNDA:0,(anonymous_14)
DA:1,1
DA:2,1
DA:3,1
DA:4,1
DA:5,1
DA:7,0
DA:8,0
DA:9,0
DA:10,0
DA:12,0
DA:13,0
DA:16,1
DA:18,0
DA:19,0
DA:20,0
DA:21,0
DA:24,1
DA:26,0
DA:27,0
DA:28,0
DA:29,0
DA:30,0
DA:33,1
DA:36,0
DA:37,0
DA:38,0
DA:39,0
DA:40,0
DA:41,0
DA:42,0
DA:43,0
DA:44,0
DA:45,0
DA:46,0
DA:49,0
DA:53,0
DA:56,0
DA:57,0
DA:58,0
DA:59,0
DA:60,0
DA:61,0
DA:62,0
DA:63,0
DA:66,0
DA:67,0
DA:68,0
DA:69,0
DA:72,0
DA:73,0
DA:76,0
DA:80,0
DA:82,0
DA:83,0
DA:85,0
DA:86,0
DA:87,0
DA:89,0
DA:90,0
DA:92,0
DA:93,0
DA:94,0
DA:95,0
DA:96,0
DA:97,0
DA:98,0
DA:99,0
DA:100,0
DA:101,0
DA:102,0
DA:103,0
DA:104,0
DA:105,0
DA:106,0
DA:112,1
LF:75
LH:9
BRDA:41,0,0,0
BRDA:41,0,1,0
BRDA:42,1,0,0
BRDA:42,1,1,0
BRDA:57,2,0,0
BRDA:57,2,1,0
BRDA:60,3,0,0
BRDA:60,3,1,0
BRDA:67,4,0,0
BRDA:67,4,1,0
BRDA:67,5,0,0
BRDA:67,5,1,0
BRDA:72,6,0,0
BRDA:72,6,1,0
BRDA:93,7,0,0
BRDA:93,7,1,0
BRDA:95,8,0,0
BRDA:95,8,1,0
BRF:18
BRH:0
end_of_record
TN:
SF:C:\Users\Emma Ramirez\Code\Clickopolis\src\utils\debug.ts
FN:5,debugHandlers
FNF:1
FNH:0
FNDA:0,debugHandlers
DA:1,1
DA:2,1
DA:3,1
DA:4,1
DA:7,1
LF:5
LH:5
BRF:0
BRH:0
end_of_record
TN:
SF:C:\Users\Emma Ramirez\Code\Clickopolis\src\utils\economy.ts
FN:5,addCash
FN:11,(anonymous_1)
FN:16,getEconomyStatus
FN:19,updateCashPM
FN:20,(anonymous_4)
FNF:5
FNH:0
FNDA:0,addCash
FNDA:0,(anonymous_1)
FNDA:0,getEconomyStatus
FNDA:0,updateCashPM
FNDA:0,(anonymous_4)
DA:1,1
DA:2,1
DA:3,1
DA:4,1
DA:6,0
DA:7,0
DA:8,0
DA:9,0
DA:10,0
DA:11,0
DA:12,0
DA:15,1
DA:18,1
DA:20,0
DA:21,0
DA:24,1
LF:16
LH:7
BRF:0
BRH:0
end_of_record
TN:
SF:C:\Users\Emma Ramirez\Code\Clickopolis\src\utils\events.ts
FN:7,choose
FN:12,(anonymous_1)
FN:21,(anonymous_2)
FN:31,(anonymous_3)
FN:41,(anonymous_4)
FN:51,(anonymous_5)
FN:60,(anonymous_6)
FN:69,(anonymous_7)
FN:79,(anonymous_8)
FN:89,(anonymous_9)
FN:98,(anonymous_10)
FN:107,(anonymous_11)
FN:115,(anonymous_12)
FN:125,(anonymous_13)
FN:126,(anonymous_14)
FN:130,rollEvent
FNF:16
FNH:0
FNDA:0,choose
FNDA:0,(anonymous_1)
FNDA:0,(anonymous_2)
FNDA:0,(anonymous_3)
FNDA:0,(anonymous_4)
FNDA:0,(anonymous_5)
FNDA:0,(anonymous_6)
FNDA:0,(anonymous_7)
FNDA:0,(anonymous_8)
FNDA:0,(anonymous_9)
FNDA:0,(anonymous_10)
FNDA:0,(anonymous_11)
FNDA:0,(anonymous_12)
FNDA:0,(anonymous_13)
FNDA:0,(anonymous_14)
FNDA:0,rollEvent
DA:1,1
DA:2,1
DA:3,1
DA:4,1
DA:5,1
DA:6,1
DA:8,0
DA:10,1
DA:13,0
DA:14,0
DA:15,0
DA:22,0
DA:23,0
DA:24,0
DA:25,0
DA:32,0
DA:33,0
DA:34,0
DA:35,0
DA:42,0
DA:43,0
DA:44,0
DA:45,0
DA:52,0
DA:53,0
DA:55,0
DA:61,0
DA:62,0
DA:63,0
DA:70,0
DA:71,0
DA:72,0
DA:73,0
DA:80,0
DA:81,0
DA:82,0
DA:83,0
DA:90,0
DA:91,0
DA:92,0
DA:99,0
DA:100,0
DA:102,0
DA:108,0
DA:109,0
DA:110,0
DA:116,0
DA:117,0
DA:118,0
DA:119,0
DA:125,1
DA:126,0
DA:127,0
DA:131,0
DA:133,0
DA:134,0
DA:135,0
DA:136,0
DA:138,0
DA:139,0
DA:140,0
DA:142,0
DA:143,0
DA:144,0
DA:146,0
DA:148,1
LF:66
LH:9
BRDA:14,0,0,0
BRDA:14,0,1,0
BRDA:24,1,0,0
BRDA:24,1,1,0
BRDA:34,2,0,0
BRDA:34,2,1,0
BRDA:44,3,0,0
BRDA:44,3,1,0
BRDA:52,4,0,0
BRDA:52,4,1,0
BRDA:52,5,0,0
BRDA:52,5,1,0
BRDA:62,6,0,0
BRDA:62,6,1,0
BRDA:72,7,0,0
BRDA:72,7,1,0
BRDA:82,8,0,0
BRDA:82,8,1,0
BRDA:91,9,0,0
BRDA:91,9,1,0
BRDA:99,10,0,0
BRDA:99,10,1,0
BRDA:118,11,0,0
BRDA:118,11,1,0
BRDA:134,12,0,0
BRDA:134,12,1,0
BRDA:138,13,0,0
BRDA:138,13,1,0
BRDA:138,14,0,0
BRDA:138,14,1,0
BRDA:142,15,0,0
BRDA:142,15,1,0
BRDA:142,16,0,0
BRDA:142,16,1,0
BRF:34
BRH:0
end_of_record
TN:
SF:C:\Users\Emma Ramirez\Code\Clickopolis\src\utils\faith.ts
FN:7,addFaith
FN:18,updateFaithElts
FN:19,(anonymous_2)
FN:22,(anonymous_3)
FN:27,populateFaithBonuses
FN:36,faithBonusClick
FN:38,(anonymous_6)
FN:39,(anonymous_7)
FN:80,disableBonuses
FN:91,enableBonuses
FN:101,updateFaithBonuses
FN:104,(anonymous_11)
FNF:12
FNH:0
FNDA:0,addFaith
FNDA:0,updateFaithElts
FNDA:0,(anonymous_2)
FNDA:0,(anonymous_3)
FNDA:0,populateFaithBonuses
FNDA:0,faithBonusClick
FNDA:0,(anonymous_6)
FNDA:0,(anonymous_7)
FNDA:0,disableBonuses
FNDA:0,enableBonuses
FNDA:0,updateFaithBonuses
FNDA:0,(anonymous_11)
DA:1,1
DA:2,1
DA:3,1
DA:4,1
DA:5,1
DA:6,1
DA:8,0
DA:9,0
DA:10,0
DA:11,0
DA:14,0
DA:17,1
DA:19,0
DA:20,0
DA:22,0
DA:23,0
DA:26,1
DA:28,0
DA:29,0
DA:30,0
DA:31,0
DA:32,0
DA:35,1
DA:37,0
DA:38,0
DA:39,0
DA:40,0
DA:41,0
DA:42,0
DA:43,0
DA:44,0
DA:45,0
DA:48,0
DA:49,0
DA:50,0
DA:51,0
DA:52,0
DA:53,0
DA:54,0
DA:55,0
DA:56,0
DA:57,0
DA:58,0
DA:59,0
DA:60,0
DA:61,0
DA:62,0
DA:65,0
DA:66,0
DA:69,0
DA:74,0
DA:79,1
DA:81,0
DA:82,0
DA:83,0
DA:84,0
DA:85,0
DA:86,0
DA:90,1
DA:92,0
DA:93,0
DA:94,0
DA:95,0
DA:96,0
DA:100,1
DA:102,0
DA:103,0
DA:104,0
DA:105,0
DA:106,0
DA:109,1
LF:71
LH:13
BRDA:10,0,0,0
BRDA:10,0,1,0
BRDA:43,1,0,0
BRDA:43,1,1,0
BRDA:44,2,0,0
BRDA:44,2,1,0
BRDA:48,3,0,0
BRDA:48,3,1,0
BRDA:56,4,0,0
BRDA:56,4,1,0
BRDA:59,5,0,0
BRDA:59,5,1,0
BRDA:84,6,0,0
BRDA:84,6,1,0
BRDA:84,7,0,0
BRDA:84,7,1,0
BRDA:94,8,0,0
BRDA:94,8,1,0
BRF:18
BRH:0
end_of_record
TN:
SF:C:\Users\Emma Ramirez\Code\Clickopolis\src\utils\goldenage.ts
FN:5,addGoldenAgePoints
FN:29,updateGoldenAgePoints
FNF:2
FNH:0
FNDA:0,addGoldenAgePoints
FNDA:0,updateGoldenAgePoints
DA:1,1
DA:2,1
DA:3,1
DA:4,1
DA:6,0
DA:7,0
DA:8,0
DA:9,0
DA:10,0
DA:11,0
DA:12,0
DA:13,0
DA:14,0
DA:17,0
DA:18,0
DA:19,0
DA:21,0
DA:22,0
DA:25,0
DA:28,1
DA:30,0
DA:32,1
LF:22
LH:6
BRDA:11,0,0,0
BRDA:11,0,1,0
BRDA:21,1,0,0
BRDA:21,1,1,0
BRF:4
BRH:0
end_of_record
TN:
SF:C:\Users\Emma Ramirez\Code\Clickopolis\src\utils\happiness.ts
FN:7,generateHappinessTooltip
FN:14,updateHappinessMetric
FN:20,calculateHappiness
FN:22,(anonymous_3)
FNF:4
FNH:0
FNDA:0,generateHappinessTooltip
FNDA:0,updateHappinessMetric
FNDA:0,calculateHappiness
FNDA:0,(anonymous_3)
DA:1,1
DA:2,1
DA:3,1
DA:4,1
DA:5,1
DA:6,1
DA:8,0
DA:9,0
DA:10,0
DA:11,0
DA:13,1
DA:15,0
DA:16,0
DA:17,0
DA:19,1
DA:21,0
DA:22,0
DA:23,0
DA:24,0
DA:25,0
DA:26,0
DA:27,0
DA:29,0
DA:30,0
DA:31,0
DA:32,0
DA:33,0
DA:35,1
LF:28
LH:9
BRDA:33,0,0,0
BRDA:33,0,1,0
BRF:2
BRH:0
end_of_record
TN:
SF:C:\Users\Emma Ramirez\Code\Clickopolis\src\utils\health.ts
FN:6,generateHealthTooltip
FN:13,updateHealthMetric
FN:18,calculateHealth
FN:20,(anonymous_3)
FNF:4
FNH:0
FNDA:0,generateHealthTooltip
FNDA:0,updateHealthMetric
FNDA:0,calculateHealth
FNDA:0,(anonymous_3)
DA:1,1
DA:2,1
DA:3,1
DA:4,1
DA:5,1
DA:7,0
DA:8,0
DA:9,0
DA:10,0
DA:12,1
DA:14,0
DA:15,0
DA:17,1
DA:19,0
DA:20,0
DA:21,0
DA:22,0
DA:23,0
DA:25,0
DA:26,0
DA:27,0
DA:28,0
DA:30,1
LF:23
LH:8
BRDA:28,0,0,0
BRDA:28,0,1,0
BRF:2
BRH:0
end_of_record
TN:
SF:C:\Users\Emma Ramirez\Code\Clickopolis\src\utils\index.ts
FNF:0
FNH:0
DA:1,1
DA:2,1
DA:3,1
DA:4,1
DA:5,1
DA:6,1
DA:7,1
DA:8,1
DA:9,1
DA:10,1
DA:11,1
DA:12,1
DA:13,1
DA:14,1
DA:15,1
DA:16,1
DA:17,1
DA:18,1
DA:19,1
DA:20,1
DA:21,1
DA:22,1
DA:23,1
DA:24,1
DA:25,1
DA:26,1
DA:27,1
DA:28,1
DA:29,1
DA:30,1
DA:31,1
DA:32,1
DA:33,1
DA:34,1
DA:35,1
DA:36,1
DA:37,1
DA:38,1
DA:39,1
DA:40,1
DA:41,1
DA:42,1
DA:43,1
DA:44,1
DA:45,1
DA:46,1
DA:47,1
DA:48,1
DA:49,1
DA:50,1
DA:51,1
DA:52,1
DA:53,1
DA:54,1
DA:55,1
DA:56,1
DA:57,1
DA:58,1
DA:59,1
DA:60,1
DA:61,1
DA:62,1
DA:63,1
DA:64,1
DA:65,1
DA:66,1
DA:67,1
DA:68,1
DA:69,1
DA:70,1
DA:71,1
DA:72,1
DA:73,1
DA:74,1
DA:75,1
DA:76,1
DA:77,1
DA:78,1
LF:78
LH:78
BRF:0
BRH:0
end_of_record
TN:
SF:C:\Users\Emma Ramirez\Code\Clickopolis\src\utils\land.ts
FN:6,setLandAmount
FN:15,setLandPercent
FNF:2
FNH:0
FNDA:0,setLandAmount
FNDA:0,setLandPercent
DA:1,1
DA:2,1
DA:3,1
DA:4,1
DA:5,1
DA:7,0
DA:8,0
DA:9,0
DA:10,0
DA:11,0
DA:12,0
DA:14,1
DA:16,0
DA:17,0
DA:18,0
DA:19,0
DA:22,0
DA:24,0
DA:26,1
LF:19
LH:7
BRDA:18,0,0,0
BRDA:18,0,1,0
BRF:2
BRH:0
end_of_record
TN:
SF:C:\Users\Emma Ramirez\Code\Clickopolis\src\utils\legacy.ts
FN:7,renderLegacyLevel
FN:10,updateLegacy
FN:15,calculateLegacy
FN:18,renderLegacyData
FN:23,renderLegacyUpgradeData
FN:26,renderLegacyBonus
FN:29,populateLegacy
FN:38,legacyBonusClickEvent
FN:65,legacyBonusClick
FN:67,(anonymous_9)
FN:68,(anonymous_10)
FN:72,updateLegacyElts
FN:76,legacyBonusCheck
FNF:13
FNH:0
FNDA:0,renderLegacyLevel
FNDA:0,updateLegacy
FNDA:0,calculateLegacy
FNDA:0,renderLegacyData
FNDA:0,renderLegacyUpgradeData
FNDA:0,renderLegacyBonus
FNDA:0,populateLegacy
FNDA:0,legacyBonusClickEvent
FNDA:0,legacyBonusClick
FNDA:0,(anonymous_9)
FNDA:0,(anonymous_10)
FNDA:0,updateLegacyElts
FNDA:0,legacyBonusCheck
DA:1,1
DA:2,1
DA:3,1
DA:4,1
DA:5,1
DA:6,1
DA:8,0
DA:11,0
DA:12,0
DA:14,1
DA:17,1
DA:19,0
DA:20,0
DA:21,0
DA:24,0
DA:27,0
DA:30,0
DA:31,0
DA:32,0
DA:33,0
DA:34,0
DA:37,1
DA:39,0
DA:40,0
DA:41,0
DA:42,0
DA:43,0
DA:44,0
DA:45,0
DA:46,0
DA:47,0
DA:48,0
DA:49,0
DA:50,0
DA:51,0
DA:53,0
DA:54,0
DA:56,0
DA:57,0
DA:62,0
DA:63,0
DA:66,0
DA:67,0
DA:68,0
DA:71,1
DA:73,0
DA:75,1
DA:77,0
DA:78,0
DA:79,0
DA:80,0
DA:84,1
LF:52
LH:12
BRDA:24,0,0,0
BRDA:24,0,1,0
BRDA:43,1,0,0
BRDA:43,1,1,0
BRDA:43,2,0,0
BRDA:43,2,1,0
BRDA:50,3,0,0
BRDA:50,3,1,0
BRDA:53,4,0,0
BRDA:53,4,1,0
BRDA:56,5,0,0
BRDA:56,5,1,0
BRDA:79,6,0,0
BRDA:79,6,1,0
BRF:14
BRH:0
end_of_record
TN:
SF:C:\Users\Emma Ramirez\Code\Clickopolis\src\utils\military.ts
FN:6,renderUnitStats
FN:9,renderUnit
FN:13,getTotal
FN:14,(anonymous_3)
FN:16,(anonymous_4)
FN:20,calculateTotalStrength
FN:24,calculateTotalDefense
FN:28,getTotalUnits
FN:29,(anonymous_8)
FN:31,(anonymous_9)
FN:36,calculateTotalMilitaryStats
FN:57,populateMilitary
FN:70,militaryUnitChange
FN:71,(anonymous_13)
FN:72,(anonymous_14)
FNF:15
FNH:0
FNDA:0,renderUnitStats
FNDA:0,renderUnit
FNDA:0,getTotal
FNDA:0,(anonymous_3)
FNDA:0,(anonymous_4)
FNDA:0,calculateTotalStrength
FNDA:0,calculateTotalDefense
FNDA:0,getTotalUnits
FNDA:0,(anonymous_8)
FNDA:0,(anonymous_9)
FNDA:0,calculateTotalMilitaryStats
FNDA:0,populateMilitary
FNDA:0,militaryUnitChange
FNDA:0,(anonymous_13)
FNDA:0,(anonymous_14)
DA:1,1
DA:2,1
DA:3,1
DA:4,1
DA:5,1
DA:7,0
DA:10,0
DA:12,1
DA:14,0
DA:15,0
DA:17,0
DA:21,0
DA:22,0
DA:25,0
DA:26,0
DA:29,0
DA:30,0
DA:32,0
DA:34,0
DA:37,0
DA:38,0
DA:39,0
DA:40,0
DA:41,0
DA:42,0
DA:43,0
DA:44,0
DA:45,0
DA:46,0
DA:47,0
DA:49,0
DA:50,0
DA:51,0
DA:52,0
DA:53,0
DA:54,0
DA:55,0
DA:58,0
DA:59,0
DA:60,0
DA:61,0
DA:62,0
DA:63,0
DA:65,0
DA:66,0
DA:67,0
DA:69,1
DA:71,0
DA:72,0
DA:73,0
DA:74,0
DA:75,0
DA:76,0
DA:77,0
DA:78,0
DA:79,0
DA:80,0
DA:81,0
DA:82,0
DA:85,0
DA:89,0
DA:90,0
DA:94,0
DA:95,0
DA:98,0
DA:101,0
DA:102,0
DA:106,1
LF:68
LH:8
BRDA:63,0,0,0
BRDA:63,0,1,0
BRDA:78,1,0,0
BRDA:78,1,1,0
BRDA:79,2,0,0
BRDA:79,2,1,0
BRDA:80,3,0,0
BRDA:80,3,1,0
BRDA:94,4,0,0
BRDA:94,4,1,0
BRF:10
BRH:0
end_of_record
TN:
SF:C:\Users\Emma Ramirez\Code\Clickopolis\src\utils\pollution.ts
FN:6,generatePollutionTooltip
FN:13,updatePollutionMetric
FN:18,calculatePollution
FN:20,(anonymous_3)
FNF:4
FNH:0
FNDA:0,generatePollutionTooltip
FNDA:0,updatePollutionMetric
FNDA:0,calculatePollution
FNDA:0,(anonymous_3)
DA:1,1
DA:2,1
DA:3,1
DA:4,1
DA:5,1
DA:7,0
DA:8,0
DA:9,0
DA:10,0
DA:12,1
DA:14,0
DA:15,0
DA:17,1
DA:19,0
DA:20,0
DA:21,0
DA:22,0
DA:24,0
DA:25,0
DA:26,0
DA:27,0
DA:28,0
DA:30,1
LF:23
LH:8
BRDA:28,0,0,0
BRDA:28,0,1,0
BRF:2
BRH:0
end_of_record
TN:
SF:C:\Users\Emma Ramirez\Code\Clickopolis\src\utils\population.ts
FN:9,checkUnemployed
FN:15,updatePopulationEmployed
FN:19,checkPopulationGrowthCost
FN:31,updatePopulation
FN:43,(anonymous_4)
FNF:5
FNH:0
FNDA:0,checkUnemployed
FNDA:0,updatePopulationEmployed
FNDA:0,checkPopulationGrowthCost
FNDA:0,updatePopulation
FNDA:0,(anonymous_4)
DA:1,1
DA:2,1
DA:3,1
DA:4,1
DA:5,1
DA:6,1
DA:7,1
DA:8,1
DA:10,0
DA:11,0
DA:14,1
DA:16,0
DA:18,1
DA:20,0
DA:21,0
DA:22,0
DA:23,0
DA:26,0
DA:27,0
DA:30,1
DA:32,0
DA:33,0
DA:34,0
DA:35,0
DA:36,0
DA:37,0
DA:38,0
DA:39,0
DA:40,0
DA:41,0
DA:42,0
DA:43,0
DA:44,0
DA:46,0
DA:48,0
DA:50,0
DA:52,0
DA:54,0
DA:56,0
DA:58,0
DA:60,0
DA:62,0
DA:64,0
DA:66,0
DA:69,0
DA:70,0
DA:71,0
DA:72,0
DA:73,0
DA:74,0
DA:75,0
DA:76,0
DA:77,0
DA:78,0
DA:80,1
LF:55
LH:12
BRDA:10,0,0,0
BRDA:10,0,1,0
BRDA:21,1,0,0
BRDA:21,1,1,0
BRDA:44,2,0,0
BRDA:44,2,1,0
BRDA:44,2,2,0
BRDA:44,2,3,0
BRDA:44,2,4,0
BRDA:44,2,5,0
BRDA:44,2,6,0
BRDA:44,2,7,0
BRDA:44,2,8,0
BRDA:44,2,9,0
BRDA:44,2,10,0
BRF:15
BRH:0
end_of_record
TN:
SF:C:\Users\Emma Ramirez\Code\Clickopolis\src\utils\tech.ts
FN:4,unlockTech
FN:14,unlockTechs
FNF:2
FNH:0
FNDA:0,unlockTech
FNDA:0,unlockTechs
DA:1,1
DA:2,1
DA:3,1
DA:5,0
DA:6,0
DA:7,0
DA:10,0
DA:13,1
DA:15,0
DA:17,1
LF:10
LH:5
BRDA:5,0,0,0
BRDA:5,0,1,0
BRF:2
BRH:0
end_of_record
TN:
SF:C:\Users\Emma Ramirez\Code\Clickopolis\src\utils\utils.ts
FN:3,(anonymous_0)
FN:8,bindElement
FN:10,(anonymous_2)
FN:16,(anonymous_3)
FN:17,Utils
FN:19,(anonymous_5)
FN:37,(anonymous_6)
FN:40,(anonymous_7)
FN:43,(anonymous_8)
FN:46,(anonymous_9)
FN:53,(anonymous_10)
FN:57,(anonymous_11)
FN:59,(anonymous_12)
FN:67,(anonymous_13)
FN:69,render
FN:75,(anonymous_15)
FN:79,(anonymous_16)
FN:94,(anonymous_17)
FN:99,(anonymous_18)
FN:104,(anonymous_19)
FN:109,(anonymous_20)
FN:115,(anonymous_21)
FN:116,(anonymous_22)
FN:120,(anonymous_23)
FN:125,(anonymous_24)
FN:130,(anonymous_25)
FN:135,(anonymous_26)
FNF:27
FNH:4
FNDA:0,(anonymous_0)
FNDA:0,bindElement
FNDA:0,(anonymous_2)
FNDA:1,(anonymous_3)
FNDA:26,Utils
FNDA:0,(anonymous_5)
FNDA:0,(anonymous_6)
FNDA:6,(anonymous_7)
FNDA:0,(anonymous_8)
FNDA:4,(anonymous_9)
FNDA:0,(anonymous_10)
FNDA:0,(anonymous_11)
FNDA:0,(anonymous_12)
FNDA:0,(anonymous_13)
FNDA:0,render
FNDA:0,(anonymous_15)
FNDA:0,(anonymous_16)
FNDA:0,(anonymous_17)
FNDA:0,(anonymous_18)
FNDA:0,(anonymous_19)
FNDA:0,(anonymous_20)
FNDA:0,(anonymous_21)
FNDA:0,(anonymous_22)
FNDA:0,(anonymous_23)
FNDA:0,(anonymous_24)
FNDA:0,(anonymous_25)
FNDA:0,(anonymous_26)
DA:1,1
DA:2,1
DA:3,1
DA:4,0
DA:5,0
DA:9,0
DA:10,0
DA:11,0
DA:14,1
DA:16,1
DA:19,1
DA:20,0
DA:21,0
DA:22,0
DA:23,0
DA:24,0
DA:25,0
DA:26,0
DA:27,0
DA:28,0
DA:29,0
DA:31,0
DA:32,0
DA:35,0
DA:37,1
DA:38,0
DA:40,1
DA:41,6
DA:43,1
DA:44,0
DA:46,1
DA:47,4
DA:48,4
DA:49,4
DA:51,0
DA:53,1
DA:54,0
DA:55,0
DA:57,1
DA:59,0
DA:60,0
DA:61,0
DA:62,0
DA:64,0
DA:67,1
DA:68,0
DA:70,0
DA:71,0
DA:73,0
DA:75,1
DA:76,0
DA:77,0
DA:79,1
DA:81,0
DA:82,0
DA:85,0
DA:86,0
DA:89,0
DA:92,0
DA:94,1
DA:95,0
DA:96,0
DA:97,0
DA:99,1
DA:100,0
DA:101,0
DA:102,0
DA:104,1
DA:105,0
DA:106,0
DA:107,0
DA:109,1
DA:110,0
DA:111,0
DA:112,0
DA:113,0
DA:115,1
DA:116,0
DA:117,0
DA:120,1
DA:121,0
DA:122,0
DA:123,0
DA:125,1
DA:126,0
DA:127,0
DA:128,0
DA:130,1
DA:131,0
DA:132,0
DA:133,0
DA:135,1
DA:136,0
DA:137,0
DA:138,0
DA:140,1
DA:142,1
LF:97
LH:30
BRDA:20,0,0,0
BRDA:20,0,1,0
BRDA:25,1,0,0
BRDA:25,1,1,0
BRDA:27,2,0,0
BRDA:27,2,1,0
BRDA:27,3,0,0
BRDA:27,3,1,0
BRDA:47,4,0,4
BRDA:47,4,1,0
BRDA:48,5,0,4
BRDA:48,5,1,0
BRDA:60,6,0,0
BRDA:60,6,1,0
BRDA:61,7,0,0
BRDA:61,7,1,0
BRDA:68,8,0,0
BRDA:68,8,1,0
BRDA:81,9,0,0
BRDA:81,9,1,0
BRDA:85,10,0,0
BRDA:85,10,1,0
BRDA:86,11,0,0
BRDA:86,11,1,0
BRDA:89,12,0,0
BRDA:89,12,1,0
BRDA:89,13,0,0
BRDA:89,13,1,0
BRDA:113,14,0,0
BRDA:113,14,1,0
BRDA:113,15,0,0
BRDA:113,15,1,0
BRDA:113,16,0,0
BRDA:113,16,1,0
BRF:34
BRH:2
end_of_record
